04 Jul 2024 13:59:51,292 system - system - system  INFO SQLAdjustLogger - 
73408106 SELECT t0.k0 AS jkey0 FROM w0jdfkjsd0ref t0 LEFT JOIN w0jdfkjsd1ref t1 ON t1.k0=t0.k0 WHERE (t0.e0 IS NOT NULL AND (t1.e0 IS NULL OR localtimestamp<>localtimestamp))
	FAILED TIMEOUT (100) - NEXT FROM : step : 0 timeout : 100 
		 TO : step : 1 timeout : 21600000000 Import data
Import objects : Reflection.TableColumn 'Column'

THREAD :Thread[pool-9-taskRunner-pool-8,5,main]
	at lsfusion.base.ExceptionUtils.getStackTrace(ExceptionUtils.java:26)
	at lsfusion.server.physics.admin.log.ServerLoggers.adjustLog(ServerLoggers.java:112)
	at lsfusion.server.physics.admin.log.ServerLoggers.adjustLog(ServerLoggers.java:124)
	at lsfusion.server.data.query.exec.materialize.AdjustMaterializedExecuteEnvironment.log(AdjustMaterializedExecuteEnvironment.java:208)
	at lsfusion.server.data.query.exec.materialize.AdjustMaterializedExecuteEnvironment.innerFailed(AdjustMaterializedExecuteEnvironment.java:186)
	at lsfusion.server.data.query.exec.materialize.AdjustMaterializedExecuteEnvironment.failed(AdjustMaterializedExecuteEnvironment.java:194)
	at lsfusion.server.data.query.exec.materialize.AdjustMaterializedExecuteEnvironment.failed(AdjustMaterializedExecuteEnvironment.java:1)
	at lsfusion.server.data.sql.SQLSession.executeCommand(SQLSession.java:2038)
	at lsfusion.server.data.sql.SQLSession.executeDML(SQLSession.java:2002)
	at lsfusion.server.data.sql.SQLSession.executeDML(SQLSession.java:1562)
	at lsfusion.server.data.sql.SQLSession.insertSessionSelect(SQLSession.java:2703)
	at lsfusion.server.data.sql.SQLSession.insertSessionSelect(SQLSession.java:2729)
	at lsfusion.server.data.table.SessionData$2.fill(SessionData.java:179)
	at lsfusion.server.data.sql.table.SQLTemporaryPool.fillData(SQLTemporaryPool.java:122)
	at lsfusion.server.data.sql.SQLSession.getTemporaryTable(SQLSession.java:1178)
	at lsfusion.server.data.sql.SQLSession.createTemporaryTable(SQLSession.java:1088)
	at lsfusion.server.data.table.SessionData.write(SessionData.java:176)
	at lsfusion.server.data.table.SessionData.rewrite(SessionData.java:228)
	at lsfusion.server.logics.action.session.table.SessionTableUsage.writeRows(SessionTableUsage.java:220)
	at lsfusion.server.logics.action.session.table.SessionTableUsage.writeRows(SessionTableUsage.java:211)
	at lsfusion.server.logics.action.data.PropertyOrderSet.materialize(PropertyOrderSet.java:98)
	at lsfusion.server.logics.action.session.DataSession.addObjects(DataSession.java:630)
	at lsfusion.server.physics.dev.integration.service.ImportKey.synchronize_aroundBody0(ImportKey.java:94)
	at lsfusion.server.physics.dev.integration.service.ImportKey$AjcClosure1.run(ImportKey.java:1)
	at org.aspectj.runtime.reflect.JoinPointImpl.proceed(JoinPointImpl.java:149)
	at lsfusion.server.base.controller.stack.ExecutionStackAspect.processStackItem(ExecutionStackAspect.java:312)
	at lsfusion.server.base.controller.stack.ExecutionStackAspect.ajc$inlineAccessMethod$lsfusion_server_base_controller_stack_ExecutionStackAspect$lsfusion_server_base_controller_stack_ExecutionStackAspect$processStackItem(ExecutionStackAspect.java:1)
	at lsfusion.server.base.controller.stack.ExecutionStackAspect.callTwinMethod(ExecutionStackAspect.java:205)
	at lsfusion.server.physics.dev.integration.service.ImportKey.synchronize(ImportKey.java:88)
	at lsfusion.server.physics.dev.integration.service.IntegrationService.synchronize_aroundBody0(IntegrationService.java:99)
	at lsfusion.server.physics.dev.integration.service.IntegrationService$AjcClosure1.run(IntegrationService.java:1)
	at org.aspectj.runtime.reflect.JoinPointImpl.proceed(JoinPointImpl.java:149)
	at lsfusion.server.base.controller.stack.ExecutionStackAspect.processStackItem(ExecutionStackAspect.java:312)
	at lsfusion.server.base.controller.stack.ExecutionStackAspect.ajc$inlineAccessMethod$lsfusion_server_base_controller_stack_ExecutionStackAspect$lsfusion_server_base_controller_stack_ExecutionStackAspect$processStackItem(ExecutionStackAspect.java:1)
	at lsfusion.server.base.controller.stack.ExecutionStackAspect.callTwinMethod(ExecutionStackAspect.java:205)
	at lsfusion.server.physics.dev.integration.service.IntegrationService.synchronize(IntegrationService.java:78)
	at lsfusion.server.physics.admin.reflection.controller.manager.ReflectionManager.synchronizeTables(ReflectionManager.java:823)
	at lsfusion.server.physics.admin.reflection.controller.init.SyncTablesTask.runSync(SyncTablesTask.java:14)
	at lsfusion.server.physics.admin.reflection.controller.init.SyncTask.run(SyncTask.java:21)
	at lsfusion.server.base.task.Task.proceed(Task.java:154)
	at lsfusion.server.base.task.Task$1.aspectRun(Task.java:112)
	at lsfusion.server.base.controller.thread.ExecutorFactory$AspectRunnable.run(ExecutorFactory.java:475)
	at java.base/java.util.concurrent.ThreadPoolExecutor.runWorker(ThreadPoolExecutor.java:1136)
	at java.base/java.util.concurrent.ThreadPoolExecutor$Worker.run(ThreadPoolExecutor.java:635)
	at java.base/java.lang.Thread.run(Thread.java:833)
	at lsfusion.server.base.controller.thread.ExecutorFactory$ClosableDaemonThreadFactory$ClosableThread.run(ExecutorFactory.java:554)

04 Jul 2024 13:59:51,574 system - system - system  INFO SQLAdjustLogger - 
73408106 SELECT t0.k0 AS jkey0 FROM w0jdfkjsd0ref t0 LEFT JOIN w0jdfkjsd1ref t1 ON t1.k0=t0.k0 WHERE (t0.e0 IS NOT NULL AND (t1.e0 IS NULL OR localtimestamp<>localtimestamp))
	SUCCEEDED (AFTER FAILURE) TIME (6 OF 21600000000) : step : 1 timeout : 21600000000 Import data
Import objects : Reflection.TableColumn 'Column'

THREAD :Thread[pool-9-taskRunner-pool-8,5,main]
	at lsfusion.base.ExceptionUtils.getStackTrace(ExceptionUtils.java:26)
	at lsfusion.server.physics.admin.log.ServerLoggers.adjustLog(ServerLoggers.java:112)
	at lsfusion.server.physics.admin.log.ServerLoggers.adjustLog(ServerLoggers.java:124)
	at lsfusion.server.data.query.exec.materialize.AdjustMaterializedExecuteEnvironment.log(AdjustMaterializedExecuteEnvironment.java:208)
	at lsfusion.server.data.query.exec.materialize.AdjustMaterializedExecuteEnvironment.succeeded(AdjustMaterializedExecuteEnvironment.java:177)
	at lsfusion.server.data.query.exec.materialize.AdjustMaterializedExecuteEnvironment.succeeded(AdjustMaterializedExecuteEnvironment.java:1)
	at lsfusion.server.data.sql.SQLSession.executeCommand(SQLSession.java:2026)
	at lsfusion.server.data.sql.SQLSession.executeCommand(SQLSession.java:2053)
	at lsfusion.server.data.sql.SQLSession.executeDML(SQLSession.java:2002)
	at lsfusion.server.data.sql.SQLSession.executeDML(SQLSession.java:1562)
	at lsfusion.server.data.sql.SQLSession.insertSessionSelect(SQLSession.java:2703)
	at lsfusion.server.data.sql.SQLSession.insertSessionSelect(SQLSession.java:2729)
	at lsfusion.server.data.table.SessionData$2.fill(SessionData.java:179)
	at lsfusion.server.data.sql.table.SQLTemporaryPool.fillData(SQLTemporaryPool.java:122)
	at lsfusion.server.data.sql.SQLSession.getTemporaryTable(SQLSession.java:1178)
	at lsfusion.server.data.sql.SQLSession.createTemporaryTable(SQLSession.java:1088)
	at lsfusion.server.data.table.SessionData.write(SessionData.java:176)
	at lsfusion.server.data.table.SessionData.rewrite(SessionData.java:228)
	at lsfusion.server.logics.action.session.table.SessionTableUsage.writeRows(SessionTableUsage.java:220)
	at lsfusion.server.logics.action.session.table.SessionTableUsage.writeRows(SessionTableUsage.java:211)
	at lsfusion.server.logics.action.data.PropertyOrderSet.materialize(PropertyOrderSet.java:98)
	at lsfusion.server.logics.action.session.DataSession.addObjects(DataSession.java:630)
	at lsfusion.server.physics.dev.integration.service.ImportKey.synchronize_aroundBody0(ImportKey.java:94)
	at lsfusion.server.physics.dev.integration.service.ImportKey$AjcClosure1.run(ImportKey.java:1)
	at org.aspectj.runtime.reflect.JoinPointImpl.proceed(JoinPointImpl.java:149)
	at lsfusion.server.base.controller.stack.ExecutionStackAspect.processStackItem(ExecutionStackAspect.java:312)
	at lsfusion.server.base.controller.stack.ExecutionStackAspect.ajc$inlineAccessMethod$lsfusion_server_base_controller_stack_ExecutionStackAspect$lsfusion_server_base_controller_stack_ExecutionStackAspect$processStackItem(ExecutionStackAspect.java:1)
	at lsfusion.server.base.controller.stack.ExecutionStackAspect.callTwinMethod(ExecutionStackAspect.java:205)
	at lsfusion.server.physics.dev.integration.service.ImportKey.synchronize(ImportKey.java:88)
	at lsfusion.server.physics.dev.integration.service.IntegrationService.synchronize_aroundBody0(IntegrationService.java:99)
	at lsfusion.server.physics.dev.integration.service.IntegrationService$AjcClosure1.run(IntegrationService.java:1)
	at org.aspectj.runtime.reflect.JoinPointImpl.proceed(JoinPointImpl.java:149)
	at lsfusion.server.base.controller.stack.ExecutionStackAspect.processStackItem(ExecutionStackAspect.java:312)
	at lsfusion.server.base.controller.stack.ExecutionStackAspect.ajc$inlineAccessMethod$lsfusion_server_base_controller_stack_ExecutionStackAspect$lsfusion_server_base_controller_stack_ExecutionStackAspect$processStackItem(ExecutionStackAspect.java:1)
	at lsfusion.server.base.controller.stack.ExecutionStackAspect.callTwinMethod(ExecutionStackAspect.java:205)
	at lsfusion.server.physics.dev.integration.service.IntegrationService.synchronize(IntegrationService.java:78)
	at lsfusion.server.physics.admin.reflection.controller.manager.ReflectionManager.synchronizeTables(ReflectionManager.java:823)
	at lsfusion.server.physics.admin.reflection.controller.init.SyncTablesTask.runSync(SyncTablesTask.java:14)
	at lsfusion.server.physics.admin.reflection.controller.init.SyncTask.run(SyncTask.java:21)
	at lsfusion.server.base.task.Task.proceed(Task.java:154)
	at lsfusion.server.base.task.Task$1.aspectRun(Task.java:112)
	at lsfusion.server.base.controller.thread.ExecutorFactory$AspectRunnable.run(ExecutorFactory.java:475)
	at java.base/java.util.concurrent.ThreadPoolExecutor.runWorker(ThreadPoolExecutor.java:1136)
	at java.base/java.util.concurrent.ThreadPoolExecutor$Worker.run(ThreadPoolExecutor.java:635)
	at java.base/java.lang.Thread.run(Thread.java:833)
	at lsfusion.server.base.controller.thread.ExecutorFactory$ClosableDaemonThreadFactory$ClosableThread.run(ExecutorFactory.java:554)

04 Jul 2024 13:59:51,843 system - system - system  INFO SQLAdjustLogger - 
-2104367062 SELECT t0.k0 AS jkey0,t1.e0 AS jprop0,t2.Reflection_table_TableColumn AS jprop1 FROM w0jdfkjsd0ref t0 LEFT JOIN w0jdfkjsd1ref t1 ON t1.k0=t0.k0 JOIN Reflection_tableColumn t2 ON t2.key0=t0.k0 WHERE (t0.e0 IS NOT NULL AND (t2.Reflection_table_TableColumn IS NULL OR t1.e0 IS NULL OR NOT t2.Reflection_table_TableColumn=t1.e0))
	FAILED TIMEOUT (100) - NEXT FROM : step : 0 timeout : 100 
		 TO : step : 1 timeout : 100 Import data
Materializing property change : Reflection.table[Reflection.TableColumn] 'Table' [Reflection(235:43)]

THREAD :Thread[pool-9-taskRunner-pool-8,5,main]
	at lsfusion.base.ExceptionUtils.getStackTrace(ExceptionUtils.java:26)
	at lsfusion.server.physics.admin.log.ServerLoggers.adjustLog(ServerLoggers.java:112)
	at lsfusion.server.physics.admin.log.ServerLoggers.adjustLog(ServerLoggers.java:124)
	at lsfusion.server.data.query.exec.materialize.AdjustMaterializedExecuteEnvironment.log(AdjustMaterializedExecuteEnvironment.java:208)
	at lsfusion.server.data.query.exec.materialize.AdjustMaterializedExecuteEnvironment.innerFailed(AdjustMaterializedExecuteEnvironment.java:186)
	at lsfusion.server.data.query.exec.materialize.AdjustMaterializedExecuteEnvironment.failed(AdjustMaterializedExecuteEnvironment.java:194)
	at lsfusion.server.data.query.exec.materialize.AdjustMaterializedExecuteEnvironment.failed(AdjustMaterializedExecuteEnvironment.java:1)
	at lsfusion.server.data.sql.SQLSession.executeCommand(SQLSession.java:2038)
	at lsfusion.server.data.sql.SQLSession.executeDML(SQLSession.java:2002)
	at lsfusion.server.data.sql.SQLSession.executeDML(SQLSession.java:1562)
	at lsfusion.server.data.sql.SQLSession.insertSessionSelect(SQLSession.java:2703)
	at lsfusion.server.data.sql.SQLSession.insertSessionSelect(SQLSession.java:2729)
	at lsfusion.server.data.table.SessionData$2.fill(SessionData.java:179)
	at lsfusion.server.data.sql.table.SQLTemporaryPool.fillData(SQLTemporaryPool.java:122)
	at lsfusion.server.data.sql.SQLSession.getTemporaryTable(SQLSession.java:1178)
	at lsfusion.server.data.sql.SQLSession.createTemporaryTable(SQLSession.java:1088)
	at lsfusion.server.data.table.SessionData.write(SessionData.java:176)
	at lsfusion.server.data.table.SessionData.rewrite(SessionData.java:228)
	at lsfusion.server.logics.action.session.table.SessionTableUsage.writeRows(SessionTableUsage.java:220)
	at lsfusion.server.logics.action.session.table.SessionTableUsage.writeRows(SessionTableUsage.java:211)
	at lsfusion.server.logics.action.session.change.PropertyChange.writeRows(PropertyChange.java:252)
	at lsfusion.server.logics.action.session.change.PropertyChange.materialize_aroundBody4(PropertyChange.java:310)
	at lsfusion.server.logics.action.session.change.PropertyChange$AjcClosure5.run(PropertyChange.java:1)
	at org.aspectj.runtime.reflect.JoinPointImpl.proceed(JoinPointImpl.java:149)
	at lsfusion.server.base.controller.stack.ExecutionStackAspect.processStackItem(ExecutionStackAspect.java:312)
	at lsfusion.server.base.controller.stack.ExecutionStackAspect.ajc$inlineAccessMethod$lsfusion_server_base_controller_stack_ExecutionStackAspect$lsfusion_server_base_controller_stack_ExecutionStackAspect$processStackItem(ExecutionStackAspect.java:1)
	at lsfusion.server.base.controller.stack.ExecutionStackAspect.callTwinMethod(ExecutionStackAspect.java:205)
	at lsfusion.server.logics.action.session.change.PropertyChange.materialize(PropertyChange.java:308)
	at lsfusion.server.logics.action.session.change.PropertyChange.materialize(PropertyChange.java:304)
	at lsfusion.server.physics.dev.integration.service.IntegrationService.synchronize_aroundBody0(IntegrationService.java:108)
	at lsfusion.server.physics.dev.integration.service.IntegrationService$AjcClosure1.run(IntegrationService.java:1)
	at org.aspectj.runtime.reflect.JoinPointImpl.proceed(JoinPointImpl.java:149)
	at lsfusion.server.base.controller.stack.ExecutionStackAspect.processStackItem(ExecutionStackAspect.java:312)
	at lsfusion.server.base.controller.stack.ExecutionStackAspect.ajc$inlineAccessMethod$lsfusion_server_base_controller_stack_ExecutionStackAspect$lsfusion_server_base_controller_stack_ExecutionStackAspect$processStackItem(ExecutionStackAspect.java:1)
	at lsfusion.server.base.controller.stack.ExecutionStackAspect.callTwinMethod(ExecutionStackAspect.java:205)
	at lsfusion.server.physics.dev.integration.service.IntegrationService.synchronize(IntegrationService.java:78)
	at lsfusion.server.physics.admin.reflection.controller.manager.ReflectionManager.synchronizeTables(ReflectionManager.java:823)
	at lsfusion.server.physics.admin.reflection.controller.init.SyncTablesTask.runSync(SyncTablesTask.java:14)
	at lsfusion.server.physics.admin.reflection.controller.init.SyncTask.run(SyncTask.java:21)
	at lsfusion.server.base.task.Task.proceed(Task.java:154)
	at lsfusion.server.base.task.Task$1.aspectRun(Task.java:112)
	at lsfusion.server.base.controller.thread.ExecutorFactory$AspectRunnable.run(ExecutorFactory.java:475)
	at java.base/java.util.concurrent.ThreadPoolExecutor.runWorker(ThreadPoolExecutor.java:1136)
	at java.base/java.util.concurrent.ThreadPoolExecutor$Worker.run(ThreadPoolExecutor.java:635)
	at java.base/java.lang.Thread.run(Thread.java:833)
	at lsfusion.server.base.controller.thread.ExecutorFactory$ClosableDaemonThreadFactory$ClosableThread.run(ExecutorFactory.java:554)

04 Jul 2024 13:59:52,020 system - system - system  INFO SQLAdjustLogger - 
-2104367062 SELECT t0.k0 AS jkey0,t1.e0 AS jprop0,t2.Reflection_table_TableColumn AS jprop1 FROM w0jdfkjsd0ref t0 LEFT JOIN w0jdfkjsd1ref t1 ON t1.k0=t0.k0 JOIN Reflection_tableColumn t2 ON t2.key0=t0.k0 WHERE (t0.e0 IS NOT NULL AND (t2.Reflection_table_TableColumn IS NULL OR t1.e0 IS NULL OR NOT t2.Reflection_table_TableColumn=t1.e0))
	step : 1 timeout : 100  -770695469 (SELECT t0.k0 AS k0,(SELECT jprop0 FROM (SELECT w1t0.key0 AS jkey0,w1t0.key0 AS jprop0 FROM Reflection_tableColumn w1t0 JOIN Reflection_tables w1t1 ON w1t1.key0=w1t0.Reflection_table_TableColumn WHERE CAST((CAST((w1t1.Reflection_sid_Table || CAST('.' AS varchar(1))) AS varchar(101)) || w1t0.Reflection_sid_TableColumn) AS varchar(201))=t0.k0 LIMIT 1) w1w1LEALIAS) AS e0 FROM w0jdfkjsd0ref t0 WHERE t0.e0 IS NOT NULL)
		FAILED TIMEOUT (100) - NEXT FROM : step : 0 timeout : 100 
			 TO : step : 1 timeout : 21600000000 Import data
Materializing property change : Reflection.table[Reflection.TableColumn] 'Table' [Reflection(235:43)]
Materializing subquery : (SELECT t0.k0 AS k0,(SELECT jprop0 FROM (SELECT w1t0.key0 AS jkey0,w1t0.key0 AS jprop0 FROM Reflection_tableColumn w1t0 JOIN Reflection_tables w1t1 ON w1t1.key0=w1t0.Reflection_table_TableColumn WHERE CAST((CAST((w1t1.Reflection_sid_Table || CAST('.' AS varchar(1))) AS varchar(101)) || w1t0.Reflection_sid_TableColumn) AS varchar(201))=t0.k0 LIMIT 1) w1w1LEALIAS) AS e0 FROM w0jdfkjsd0ref t0 WHERE t0.e0 IS NOT NULL)

THREAD :Thread[pool-9-taskRunner-pool-8,5,main]
	at lsfusion.base.ExceptionUtils.getStackTrace(ExceptionUtils.java:26)
	at lsfusion.server.physics.admin.log.ServerLoggers.adjustLog(ServerLoggers.java:112)
	at lsfusion.server.physics.admin.log.ServerLoggers.adjustLog(ServerLoggers.java:124)
	at lsfusion.server.data.query.exec.materialize.AdjustMaterializedExecuteEnvironment.log(AdjustMaterializedExecuteEnvironment.java:208)
	at lsfusion.server.data.query.exec.materialize.AdjustMaterializedExecuteEnvironment.innerFailed(AdjustMaterializedExecuteEnvironment.java:186)
	at lsfusion.server.data.query.exec.materialize.AdjustMaterializedExecuteEnvironment.failed(AdjustMaterializedExecuteEnvironment.java:194)
	at lsfusion.server.data.query.exec.materialize.AdjustMaterializedExecuteEnvironment.failed(AdjustMaterializedExecuteEnvironment.java:1)
	at lsfusion.server.data.sql.SQLSession.executeCommand(SQLSession.java:2038)
	at lsfusion.server.data.sql.SQLSession.executeDML(SQLSession.java:2002)
	at lsfusion.server.data.sql.SQLSession.executeDML(SQLSession.java:1562)
	at lsfusion.server.data.sql.SQLSession.insertSessionSelect(SQLSession.java:2703)
	at lsfusion.server.data.sql.SQLQuery$1.fill(SQLQuery.java:396)
	at lsfusion.server.data.sql.table.SQLTemporaryPool.fillData(SQLTemporaryPool.java:122)
	at lsfusion.server.data.sql.SQLSession.getTemporaryTable(SQLSession.java:1178)
	at lsfusion.server.data.sql.SQLQuery.materialize_aroundBody0(SQLQuery.java:392)
	at lsfusion.server.data.sql.SQLQuery$AjcClosure1.run(SQLQuery.java:1)
	at org.aspectj.runtime.reflect.JoinPointImpl.proceed(JoinPointImpl.java:149)
	at lsfusion.server.base.controller.stack.ExecutionStackAspect.processStackItem(ExecutionStackAspect.java:312)
	at lsfusion.server.base.controller.stack.ExecutionStackAspect.ajc$inlineAccessMethod$lsfusion_server_base_controller_stack_ExecutionStackAspect$lsfusion_server_base_controller_stack_ExecutionStackAspect$processStackItem(ExecutionStackAspect.java:1)
	at lsfusion.server.base.controller.stack.ExecutionStackAspect.callTwinMethod(ExecutionStackAspect.java:205)
	at lsfusion.server.data.sql.SQLQuery.materialize(SQLQuery.java:378)
	at lsfusion.server.data.query.exec.materialize.AdjustMaterializedExecuteEnvironment$Snapshot.beforeOuter(AdjustMaterializedExecuteEnvironment.java:604)
	at lsfusion.server.data.sql.SQLSession.executeCommand(SQLSession.java:2016)
	at lsfusion.server.data.sql.SQLSession.executeCommand(SQLSession.java:2053)
	at lsfusion.server.data.sql.SQLSession.executeDML(SQLSession.java:2002)
	at lsfusion.server.data.sql.SQLSession.executeDML(SQLSession.java:1562)
	at lsfusion.server.data.sql.SQLSession.insertSessionSelect(SQLSession.java:2703)
	at lsfusion.server.data.sql.SQLSession.insertSessionSelect(SQLSession.java:2729)
	at lsfusion.server.data.table.SessionData$2.fill(SessionData.java:179)
	at lsfusion.server.data.sql.table.SQLTemporaryPool.fillData(SQLTemporaryPool.java:122)
	at lsfusion.server.data.sql.SQLSession.getTemporaryTable(SQLSession.java:1178)
	at lsfusion.server.data.sql.SQLSession.createTemporaryTable(SQLSession.java:1088)
	at lsfusion.server.data.table.SessionData.write(SessionData.java:176)
	at lsfusion.server.data.table.SessionData.rewrite(SessionData.java:228)
	at lsfusion.server.logics.action.session.table.SessionTableUsage.writeRows(SessionTableUsage.java:220)
	at lsfusion.server.logics.action.session.table.SessionTableUsage.writeRows(SessionTableUsage.java:211)
	at lsfusion.server.logics.action.session.change.PropertyChange.writeRows(PropertyChange.java:252)
	at lsfusion.server.logics.action.session.change.PropertyChange.materialize_aroundBody4(PropertyChange.java:310)
	at lsfusion.server.logics.action.session.change.PropertyChange$AjcClosure5.run(PropertyChange.java:1)
	at org.aspectj.runtime.reflect.JoinPointImpl.proceed(JoinPointImpl.java:149)
	at lsfusion.server.base.controller.stack.ExecutionStackAspect.processStackItem(ExecutionStackAspect.java:312)
	at lsfusion.server.base.controller.stack.ExecutionStackAspect.ajc$inlineAccessMethod$lsfusion_server_base_controller_stack_ExecutionStackAspect$lsfusion_server_base_controller_stack_ExecutionStackAspect$processStackItem(ExecutionStackAspect.java:1)
	at lsfusion.server.base.controller.stack.ExecutionStackAspect.callTwinMethod(ExecutionStackAspect.java:205)
	at lsfusion.server.logics.action.session.change.PropertyChange.materialize(PropertyChange.java:308)
	at lsfusion.server.logics.action.session.change.PropertyChange.materialize(PropertyChange.java:304)
	at lsfusion.server.physics.dev.integration.service.IntegrationService.synchronize_aroundBody0(IntegrationService.java:108)
	at lsfusion.server.physics.dev.integration.service.IntegrationService$AjcClosure1.run(IntegrationService.java:1)
	at org.aspectj.runtime.reflect.JoinPointImpl.proceed(JoinPointImpl.java:149)
	at lsfusion.server.base.controller.stack.ExecutionStackAspect.processStackItem(ExecutionStackAspect.java:312)
	at lsfusion.server.base.controller.stack.ExecutionStackAspect.ajc$inlineAccessMethod$lsfusion_server_base_controller_stack_ExecutionStackAspect$lsfusion_server_base_controller_stack_ExecutionStackAspect$processStackItem(ExecutionStackAspect.java:1)
	at lsfusion.server.base.controller.stack.ExecutionStackAspect.callTwinMethod(ExecutionStackAspect.java:205)
	at lsfusion.server.physics.dev.integration.service.IntegrationService.synchronize(IntegrationService.java:78)
	at lsfusion.server.physics.admin.reflection.controller.manager.ReflectionManager.synchronizeTables(ReflectionManager.java:823)
	at lsfusion.server.physics.admin.reflection.controller.init.SyncTablesTask.runSync(SyncTablesTask.java:14)
	at lsfusion.server.physics.admin.reflection.controller.init.SyncTask.run(SyncTask.java:21)
	at lsfusion.server.base.task.Task.proceed(Task.java:154)
	at lsfusion.server.base.task.Task$1.aspectRun(Task.java:112)
	at lsfusion.server.base.controller.thread.ExecutorFactory$AspectRunnable.run(ExecutorFactory.java:475)
	at java.base/java.util.concurrent.ThreadPoolExecutor.runWorker(ThreadPoolExecutor.java:1136)
	at java.base/java.util.concurrent.ThreadPoolExecutor$Worker.run(ThreadPoolExecutor.java:635)
	at java.base/java.lang.Thread.run(Thread.java:833)
	at lsfusion.server.base.controller.thread.ExecutorFactory$ClosableDaemonThreadFactory$ClosableThread.run(ExecutorFactory.java:554)

04 Jul 2024 13:59:52,233 system - system - system  INFO SQLAdjustLogger - 
-2104367062 SELECT t0.k0 AS jkey0,t1.e0 AS jprop0,t2.Reflection_table_TableColumn AS jprop1 FROM w0jdfkjsd0ref t0 LEFT JOIN w0jdfkjsd1ref t1 ON t1.k0=t0.k0 JOIN Reflection_tableColumn t2 ON t2.key0=t0.k0 WHERE (t0.e0 IS NOT NULL AND (t2.Reflection_table_TableColumn IS NULL OR t1.e0 IS NULL OR NOT t2.Reflection_table_TableColumn=t1.e0))
	step : 1 timeout : 100  -770695469 (SELECT t0.k0 AS k0,(SELECT jprop0 FROM (SELECT w1t0.key0 AS jkey0,w1t0.key0 AS jprop0 FROM Reflection_tableColumn w1t0 JOIN Reflection_tables w1t1 ON w1t1.key0=w1t0.Reflection_table_TableColumn WHERE CAST((CAST((w1t1.Reflection_sid_Table || CAST('.' AS varchar(1))) AS varchar(101)) || w1t0.Reflection_sid_TableColumn) AS varchar(201))=t0.k0 LIMIT 1) w1w1LEALIAS) AS e0 FROM w0jdfkjsd0ref t0 WHERE t0.e0 IS NOT NULL)
		SUCCEEDED (AFTER FAILURE) TIME (192 OF 21600000000) : step : 1 timeout : 21600000000 Import data
Materializing property change : Reflection.table[Reflection.TableColumn] 'Table' [Reflection(235:43)]
Materializing subquery : (SELECT t0.k0 AS k0,(SELECT jprop0 FROM (SELECT w1t0.key0 AS jkey0,w1t0.key0 AS jprop0 FROM Reflection_tableColumn w1t0 JOIN Reflection_tables w1t1 ON w1t1.key0=w1t0.Reflection_table_TableColumn WHERE CAST((CAST((w1t1.Reflection_sid_Table || CAST('.' AS varchar(1))) AS varchar(101)) || w1t0.Reflection_sid_TableColumn) AS varchar(201))=t0.k0 LIMIT 1) w1w1LEALIAS) AS e0 FROM w0jdfkjsd0ref t0 WHERE t0.e0 IS NOT NULL)

THREAD :Thread[pool-9-taskRunner-pool-8,5,main]
	at lsfusion.base.ExceptionUtils.getStackTrace(ExceptionUtils.java:26)
	at lsfusion.server.physics.admin.log.ServerLoggers.adjustLog(ServerLoggers.java:112)
	at lsfusion.server.physics.admin.log.ServerLoggers.adjustLog(ServerLoggers.java:124)
	at lsfusion.server.data.query.exec.materialize.AdjustMaterializedExecuteEnvironment.log(AdjustMaterializedExecuteEnvironment.java:208)
	at lsfusion.server.data.query.exec.materialize.AdjustMaterializedExecuteEnvironment.succeeded(AdjustMaterializedExecuteEnvironment.java:177)
	at lsfusion.server.data.query.exec.materialize.AdjustMaterializedExecuteEnvironment.succeeded(AdjustMaterializedExecuteEnvironment.java:1)
	at lsfusion.server.data.sql.SQLSession.executeCommand(SQLSession.java:2026)
	at lsfusion.server.data.sql.SQLSession.executeCommand(SQLSession.java:2053)
	at lsfusion.server.data.sql.SQLSession.executeDML(SQLSession.java:2002)
	at lsfusion.server.data.sql.SQLSession.executeDML(SQLSession.java:1562)
	at lsfusion.server.data.sql.SQLSession.insertSessionSelect(SQLSession.java:2703)
	at lsfusion.server.data.sql.SQLQuery$1.fill(SQLQuery.java:396)
	at lsfusion.server.data.sql.table.SQLTemporaryPool.fillData(SQLTemporaryPool.java:122)
	at lsfusion.server.data.sql.SQLSession.getTemporaryTable(SQLSession.java:1178)
	at lsfusion.server.data.sql.SQLQuery.materialize_aroundBody0(SQLQuery.java:392)
	at lsfusion.server.data.sql.SQLQuery$AjcClosure1.run(SQLQuery.java:1)
	at org.aspectj.runtime.reflect.JoinPointImpl.proceed(JoinPointImpl.java:149)
	at lsfusion.server.base.controller.stack.ExecutionStackAspect.processStackItem(ExecutionStackAspect.java:312)
	at lsfusion.server.base.controller.stack.ExecutionStackAspect.ajc$inlineAccessMethod$lsfusion_server_base_controller_stack_ExecutionStackAspect$lsfusion_server_base_controller_stack_ExecutionStackAspect$processStackItem(ExecutionStackAspect.java:1)
	at lsfusion.server.base.controller.stack.ExecutionStackAspect.callTwinMethod(ExecutionStackAspect.java:205)
	at lsfusion.server.data.sql.SQLQuery.materialize(SQLQuery.java:378)
	at lsfusion.server.data.query.exec.materialize.AdjustMaterializedExecuteEnvironment$Snapshot.beforeOuter(AdjustMaterializedExecuteEnvironment.java:604)
	at lsfusion.server.data.sql.SQLSession.executeCommand(SQLSession.java:2016)
	at lsfusion.server.data.sql.SQLSession.executeCommand(SQLSession.java:2053)
	at lsfusion.server.data.sql.SQLSession.executeDML(SQLSession.java:2002)
	at lsfusion.server.data.sql.SQLSession.executeDML(SQLSession.java:1562)
	at lsfusion.server.data.sql.SQLSession.insertSessionSelect(SQLSession.java:2703)
	at lsfusion.server.data.sql.SQLSession.insertSessionSelect(SQLSession.java:2729)
	at lsfusion.server.data.table.SessionData$2.fill(SessionData.java:179)
	at lsfusion.server.data.sql.table.SQLTemporaryPool.fillData(SQLTemporaryPool.java:122)
	at lsfusion.server.data.sql.SQLSession.getTemporaryTable(SQLSession.java:1178)
	at lsfusion.server.data.sql.SQLSession.createTemporaryTable(SQLSession.java:1088)
	at lsfusion.server.data.table.SessionData.write(SessionData.java:176)
	at lsfusion.server.data.table.SessionData.rewrite(SessionData.java:228)
	at lsfusion.server.logics.action.session.table.SessionTableUsage.writeRows(SessionTableUsage.java:220)
	at lsfusion.server.logics.action.session.table.SessionTableUsage.writeRows(SessionTableUsage.java:211)
	at lsfusion.server.logics.action.session.change.PropertyChange.writeRows(PropertyChange.java:252)
	at lsfusion.server.logics.action.session.change.PropertyChange.materialize_aroundBody4(PropertyChange.java:310)
	at lsfusion.server.logics.action.session.change.PropertyChange$AjcClosure5.run(PropertyChange.java:1)
	at org.aspectj.runtime.reflect.JoinPointImpl.proceed(JoinPointImpl.java:149)
	at lsfusion.server.base.controller.stack.ExecutionStackAspect.processStackItem(ExecutionStackAspect.java:312)
	at lsfusion.server.base.controller.stack.ExecutionStackAspect.ajc$inlineAccessMethod$lsfusion_server_base_controller_stack_ExecutionStackAspect$lsfusion_server_base_controller_stack_ExecutionStackAspect$processStackItem(ExecutionStackAspect.java:1)
	at lsfusion.server.base.controller.stack.ExecutionStackAspect.callTwinMethod(ExecutionStackAspect.java:205)
	at lsfusion.server.logics.action.session.change.PropertyChange.materialize(PropertyChange.java:308)
	at lsfusion.server.logics.action.session.change.PropertyChange.materialize(PropertyChange.java:304)
	at lsfusion.server.physics.dev.integration.service.IntegrationService.synchronize_aroundBody0(IntegrationService.java:108)
	at lsfusion.server.physics.dev.integration.service.IntegrationService$AjcClosure1.run(IntegrationService.java:1)
	at org.aspectj.runtime.reflect.JoinPointImpl.proceed(JoinPointImpl.java:149)
	at lsfusion.server.base.controller.stack.ExecutionStackAspect.processStackItem(ExecutionStackAspect.java:312)
	at lsfusion.server.base.controller.stack.ExecutionStackAspect.ajc$inlineAccessMethod$lsfusion_server_base_controller_stack_ExecutionStackAspect$lsfusion_server_base_controller_stack_ExecutionStackAspect$processStackItem(ExecutionStackAspect.java:1)
	at lsfusion.server.base.controller.stack.ExecutionStackAspect.callTwinMethod(ExecutionStackAspect.java:205)
	at lsfusion.server.physics.dev.integration.service.IntegrationService.synchronize(IntegrationService.java:78)
	at lsfusion.server.physics.admin.reflection.controller.manager.ReflectionManager.synchronizeTables(ReflectionManager.java:823)
	at lsfusion.server.physics.admin.reflection.controller.init.SyncTablesTask.runSync(SyncTablesTask.java:14)
	at lsfusion.server.physics.admin.reflection.controller.init.SyncTask.run(SyncTask.java:21)
	at lsfusion.server.base.task.Task.proceed(Task.java:154)
	at lsfusion.server.base.task.Task$1.aspectRun(Task.java:112)
	at lsfusion.server.base.controller.thread.ExecutorFactory$AspectRunnable.run(ExecutorFactory.java:475)
	at java.base/java.util.concurrent.ThreadPoolExecutor.runWorker(ThreadPoolExecutor.java:1136)
	at java.base/java.util.concurrent.ThreadPoolExecutor$Worker.run(ThreadPoolExecutor.java:635)
	at java.base/java.lang.Thread.run(Thread.java:833)
	at lsfusion.server.base.controller.thread.ExecutorFactory$ClosableDaemonThreadFactory$ClosableThread.run(ExecutorFactory.java:554)

04 Jul 2024 13:59:52,454 system - system - system  INFO SQLAdjustLogger - 
-2104367062 SELECT t0.k0 AS jkey0,t1.e0 AS jprop0,t2.Reflection_table_TableColumn AS jprop1 FROM w0jdfkjsd0ref t0 LEFT JOIN w0jdfkjsd1ref t1 ON t1.k0=t0.k0 JOIN Reflection_tableColumn t2 ON t2.key0=t0.k0 WHERE (t0.e0 IS NOT NULL AND (t2.Reflection_table_TableColumn IS NULL OR t1.e0 IS NULL OR NOT t2.Reflection_table_TableColumn=t1.e0))
	step : 1 timeout : 100  418292097 (SELECT t0.k0 AS k0,(SELECT jprop0 FROM (SELECT w1t1.k0 AS jkey0,w1t2.e0 AS jprop0 FROM qwer0ffd w1t1 JOIN w1jdfkjsd0ref w1t0 ON w1t0.k0=w1t1.p20 JOIN w1jdfkjsd1ref w1t2 ON w1t2.k0=w1t1.p00 WHERE (w1t2.e0 IS NOT NULL AND w1t0.e0=t0.k0) ORDER BY 2 DESC NULLS LAST LIMIT 1) w1w1LEALIAS) AS e0 FROM w0jdfkjsd0ref t0 WHERE t0.e0 IS NOT NULL)
		FAILED TIMEOUT (100) - NEXT FROM : step : 0 timeout : 100 
			 TO : step : 1 timeout : 21600000000 Import data
Materializing property change : Reflection.table[Reflection.TableColumn] 'Table' [Reflection(235:43)]
Materializing subquery : (SELECT t0.k0 AS k0,(SELECT jprop0 FROM (SELECT w1t1.k0 AS jkey0,w1t2.e0 AS jprop0 FROM qwer0ffd w1t1 JOIN w1jdfkjsd0ref w1t0 ON w1t0.k0=w1t1.p20 JOIN w1jdfkjsd1ref w1t2 ON w1t2.k0=w1t1.p00 WHERE (w1t2.e0 IS NOT NULL AND w1t0.e0=t0.k0) ORDER BY 2 DESC NULLS LAST LIMIT 1) w1w1LEALIAS) AS e0 FROM w0jdfkjsd0ref t0 WHERE t0.e0 IS NOT NULL)

THREAD :Thread[pool-9-taskRunner-pool-8,5,main]
	at lsfusion.base.ExceptionUtils.getStackTrace(ExceptionUtils.java:26)
	at lsfusion.server.physics.admin.log.ServerLoggers.adjustLog(ServerLoggers.java:112)
	at lsfusion.server.physics.admin.log.ServerLoggers.adjustLog(ServerLoggers.java:124)
	at lsfusion.server.data.query.exec.materialize.AdjustMaterializedExecuteEnvironment.log(AdjustMaterializedExecuteEnvironment.java:208)
	at lsfusion.server.data.query.exec.materialize.AdjustMaterializedExecuteEnvironment.innerFailed(AdjustMaterializedExecuteEnvironment.java:186)
	at lsfusion.server.data.query.exec.materialize.AdjustMaterializedExecuteEnvironment.failed(AdjustMaterializedExecuteEnvironment.java:194)
	at lsfusion.server.data.query.exec.materialize.AdjustMaterializedExecuteEnvironment.failed(AdjustMaterializedExecuteEnvironment.java:1)
	at lsfusion.server.data.sql.SQLSession.executeCommand(SQLSession.java:2038)
	at lsfusion.server.data.sql.SQLSession.executeDML(SQLSession.java:2002)
	at lsfusion.server.data.sql.SQLSession.executeDML(SQLSession.java:1562)
	at lsfusion.server.data.sql.SQLSession.insertSessionSelect(SQLSession.java:2703)
	at lsfusion.server.data.sql.SQLQuery$1.fill(SQLQuery.java:396)
	at lsfusion.server.data.sql.table.SQLTemporaryPool.fillData(SQLTemporaryPool.java:122)
	at lsfusion.server.data.sql.SQLSession.getTemporaryTable(SQLSession.java:1178)
	at lsfusion.server.data.sql.SQLQuery.materialize_aroundBody0(SQLQuery.java:392)
	at lsfusion.server.data.sql.SQLQuery$AjcClosure1.run(SQLQuery.java:1)
	at org.aspectj.runtime.reflect.JoinPointImpl.proceed(JoinPointImpl.java:149)
	at lsfusion.server.base.controller.stack.ExecutionStackAspect.processStackItem(ExecutionStackAspect.java:312)
	at lsfusion.server.base.controller.stack.ExecutionStackAspect.ajc$inlineAccessMethod$lsfusion_server_base_controller_stack_ExecutionStackAspect$lsfusion_server_base_controller_stack_ExecutionStackAspect$processStackItem(ExecutionStackAspect.java:1)
	at lsfusion.server.base.controller.stack.ExecutionStackAspect.callTwinMethod(ExecutionStackAspect.java:205)
	at lsfusion.server.data.sql.SQLQuery.materialize(SQLQuery.java:378)
	at lsfusion.server.data.query.exec.materialize.AdjustMaterializedExecuteEnvironment$Snapshot.beforeOuter(AdjustMaterializedExecuteEnvironment.java:604)
	at lsfusion.server.data.sql.SQLSession.executeCommand(SQLSession.java:2016)
	at lsfusion.server.data.sql.SQLSession.executeCommand(SQLSession.java:2053)
	at lsfusion.server.data.sql.SQLSession.executeDML(SQLSession.java:2002)
	at lsfusion.server.data.sql.SQLSession.executeDML(SQLSession.java:1562)
	at lsfusion.server.data.sql.SQLSession.insertSessionSelect(SQLSession.java:2703)
	at lsfusion.server.data.sql.SQLSession.insertSessionSelect(SQLSession.java:2729)
	at lsfusion.server.data.table.SessionData$2.fill(SessionData.java:179)
	at lsfusion.server.data.sql.table.SQLTemporaryPool.fillData(SQLTemporaryPool.java:122)
	at lsfusion.server.data.sql.SQLSession.getTemporaryTable(SQLSession.java:1178)
	at lsfusion.server.data.sql.SQLSession.createTemporaryTable(SQLSession.java:1088)
	at lsfusion.server.data.table.SessionData.write(SessionData.java:176)
	at lsfusion.server.data.table.SessionData.rewrite(SessionData.java:228)
	at lsfusion.server.logics.action.session.table.SessionTableUsage.writeRows(SessionTableUsage.java:220)
	at lsfusion.server.logics.action.session.table.SessionTableUsage.writeRows(SessionTableUsage.java:211)
	at lsfusion.server.logics.action.session.change.PropertyChange.writeRows(PropertyChange.java:252)
	at lsfusion.server.logics.action.session.change.PropertyChange.materialize_aroundBody4(PropertyChange.java:310)
	at lsfusion.server.logics.action.session.change.PropertyChange$AjcClosure5.run(PropertyChange.java:1)
	at org.aspectj.runtime.reflect.JoinPointImpl.proceed(JoinPointImpl.java:149)
	at lsfusion.server.base.controller.stack.ExecutionStackAspect.processStackItem(ExecutionStackAspect.java:312)
	at lsfusion.server.base.controller.stack.ExecutionStackAspect.ajc$inlineAccessMethod$lsfusion_server_base_controller_stack_ExecutionStackAspect$lsfusion_server_base_controller_stack_ExecutionStackAspect$processStackItem(ExecutionStackAspect.java:1)
	at lsfusion.server.base.controller.stack.ExecutionStackAspect.callTwinMethod(ExecutionStackAspect.java:205)
	at lsfusion.server.logics.action.session.change.PropertyChange.materialize(PropertyChange.java:308)
	at lsfusion.server.logics.action.session.change.PropertyChange.materialize(PropertyChange.java:304)
	at lsfusion.server.physics.dev.integration.service.IntegrationService.synchronize_aroundBody0(IntegrationService.java:108)
	at lsfusion.server.physics.dev.integration.service.IntegrationService$AjcClosure1.run(IntegrationService.java:1)
	at org.aspectj.runtime.reflect.JoinPointImpl.proceed(JoinPointImpl.java:149)
	at lsfusion.server.base.controller.stack.ExecutionStackAspect.processStackItem(ExecutionStackAspect.java:312)
	at lsfusion.server.base.controller.stack.ExecutionStackAspect.ajc$inlineAccessMethod$lsfusion_server_base_controller_stack_ExecutionStackAspect$lsfusion_server_base_controller_stack_ExecutionStackAspect$processStackItem(ExecutionStackAspect.java:1)
	at lsfusion.server.base.controller.stack.ExecutionStackAspect.callTwinMethod(ExecutionStackAspect.java:205)
	at lsfusion.server.physics.dev.integration.service.IntegrationService.synchronize(IntegrationService.java:78)
	at lsfusion.server.physics.admin.reflection.controller.manager.ReflectionManager.synchronizeTables(ReflectionManager.java:823)
	at lsfusion.server.physics.admin.reflection.controller.init.SyncTablesTask.runSync(SyncTablesTask.java:14)
	at lsfusion.server.physics.admin.reflection.controller.init.SyncTask.run(SyncTask.java:21)
	at lsfusion.server.base.task.Task.proceed(Task.java:154)
	at lsfusion.server.base.task.Task$1.aspectRun(Task.java:112)
	at lsfusion.server.base.controller.thread.ExecutorFactory$AspectRunnable.run(ExecutorFactory.java:475)
	at java.base/java.util.concurrent.ThreadPoolExecutor.runWorker(ThreadPoolExecutor.java:1136)
	at java.base/java.util.concurrent.ThreadPoolExecutor$Worker.run(ThreadPoolExecutor.java:635)
	at java.base/java.lang.Thread.run(Thread.java:833)
	at lsfusion.server.base.controller.thread.ExecutorFactory$ClosableDaemonThreadFactory$ClosableThread.run(ExecutorFactory.java:554)

04 Jul 2024 13:59:52,728 system - system - system  INFO SQLAdjustLogger - 
-2104367062 SELECT t0.k0 AS jkey0,t1.e0 AS jprop0,t2.Reflection_table_TableColumn AS jprop1 FROM w0jdfkjsd0ref t0 LEFT JOIN w0jdfkjsd1ref t1 ON t1.k0=t0.k0 JOIN Reflection_tableColumn t2 ON t2.key0=t0.k0 WHERE (t0.e0 IS NOT NULL AND (t2.Reflection_table_TableColumn IS NULL OR t1.e0 IS NULL OR NOT t2.Reflection_table_TableColumn=t1.e0))
	step : 1 timeout : 100  418292097 (SELECT t0.k0 AS k0,(SELECT jprop0 FROM (SELECT w1t1.k0 AS jkey0,w1t2.e0 AS jprop0 FROM qwer0ffd w1t1 JOIN w1jdfkjsd0ref w1t0 ON w1t0.k0=w1t1.p20 JOIN w1jdfkjsd1ref w1t2 ON w1t2.k0=w1t1.p00 WHERE (w1t2.e0 IS NOT NULL AND w1t0.e0=t0.k0) ORDER BY 2 DESC NULLS LAST LIMIT 1) w1w1LEALIAS) AS e0 FROM w0jdfkjsd0ref t0 WHERE t0.e0 IS NOT NULL)
		SUCCEEDED (AFTER FAILURE) TIME (255 OF 21600000000) : step : 1 timeout : 21600000000 Import data
Materializing property change : Reflection.table[Reflection.TableColumn] 'Table' [Reflection(235:43)]
Materializing subquery : (SELECT t0.k0 AS k0,(SELECT jprop0 FROM (SELECT w1t1.k0 AS jkey0,w1t2.e0 AS jprop0 FROM qwer0ffd w1t1 JOIN w1jdfkjsd0ref w1t0 ON w1t0.k0=w1t1.p20 JOIN w1jdfkjsd1ref w1t2 ON w1t2.k0=w1t1.p00 WHERE (w1t2.e0 IS NOT NULL AND w1t0.e0=t0.k0) ORDER BY 2 DESC NULLS LAST LIMIT 1) w1w1LEALIAS) AS e0 FROM w0jdfkjsd0ref t0 WHERE t0.e0 IS NOT NULL)

THREAD :Thread[pool-9-taskRunner-pool-8,5,main]
	at lsfusion.base.ExceptionUtils.getStackTrace(ExceptionUtils.java:26)
	at lsfusion.server.physics.admin.log.ServerLoggers.adjustLog(ServerLoggers.java:112)
	at lsfusion.server.physics.admin.log.ServerLoggers.adjustLog(ServerLoggers.java:124)
	at lsfusion.server.data.query.exec.materialize.AdjustMaterializedExecuteEnvironment.log(AdjustMaterializedExecuteEnvironment.java:208)
	at lsfusion.server.data.query.exec.materialize.AdjustMaterializedExecuteEnvironment.succeeded(AdjustMaterializedExecuteEnvironment.java:177)
	at lsfusion.server.data.query.exec.materialize.AdjustMaterializedExecuteEnvironment.succeeded(AdjustMaterializedExecuteEnvironment.java:1)
	at lsfusion.server.data.sql.SQLSession.executeCommand(SQLSession.java:2026)
	at lsfusion.server.data.sql.SQLSession.executeCommand(SQLSession.java:2053)
	at lsfusion.server.data.sql.SQLSession.executeDML(SQLSession.java:2002)
	at lsfusion.server.data.sql.SQLSession.executeDML(SQLSession.java:1562)
	at lsfusion.server.data.sql.SQLSession.insertSessionSelect(SQLSession.java:2703)
	at lsfusion.server.data.sql.SQLQuery$1.fill(SQLQuery.java:396)
	at lsfusion.server.data.sql.table.SQLTemporaryPool.fillData(SQLTemporaryPool.java:122)
	at lsfusion.server.data.sql.SQLSession.getTemporaryTable(SQLSession.java:1178)
	at lsfusion.server.data.sql.SQLQuery.materialize_aroundBody0(SQLQuery.java:392)
	at lsfusion.server.data.sql.SQLQuery$AjcClosure1.run(SQLQuery.java:1)
	at org.aspectj.runtime.reflect.JoinPointImpl.proceed(JoinPointImpl.java:149)
	at lsfusion.server.base.controller.stack.ExecutionStackAspect.processStackItem(ExecutionStackAspect.java:312)
	at lsfusion.server.base.controller.stack.ExecutionStackAspect.ajc$inlineAccessMethod$lsfusion_server_base_controller_stack_ExecutionStackAspect$lsfusion_server_base_controller_stack_ExecutionStackAspect$processStackItem(ExecutionStackAspect.java:1)
	at lsfusion.server.base.controller.stack.ExecutionStackAspect.callTwinMethod(ExecutionStackAspect.java:205)
	at lsfusion.server.data.sql.SQLQuery.materialize(SQLQuery.java:378)
	at lsfusion.server.data.query.exec.materialize.AdjustMaterializedExecuteEnvironment$Snapshot.beforeOuter(AdjustMaterializedExecuteEnvironment.java:604)
	at lsfusion.server.data.sql.SQLSession.executeCommand(SQLSession.java:2016)
	at lsfusion.server.data.sql.SQLSession.executeCommand(SQLSession.java:2053)
	at lsfusion.server.data.sql.SQLSession.executeDML(SQLSession.java:2002)
	at lsfusion.server.data.sql.SQLSession.executeDML(SQLSession.java:1562)
	at lsfusion.server.data.sql.SQLSession.insertSessionSelect(SQLSession.java:2703)
	at lsfusion.server.data.sql.SQLSession.insertSessionSelect(SQLSession.java:2729)
	at lsfusion.server.data.table.SessionData$2.fill(SessionData.java:179)
	at lsfusion.server.data.sql.table.SQLTemporaryPool.fillData(SQLTemporaryPool.java:122)
	at lsfusion.server.data.sql.SQLSession.getTemporaryTable(SQLSession.java:1178)
	at lsfusion.server.data.sql.SQLSession.createTemporaryTable(SQLSession.java:1088)
	at lsfusion.server.data.table.SessionData.write(SessionData.java:176)
	at lsfusion.server.data.table.SessionData.rewrite(SessionData.java:228)
	at lsfusion.server.logics.action.session.table.SessionTableUsage.writeRows(SessionTableUsage.java:220)
	at lsfusion.server.logics.action.session.table.SessionTableUsage.writeRows(SessionTableUsage.java:211)
	at lsfusion.server.logics.action.session.change.PropertyChange.writeRows(PropertyChange.java:252)
	at lsfusion.server.logics.action.session.change.PropertyChange.materialize_aroundBody4(PropertyChange.java:310)
	at lsfusion.server.logics.action.session.change.PropertyChange$AjcClosure5.run(PropertyChange.java:1)
	at org.aspectj.runtime.reflect.JoinPointImpl.proceed(JoinPointImpl.java:149)
	at lsfusion.server.base.controller.stack.ExecutionStackAspect.processStackItem(ExecutionStackAspect.java:312)
	at lsfusion.server.base.controller.stack.ExecutionStackAspect.ajc$inlineAccessMethod$lsfusion_server_base_controller_stack_ExecutionStackAspect$lsfusion_server_base_controller_stack_ExecutionStackAspect$processStackItem(ExecutionStackAspect.java:1)
	at lsfusion.server.base.controller.stack.ExecutionStackAspect.callTwinMethod(ExecutionStackAspect.java:205)
	at lsfusion.server.logics.action.session.change.PropertyChange.materialize(PropertyChange.java:308)
	at lsfusion.server.logics.action.session.change.PropertyChange.materialize(PropertyChange.java:304)
	at lsfusion.server.physics.dev.integration.service.IntegrationService.synchronize_aroundBody0(IntegrationService.java:108)
	at lsfusion.server.physics.dev.integration.service.IntegrationService$AjcClosure1.run(IntegrationService.java:1)
	at org.aspectj.runtime.reflect.JoinPointImpl.proceed(JoinPointImpl.java:149)
	at lsfusion.server.base.controller.stack.ExecutionStackAspect.processStackItem(ExecutionStackAspect.java:312)
	at lsfusion.server.base.controller.stack.ExecutionStackAspect.ajc$inlineAccessMethod$lsfusion_server_base_controller_stack_ExecutionStackAspect$lsfusion_server_base_controller_stack_ExecutionStackAspect$processStackItem(ExecutionStackAspect.java:1)
	at lsfusion.server.base.controller.stack.ExecutionStackAspect.callTwinMethod(ExecutionStackAspect.java:205)
	at lsfusion.server.physics.dev.integration.service.IntegrationService.synchronize(IntegrationService.java:78)
	at lsfusion.server.physics.admin.reflection.controller.manager.ReflectionManager.synchronizeTables(ReflectionManager.java:823)
	at lsfusion.server.physics.admin.reflection.controller.init.SyncTablesTask.runSync(SyncTablesTask.java:14)
	at lsfusion.server.physics.admin.reflection.controller.init.SyncTask.run(SyncTask.java:21)
	at lsfusion.server.base.task.Task.proceed(Task.java:154)
	at lsfusion.server.base.task.Task$1.aspectRun(Task.java:112)
	at lsfusion.server.base.controller.thread.ExecutorFactory$AspectRunnable.run(ExecutorFactory.java:475)
	at java.base/java.util.concurrent.ThreadPoolExecutor.runWorker(ThreadPoolExecutor.java:1136)
	at java.base/java.util.concurrent.ThreadPoolExecutor$Worker.run(ThreadPoolExecutor.java:635)
	at java.base/java.lang.Thread.run(Thread.java:833)
	at lsfusion.server.base.controller.thread.ExecutorFactory$ClosableDaemonThreadFactory$ClosableThread.run(ExecutorFactory.java:554)

04 Jul 2024 13:59:52,901 system - system - system  INFO SQLAdjustLogger - 
-2104367062 SELECT t0.k0 AS jkey0,t1.e0 AS jprop0,t2.Reflection_table_TableColumn AS jprop1 FROM w0jdfkjsd0ref t0 LEFT JOIN w0jdfkjsd1ref t1 ON t1.k0=t0.k0 JOIN Reflection_tableColumn t2 ON t2.key0=t0.k0 WHERE (t0.e0 IS NOT NULL AND (t2.Reflection_table_TableColumn IS NULL OR t1.e0 IS NULL OR NOT t2.Reflection_table_TableColumn=t1.e0))
	FAILED TIMEOUT (100) - NEXT FROM : step : 1 timeout : 100 
		 TO : step : 2 timeout : 21600000000 Import data
Materializing property change : Reflection.table[Reflection.TableColumn] 'Table' [Reflection(235:43)]

THREAD :Thread[pool-9-taskRunner-pool-8,5,main]
	at lsfusion.base.ExceptionUtils.getStackTrace(ExceptionUtils.java:26)
	at lsfusion.server.physics.admin.log.ServerLoggers.adjustLog(ServerLoggers.java:112)
	at lsfusion.server.physics.admin.log.ServerLoggers.adjustLog(ServerLoggers.java:124)
	at lsfusion.server.data.query.exec.materialize.AdjustMaterializedExecuteEnvironment.log(AdjustMaterializedExecuteEnvironment.java:208)
	at lsfusion.server.data.query.exec.materialize.AdjustMaterializedExecuteEnvironment.innerFailed(AdjustMaterializedExecuteEnvironment.java:186)
	at lsfusion.server.data.query.exec.materialize.AdjustMaterializedExecuteEnvironment.failed(AdjustMaterializedExecuteEnvironment.java:194)
	at lsfusion.server.data.query.exec.materialize.AdjustMaterializedExecuteEnvironment.failed(AdjustMaterializedExecuteEnvironment.java:1)
	at lsfusion.server.data.sql.SQLSession.executeCommand(SQLSession.java:2038)
	at lsfusion.server.data.sql.SQLSession.executeCommand(SQLSession.java:2053)
	at lsfusion.server.data.sql.SQLSession.executeDML(SQLSession.java:2002)
	at lsfusion.server.data.sql.SQLSession.executeDML(SQLSession.java:1562)
	at lsfusion.server.data.sql.SQLSession.insertSessionSelect(SQLSession.java:2703)
	at lsfusion.server.data.sql.SQLSession.insertSessionSelect(SQLSession.java:2729)
	at lsfusion.server.data.table.SessionData$2.fill(SessionData.java:179)
	at lsfusion.server.data.sql.table.SQLTemporaryPool.fillData(SQLTemporaryPool.java:122)
	at lsfusion.server.data.sql.SQLSession.getTemporaryTable(SQLSession.java:1178)
	at lsfusion.server.data.sql.SQLSession.createTemporaryTable(SQLSession.java:1088)
	at lsfusion.server.data.table.SessionData.write(SessionData.java:176)
	at lsfusion.server.data.table.SessionData.rewrite(SessionData.java:228)
	at lsfusion.server.logics.action.session.table.SessionTableUsage.writeRows(SessionTableUsage.java:220)
	at lsfusion.server.logics.action.session.table.SessionTableUsage.writeRows(SessionTableUsage.java:211)
	at lsfusion.server.logics.action.session.change.PropertyChange.writeRows(PropertyChange.java:252)
	at lsfusion.server.logics.action.session.change.PropertyChange.materialize_aroundBody4(PropertyChange.java:310)
	at lsfusion.server.logics.action.session.change.PropertyChange$AjcClosure5.run(PropertyChange.java:1)
	at org.aspectj.runtime.reflect.JoinPointImpl.proceed(JoinPointImpl.java:149)
	at lsfusion.server.base.controller.stack.ExecutionStackAspect.processStackItem(ExecutionStackAspect.java:312)
	at lsfusion.server.base.controller.stack.ExecutionStackAspect.ajc$inlineAccessMethod$lsfusion_server_base_controller_stack_ExecutionStackAspect$lsfusion_server_base_controller_stack_ExecutionStackAspect$processStackItem(ExecutionStackAspect.java:1)
	at lsfusion.server.base.controller.stack.ExecutionStackAspect.callTwinMethod(ExecutionStackAspect.java:205)
	at lsfusion.server.logics.action.session.change.PropertyChange.materialize(PropertyChange.java:308)
	at lsfusion.server.logics.action.session.change.PropertyChange.materialize(PropertyChange.java:304)
	at lsfusion.server.physics.dev.integration.service.IntegrationService.synchronize_aroundBody0(IntegrationService.java:108)
	at lsfusion.server.physics.dev.integration.service.IntegrationService$AjcClosure1.run(IntegrationService.java:1)
	at org.aspectj.runtime.reflect.JoinPointImpl.proceed(JoinPointImpl.java:149)
	at lsfusion.server.base.controller.stack.ExecutionStackAspect.processStackItem(ExecutionStackAspect.java:312)
	at lsfusion.server.base.controller.stack.ExecutionStackAspect.ajc$inlineAccessMethod$lsfusion_server_base_controller_stack_ExecutionStackAspect$lsfusion_server_base_controller_stack_ExecutionStackAspect$processStackItem(ExecutionStackAspect.java:1)
	at lsfusion.server.base.controller.stack.ExecutionStackAspect.callTwinMethod(ExecutionStackAspect.java:205)
	at lsfusion.server.physics.dev.integration.service.IntegrationService.synchronize(IntegrationService.java:78)
	at lsfusion.server.physics.admin.reflection.controller.manager.ReflectionManager.synchronizeTables(ReflectionManager.java:823)
	at lsfusion.server.physics.admin.reflection.controller.init.SyncTablesTask.runSync(SyncTablesTask.java:14)
	at lsfusion.server.physics.admin.reflection.controller.init.SyncTask.run(SyncTask.java:21)
	at lsfusion.server.base.task.Task.proceed(Task.java:154)
	at lsfusion.server.base.task.Task$1.aspectRun(Task.java:112)
	at lsfusion.server.base.controller.thread.ExecutorFactory$AspectRunnable.run(ExecutorFactory.java:475)
	at java.base/java.util.concurrent.ThreadPoolExecutor.runWorker(ThreadPoolExecutor.java:1136)
	at java.base/java.util.concurrent.ThreadPoolExecutor$Worker.run(ThreadPoolExecutor.java:635)
	at java.base/java.lang.Thread.run(Thread.java:833)
	at lsfusion.server.base.controller.thread.ExecutorFactory$ClosableDaemonThreadFactory$ClosableThread.run(ExecutorFactory.java:554)

04 Jul 2024 13:59:53,083 system - system - system  INFO SQLAdjustLogger - 
-2104367062 SELECT t0.k0 AS jkey0,t1.e0 AS jprop0,t2.Reflection_table_TableColumn AS jprop1 FROM w0jdfkjsd0ref t0 LEFT JOIN w0jdfkjsd1ref t1 ON t1.k0=t0.k0 JOIN Reflection_tableColumn t2 ON t2.key0=t0.k0 WHERE (t0.e0 IS NOT NULL AND (t2.Reflection_table_TableColumn IS NULL OR t1.e0 IS NULL OR NOT t2.Reflection_table_TableColumn=t1.e0))
	SUCCEEDED (AFTER FAILURE) TIME (4 OF 21600000000) - BACK FROM : step : 2 timeout : 21600000000 
		 TO : step : 0 timeout : 660 Import data
Materializing property change : Reflection.table[Reflection.TableColumn] 'Table' [Reflection(235:43)]

THREAD :Thread[pool-9-taskRunner-pool-8,5,main]
	at lsfusion.base.ExceptionUtils.getStackTrace(ExceptionUtils.java:26)
	at lsfusion.server.physics.admin.log.ServerLoggers.adjustLog(ServerLoggers.java:112)
	at lsfusion.server.physics.admin.log.ServerLoggers.adjustLog(ServerLoggers.java:124)
	at lsfusion.server.data.query.exec.materialize.AdjustMaterializedExecuteEnvironment.log(AdjustMaterializedExecuteEnvironment.java:208)
	at lsfusion.server.data.query.exec.materialize.AdjustMaterializedExecuteEnvironment.succeeded(AdjustMaterializedExecuteEnvironment.java:177)
	at lsfusion.server.data.query.exec.materialize.AdjustMaterializedExecuteEnvironment.succeeded(AdjustMaterializedExecuteEnvironment.java:1)
	at lsfusion.server.data.sql.SQLSession.executeCommand(SQLSession.java:2026)
	at lsfusion.server.data.sql.SQLSession.executeCommand(SQLSession.java:2053)
	at lsfusion.server.data.sql.SQLSession.executeCommand(SQLSession.java:2053)
	at lsfusion.server.data.sql.SQLSession.executeDML(SQLSession.java:2002)
	at lsfusion.server.data.sql.SQLSession.executeDML(SQLSession.java:1562)
	at lsfusion.server.data.sql.SQLSession.insertSessionSelect(SQLSession.java:2703)
	at lsfusion.server.data.sql.SQLSession.insertSessionSelect(SQLSession.java:2729)
	at lsfusion.server.data.table.SessionData$2.fill(SessionData.java:179)
	at lsfusion.server.data.sql.table.SQLTemporaryPool.fillData(SQLTemporaryPool.java:122)
	at lsfusion.server.data.sql.SQLSession.getTemporaryTable(SQLSession.java:1178)
	at lsfusion.server.data.sql.SQLSession.createTemporaryTable(SQLSession.java:1088)
	at lsfusion.server.data.table.SessionData.write(SessionData.java:176)
	at lsfusion.server.data.table.SessionData.rewrite(SessionData.java:228)
	at lsfusion.server.logics.action.session.table.SessionTableUsage.writeRows(SessionTableUsage.java:220)
	at lsfusion.server.logics.action.session.table.SessionTableUsage.writeRows(SessionTableUsage.java:211)
	at lsfusion.server.logics.action.session.change.PropertyChange.writeRows(PropertyChange.java:252)
	at lsfusion.server.logics.action.session.change.PropertyChange.materialize_aroundBody4(PropertyChange.java:310)
	at lsfusion.server.logics.action.session.change.PropertyChange$AjcClosure5.run(PropertyChange.java:1)
	at org.aspectj.runtime.reflect.JoinPointImpl.proceed(JoinPointImpl.java:149)
	at lsfusion.server.base.controller.stack.ExecutionStackAspect.processStackItem(ExecutionStackAspect.java:312)
	at lsfusion.server.base.controller.stack.ExecutionStackAspect.ajc$inlineAccessMethod$lsfusion_server_base_controller_stack_ExecutionStackAspect$lsfusion_server_base_controller_stack_ExecutionStackAspect$processStackItem(ExecutionStackAspect.java:1)
	at lsfusion.server.base.controller.stack.ExecutionStackAspect.callTwinMethod(ExecutionStackAspect.java:205)
	at lsfusion.server.logics.action.session.change.PropertyChange.materialize(PropertyChange.java:308)
	at lsfusion.server.logics.action.session.change.PropertyChange.materialize(PropertyChange.java:304)
	at lsfusion.server.physics.dev.integration.service.IntegrationService.synchronize_aroundBody0(IntegrationService.java:108)
	at lsfusion.server.physics.dev.integration.service.IntegrationService$AjcClosure1.run(IntegrationService.java:1)
	at org.aspectj.runtime.reflect.JoinPointImpl.proceed(JoinPointImpl.java:149)
	at lsfusion.server.base.controller.stack.ExecutionStackAspect.processStackItem(ExecutionStackAspect.java:312)
	at lsfusion.server.base.controller.stack.ExecutionStackAspect.ajc$inlineAccessMethod$lsfusion_server_base_controller_stack_ExecutionStackAspect$lsfusion_server_base_controller_stack_ExecutionStackAspect$processStackItem(ExecutionStackAspect.java:1)
	at lsfusion.server.base.controller.stack.ExecutionStackAspect.callTwinMethod(ExecutionStackAspect.java:205)
	at lsfusion.server.physics.dev.integration.service.IntegrationService.synchronize(IntegrationService.java:78)
	at lsfusion.server.physics.admin.reflection.controller.manager.ReflectionManager.synchronizeTables(ReflectionManager.java:823)
	at lsfusion.server.physics.admin.reflection.controller.init.SyncTablesTask.runSync(SyncTablesTask.java:14)
	at lsfusion.server.physics.admin.reflection.controller.init.SyncTask.run(SyncTask.java:21)
	at lsfusion.server.base.task.Task.proceed(Task.java:154)
	at lsfusion.server.base.task.Task$1.aspectRun(Task.java:112)
	at lsfusion.server.base.controller.thread.ExecutorFactory$AspectRunnable.run(ExecutorFactory.java:475)
	at java.base/java.util.concurrent.ThreadPoolExecutor.runWorker(ThreadPoolExecutor.java:1136)
	at java.base/java.util.concurrent.ThreadPoolExecutor$Worker.run(ThreadPoolExecutor.java:635)
	at java.base/java.lang.Thread.run(Thread.java:833)
	at lsfusion.server.base.controller.thread.ExecutorFactory$ClosableDaemonThreadFactory$ClosableThread.run(ExecutorFactory.java:554)

04 Jul 2024 13:59:53,292 system - system - system  INFO SQLAdjustLogger - 
1392627823 SELECT t0.k0 AS jkey0,t0.e0 AS jprop0,t1.Reflection_table_TableColumn AS jprop1 FROM w0jdfkjsd0ref t0 JOIN Reflection_tableColumn t1 ON t1.key0=t0.k0 WHERE (t0.e1 IS NOT NULL AND (t1.Reflection_sid_TableColumn IS NULL OR t0.e0 IS NULL OR NOT t1.Reflection_sid_TableColumn=t0.e0))
	FAILED TIMEOUT (100) - NEXT FROM : step : 0 timeout : 100 
		 TO : step : 1 timeout : 21600000000 Import data
Materializing property change : Reflection.sid[Reflection.TableColumn] 'Column name' [Reflection(236:39)]

THREAD :Thread[pool-9-taskRunner-pool-8,5,main]
	at lsfusion.base.ExceptionUtils.getStackTrace(ExceptionUtils.java:26)
	at lsfusion.server.physics.admin.log.ServerLoggers.adjustLog(ServerLoggers.java:112)
	at lsfusion.server.physics.admin.log.ServerLoggers.adjustLog(ServerLoggers.java:124)
	at lsfusion.server.data.query.exec.materialize.AdjustMaterializedExecuteEnvironment.log(AdjustMaterializedExecuteEnvironment.java:208)
	at lsfusion.server.data.query.exec.materialize.AdjustMaterializedExecuteEnvironment.innerFailed(AdjustMaterializedExecuteEnvironment.java:186)
	at lsfusion.server.data.query.exec.materialize.AdjustMaterializedExecuteEnvironment.failed(AdjustMaterializedExecuteEnvironment.java:194)
	at lsfusion.server.data.query.exec.materialize.AdjustMaterializedExecuteEnvironment.failed(AdjustMaterializedExecuteEnvironment.java:1)
	at lsfusion.server.data.sql.SQLSession.executeCommand(SQLSession.java:2038)
	at lsfusion.server.data.sql.SQLSession.executeDML(SQLSession.java:2002)
	at lsfusion.server.data.sql.SQLSession.executeDML(SQLSession.java:1562)
	at lsfusion.server.data.sql.SQLSession.insertSessionSelect(SQLSession.java:2703)
	at lsfusion.server.data.sql.SQLSession.insertSessionSelect(SQLSession.java:2729)
	at lsfusion.server.data.table.SessionData$2.fill(SessionData.java:179)
	at lsfusion.server.data.sql.table.SQLTemporaryPool.fillData(SQLTemporaryPool.java:122)
	at lsfusion.server.data.sql.SQLSession.getTemporaryTable(SQLSession.java:1178)
	at lsfusion.server.data.sql.SQLSession.createTemporaryTable(SQLSession.java:1088)
	at lsfusion.server.data.table.SessionData.write(SessionData.java:176)
	at lsfusion.server.data.table.SessionData.rewrite(SessionData.java:228)
	at lsfusion.server.logics.action.session.table.SessionTableUsage.writeRows(SessionTableUsage.java:220)
	at lsfusion.server.logics.action.session.table.SessionTableUsage.writeRows(SessionTableUsage.java:211)
	at lsfusion.server.logics.action.session.change.PropertyChange.writeRows(PropertyChange.java:252)
	at lsfusion.server.logics.action.session.change.PropertyChange.materialize_aroundBody4(PropertyChange.java:310)
	at lsfusion.server.logics.action.session.change.PropertyChange$AjcClosure5.run(PropertyChange.java:1)
	at org.aspectj.runtime.reflect.JoinPointImpl.proceed(JoinPointImpl.java:149)
	at lsfusion.server.base.controller.stack.ExecutionStackAspect.processStackItem(ExecutionStackAspect.java:312)
	at lsfusion.server.base.controller.stack.ExecutionStackAspect.ajc$inlineAccessMethod$lsfusion_server_base_controller_stack_ExecutionStackAspect$lsfusion_server_base_controller_stack_ExecutionStackAspect$processStackItem(ExecutionStackAspect.java:1)
	at lsfusion.server.base.controller.stack.ExecutionStackAspect.callTwinMethod(ExecutionStackAspect.java:205)
	at lsfusion.server.logics.action.session.change.PropertyChange.materialize(PropertyChange.java:308)
	at lsfusion.server.logics.action.session.change.PropertyChange.materialize(PropertyChange.java:304)
	at lsfusion.server.physics.dev.integration.service.IntegrationService.synchronize_aroundBody0(IntegrationService.java:108)
	at lsfusion.server.physics.dev.integration.service.IntegrationService$AjcClosure1.run(IntegrationService.java:1)
	at org.aspectj.runtime.reflect.JoinPointImpl.proceed(JoinPointImpl.java:149)
	at lsfusion.server.base.controller.stack.ExecutionStackAspect.processStackItem(ExecutionStackAspect.java:312)
	at lsfusion.server.base.controller.stack.ExecutionStackAspect.ajc$inlineAccessMethod$lsfusion_server_base_controller_stack_ExecutionStackAspect$lsfusion_server_base_controller_stack_ExecutionStackAspect$processStackItem(ExecutionStackAspect.java:1)
	at lsfusion.server.base.controller.stack.ExecutionStackAspect.callTwinMethod(ExecutionStackAspect.java:205)
	at lsfusion.server.physics.dev.integration.service.IntegrationService.synchronize(IntegrationService.java:78)
	at lsfusion.server.physics.admin.reflection.controller.manager.ReflectionManager.synchronizeTables(ReflectionManager.java:823)
	at lsfusion.server.physics.admin.reflection.controller.init.SyncTablesTask.runSync(SyncTablesTask.java:14)
	at lsfusion.server.physics.admin.reflection.controller.init.SyncTask.run(SyncTask.java:21)
	at lsfusion.server.base.task.Task.proceed(Task.java:154)
	at lsfusion.server.base.task.Task$1.aspectRun(Task.java:112)
	at lsfusion.server.base.controller.thread.ExecutorFactory$AspectRunnable.run(ExecutorFactory.java:475)
	at java.base/java.util.concurrent.ThreadPoolExecutor.runWorker(ThreadPoolExecutor.java:1136)
	at java.base/java.util.concurrent.ThreadPoolExecutor$Worker.run(ThreadPoolExecutor.java:635)
	at java.base/java.lang.Thread.run(Thread.java:833)
	at lsfusion.server.base.controller.thread.ExecutorFactory$ClosableDaemonThreadFactory$ClosableThread.run(ExecutorFactory.java:554)

04 Jul 2024 13:59:53,441 system - system - system  INFO SQLAdjustLogger - 
1392627823 SELECT t0.k0 AS jkey0,t0.e0 AS jprop0,t1.Reflection_table_TableColumn AS jprop1 FROM w0jdfkjsd0ref t0 JOIN Reflection_tableColumn t1 ON t1.key0=t0.k0 WHERE (t0.e1 IS NOT NULL AND (t1.Reflection_sid_TableColumn IS NULL OR t0.e0 IS NULL OR NOT t1.Reflection_sid_TableColumn=t0.e0))
	step : 1 timeout : 21600000000  -770695469 (SELECT t0.k0 AS k0,(SELECT jprop0 FROM (SELECT w1t0.key0 AS jkey0,w1t0.key0 AS jprop0 FROM Reflection_tableColumn w1t0 JOIN Reflection_tables w1t1 ON w1t1.key0=w1t0.Reflection_table_TableColumn WHERE CAST((CAST((w1t1.Reflection_sid_Table || CAST('.' AS varchar(1))) AS varchar(101)) || w1t0.Reflection_sid_TableColumn) AS varchar(201))=t0.k0 LIMIT 1) w1w1LEALIAS) AS e0 FROM w0jdfkjsd0ref t0 WHERE t0.e0 IS NOT NULL)
		FAILED TIMEOUT (100) - NEXT FROM : step : 0 timeout : 100 
			 TO : step : 1 timeout : 21600000000 Import data
Materializing property change : Reflection.sid[Reflection.TableColumn] 'Column name' [Reflection(236:39)]
Materializing subquery : (SELECT t0.k0 AS k0,(SELECT jprop0 FROM (SELECT w1t0.key0 AS jkey0,w1t0.key0 AS jprop0 FROM Reflection_tableColumn w1t0 JOIN Reflection_tables w1t1 ON w1t1.key0=w1t0.Reflection_table_TableColumn WHERE CAST((CAST((w1t1.Reflection_sid_Table || CAST('.' AS varchar(1))) AS varchar(101)) || w1t0.Reflection_sid_TableColumn) AS varchar(201))=t0.k0 LIMIT 1) w1w1LEALIAS) AS e0 FROM w0jdfkjsd0ref t0 WHERE t0.e0 IS NOT NULL)

THREAD :Thread[pool-9-taskRunner-pool-8,5,main]
	at lsfusion.base.ExceptionUtils.getStackTrace(ExceptionUtils.java:26)
	at lsfusion.server.physics.admin.log.ServerLoggers.adjustLog(ServerLoggers.java:112)
	at lsfusion.server.physics.admin.log.ServerLoggers.adjustLog(ServerLoggers.java:124)
	at lsfusion.server.data.query.exec.materialize.AdjustMaterializedExecuteEnvironment.log(AdjustMaterializedExecuteEnvironment.java:208)
	at lsfusion.server.data.query.exec.materialize.AdjustMaterializedExecuteEnvironment.innerFailed(AdjustMaterializedExecuteEnvironment.java:186)
	at lsfusion.server.data.query.exec.materialize.AdjustMaterializedExecuteEnvironment.failed(AdjustMaterializedExecuteEnvironment.java:194)
	at lsfusion.server.data.query.exec.materialize.AdjustMaterializedExecuteEnvironment.failed(AdjustMaterializedExecuteEnvironment.java:1)
	at lsfusion.server.data.sql.SQLSession.executeCommand(SQLSession.java:2038)
	at lsfusion.server.data.sql.SQLSession.executeDML(SQLSession.java:2002)
	at lsfusion.server.data.sql.SQLSession.executeDML(SQLSession.java:1562)
	at lsfusion.server.data.sql.SQLSession.insertSessionSelect(SQLSession.java:2703)
	at lsfusion.server.data.sql.SQLQuery$1.fill(SQLQuery.java:396)
	at lsfusion.server.data.sql.table.SQLTemporaryPool.fillData(SQLTemporaryPool.java:122)
	at lsfusion.server.data.sql.SQLSession.getTemporaryTable(SQLSession.java:1178)
	at lsfusion.server.data.sql.SQLQuery.materialize_aroundBody0(SQLQuery.java:392)
	at lsfusion.server.data.sql.SQLQuery$AjcClosure1.run(SQLQuery.java:1)
	at org.aspectj.runtime.reflect.JoinPointImpl.proceed(JoinPointImpl.java:149)
	at lsfusion.server.base.controller.stack.ExecutionStackAspect.processStackItem(ExecutionStackAspect.java:312)
	at lsfusion.server.base.controller.stack.ExecutionStackAspect.ajc$inlineAccessMethod$lsfusion_server_base_controller_stack_ExecutionStackAspect$lsfusion_server_base_controller_stack_ExecutionStackAspect$processStackItem(ExecutionStackAspect.java:1)
	at lsfusion.server.base.controller.stack.ExecutionStackAspect.callTwinMethod(ExecutionStackAspect.java:205)
	at lsfusion.server.data.sql.SQLQuery.materialize(SQLQuery.java:378)
	at lsfusion.server.data.query.exec.materialize.AdjustMaterializedExecuteEnvironment$Snapshot.beforeOuter(AdjustMaterializedExecuteEnvironment.java:604)
	at lsfusion.server.data.sql.SQLSession.executeCommand(SQLSession.java:2016)
	at lsfusion.server.data.sql.SQLSession.executeCommand(SQLSession.java:2053)
	at lsfusion.server.data.sql.SQLSession.executeDML(SQLSession.java:2002)
	at lsfusion.server.data.sql.SQLSession.executeDML(SQLSession.java:1562)
	at lsfusion.server.data.sql.SQLSession.insertSessionSelect(SQLSession.java:2703)
	at lsfusion.server.data.sql.SQLSession.insertSessionSelect(SQLSession.java:2729)
	at lsfusion.server.data.table.SessionData$2.fill(SessionData.java:179)
	at lsfusion.server.data.sql.table.SQLTemporaryPool.fillData(SQLTemporaryPool.java:122)
	at lsfusion.server.data.sql.SQLSession.getTemporaryTable(SQLSession.java:1178)
	at lsfusion.server.data.sql.SQLSession.createTemporaryTable(SQLSession.java:1088)
	at lsfusion.server.data.table.SessionData.write(SessionData.java:176)
	at lsfusion.server.data.table.SessionData.rewrite(SessionData.java:228)
	at lsfusion.server.logics.action.session.table.SessionTableUsage.writeRows(SessionTableUsage.java:220)
	at lsfusion.server.logics.action.session.table.SessionTableUsage.writeRows(SessionTableUsage.java:211)
	at lsfusion.server.logics.action.session.change.PropertyChange.writeRows(PropertyChange.java:252)
	at lsfusion.server.logics.action.session.change.PropertyChange.materialize_aroundBody4(PropertyChange.java:310)
	at lsfusion.server.logics.action.session.change.PropertyChange$AjcClosure5.run(PropertyChange.java:1)
	at org.aspectj.runtime.reflect.JoinPointImpl.proceed(JoinPointImpl.java:149)
	at lsfusion.server.base.controller.stack.ExecutionStackAspect.processStackItem(ExecutionStackAspect.java:312)
	at lsfusion.server.base.controller.stack.ExecutionStackAspect.ajc$inlineAccessMethod$lsfusion_server_base_controller_stack_ExecutionStackAspect$lsfusion_server_base_controller_stack_ExecutionStackAspect$processStackItem(ExecutionStackAspect.java:1)
	at lsfusion.server.base.controller.stack.ExecutionStackAspect.callTwinMethod(ExecutionStackAspect.java:205)
	at lsfusion.server.logics.action.session.change.PropertyChange.materialize(PropertyChange.java:308)
	at lsfusion.server.logics.action.session.change.PropertyChange.materialize(PropertyChange.java:304)
	at lsfusion.server.physics.dev.integration.service.IntegrationService.synchronize_aroundBody0(IntegrationService.java:108)
	at lsfusion.server.physics.dev.integration.service.IntegrationService$AjcClosure1.run(IntegrationService.java:1)
	at org.aspectj.runtime.reflect.JoinPointImpl.proceed(JoinPointImpl.java:149)
	at lsfusion.server.base.controller.stack.ExecutionStackAspect.processStackItem(ExecutionStackAspect.java:312)
	at lsfusion.server.base.controller.stack.ExecutionStackAspect.ajc$inlineAccessMethod$lsfusion_server_base_controller_stack_ExecutionStackAspect$lsfusion_server_base_controller_stack_ExecutionStackAspect$processStackItem(ExecutionStackAspect.java:1)
	at lsfusion.server.base.controller.stack.ExecutionStackAspect.callTwinMethod(ExecutionStackAspect.java:205)
	at lsfusion.server.physics.dev.integration.service.IntegrationService.synchronize(IntegrationService.java:78)
	at lsfusion.server.physics.admin.reflection.controller.manager.ReflectionManager.synchronizeTables(ReflectionManager.java:823)
	at lsfusion.server.physics.admin.reflection.controller.init.SyncTablesTask.runSync(SyncTablesTask.java:14)
	at lsfusion.server.physics.admin.reflection.controller.init.SyncTask.run(SyncTask.java:21)
	at lsfusion.server.base.task.Task.proceed(Task.java:154)
	at lsfusion.server.base.task.Task$1.aspectRun(Task.java:112)
	at lsfusion.server.base.controller.thread.ExecutorFactory$AspectRunnable.run(ExecutorFactory.java:475)
	at java.base/java.util.concurrent.ThreadPoolExecutor.runWorker(ThreadPoolExecutor.java:1136)
	at java.base/java.util.concurrent.ThreadPoolExecutor$Worker.run(ThreadPoolExecutor.java:635)
	at java.base/java.lang.Thread.run(Thread.java:833)
	at lsfusion.server.base.controller.thread.ExecutorFactory$ClosableDaemonThreadFactory$ClosableThread.run(ExecutorFactory.java:554)

04 Jul 2024 13:59:53,651 system - system - system  INFO SQLAdjustLogger - 
1392627823 SELECT t0.k0 AS jkey0,t0.e0 AS jprop0,t1.Reflection_table_TableColumn AS jprop1 FROM w0jdfkjsd0ref t0 JOIN Reflection_tableColumn t1 ON t1.key0=t0.k0 WHERE (t0.e1 IS NOT NULL AND (t1.Reflection_sid_TableColumn IS NULL OR t0.e0 IS NULL OR NOT t1.Reflection_sid_TableColumn=t0.e0))
	step : 1 timeout : 21600000000  -770695469 (SELECT t0.k0 AS k0,(SELECT jprop0 FROM (SELECT w1t0.key0 AS jkey0,w1t0.key0 AS jprop0 FROM Reflection_tableColumn w1t0 JOIN Reflection_tables w1t1 ON w1t1.key0=w1t0.Reflection_table_TableColumn WHERE CAST((CAST((w1t1.Reflection_sid_Table || CAST('.' AS varchar(1))) AS varchar(101)) || w1t0.Reflection_sid_TableColumn) AS varchar(201))=t0.k0 LIMIT 1) w1w1LEALIAS) AS e0 FROM w0jdfkjsd0ref t0 WHERE t0.e0 IS NOT NULL)
		SUCCEEDED (AFTER FAILURE) TIME (192 OF 21600000000) : step : 1 timeout : 21600000000 Import data
Materializing property change : Reflection.sid[Reflection.TableColumn] 'Column name' [Reflection(236:39)]
Materializing subquery : (SELECT t0.k0 AS k0,(SELECT jprop0 FROM (SELECT w1t0.key0 AS jkey0,w1t0.key0 AS jprop0 FROM Reflection_tableColumn w1t0 JOIN Reflection_tables w1t1 ON w1t1.key0=w1t0.Reflection_table_TableColumn WHERE CAST((CAST((w1t1.Reflection_sid_Table || CAST('.' AS varchar(1))) AS varchar(101)) || w1t0.Reflection_sid_TableColumn) AS varchar(201))=t0.k0 LIMIT 1) w1w1LEALIAS) AS e0 FROM w0jdfkjsd0ref t0 WHERE t0.e0 IS NOT NULL)

THREAD :Thread[pool-9-taskRunner-pool-8,5,main]
	at lsfusion.base.ExceptionUtils.getStackTrace(ExceptionUtils.java:26)
	at lsfusion.server.physics.admin.log.ServerLoggers.adjustLog(ServerLoggers.java:112)
	at lsfusion.server.physics.admin.log.ServerLoggers.adjustLog(ServerLoggers.java:124)
	at lsfusion.server.data.query.exec.materialize.AdjustMaterializedExecuteEnvironment.log(AdjustMaterializedExecuteEnvironment.java:208)
	at lsfusion.server.data.query.exec.materialize.AdjustMaterializedExecuteEnvironment.succeeded(AdjustMaterializedExecuteEnvironment.java:177)
	at lsfusion.server.data.query.exec.materialize.AdjustMaterializedExecuteEnvironment.succeeded(AdjustMaterializedExecuteEnvironment.java:1)
	at lsfusion.server.data.sql.SQLSession.executeCommand(SQLSession.java:2026)
	at lsfusion.server.data.sql.SQLSession.executeCommand(SQLSession.java:2053)
	at lsfusion.server.data.sql.SQLSession.executeDML(SQLSession.java:2002)
	at lsfusion.server.data.sql.SQLSession.executeDML(SQLSession.java:1562)
	at lsfusion.server.data.sql.SQLSession.insertSessionSelect(SQLSession.java:2703)
	at lsfusion.server.data.sql.SQLQuery$1.fill(SQLQuery.java:396)
	at lsfusion.server.data.sql.table.SQLTemporaryPool.fillData(SQLTemporaryPool.java:122)
	at lsfusion.server.data.sql.SQLSession.getTemporaryTable(SQLSession.java:1178)
	at lsfusion.server.data.sql.SQLQuery.materialize_aroundBody0(SQLQuery.java:392)
	at lsfusion.server.data.sql.SQLQuery$AjcClosure1.run(SQLQuery.java:1)
	at org.aspectj.runtime.reflect.JoinPointImpl.proceed(JoinPointImpl.java:149)
	at lsfusion.server.base.controller.stack.ExecutionStackAspect.processStackItem(ExecutionStackAspect.java:312)
	at lsfusion.server.base.controller.stack.ExecutionStackAspect.ajc$inlineAccessMethod$lsfusion_server_base_controller_stack_ExecutionStackAspect$lsfusion_server_base_controller_stack_ExecutionStackAspect$processStackItem(ExecutionStackAspect.java:1)
	at lsfusion.server.base.controller.stack.ExecutionStackAspect.callTwinMethod(ExecutionStackAspect.java:205)
	at lsfusion.server.data.sql.SQLQuery.materialize(SQLQuery.java:378)
	at lsfusion.server.data.query.exec.materialize.AdjustMaterializedExecuteEnvironment$Snapshot.beforeOuter(AdjustMaterializedExecuteEnvironment.java:604)
	at lsfusion.server.data.sql.SQLSession.executeCommand(SQLSession.java:2016)
	at lsfusion.server.data.sql.SQLSession.executeCommand(SQLSession.java:2053)
	at lsfusion.server.data.sql.SQLSession.executeDML(SQLSession.java:2002)
	at lsfusion.server.data.sql.SQLSession.executeDML(SQLSession.java:1562)
	at lsfusion.server.data.sql.SQLSession.insertSessionSelect(SQLSession.java:2703)
	at lsfusion.server.data.sql.SQLSession.insertSessionSelect(SQLSession.java:2729)
	at lsfusion.server.data.table.SessionData$2.fill(SessionData.java:179)
	at lsfusion.server.data.sql.table.SQLTemporaryPool.fillData(SQLTemporaryPool.java:122)
	at lsfusion.server.data.sql.SQLSession.getTemporaryTable(SQLSession.java:1178)
	at lsfusion.server.data.sql.SQLSession.createTemporaryTable(SQLSession.java:1088)
	at lsfusion.server.data.table.SessionData.write(SessionData.java:176)
	at lsfusion.server.data.table.SessionData.rewrite(SessionData.java:228)
	at lsfusion.server.logics.action.session.table.SessionTableUsage.writeRows(SessionTableUsage.java:220)
	at lsfusion.server.logics.action.session.table.SessionTableUsage.writeRows(SessionTableUsage.java:211)
	at lsfusion.server.logics.action.session.change.PropertyChange.writeRows(PropertyChange.java:252)
	at lsfusion.server.logics.action.session.change.PropertyChange.materialize_aroundBody4(PropertyChange.java:310)
	at lsfusion.server.logics.action.session.change.PropertyChange$AjcClosure5.run(PropertyChange.java:1)
	at org.aspectj.runtime.reflect.JoinPointImpl.proceed(JoinPointImpl.java:149)
	at lsfusion.server.base.controller.stack.ExecutionStackAspect.processStackItem(ExecutionStackAspect.java:312)
	at lsfusion.server.base.controller.stack.ExecutionStackAspect.ajc$inlineAccessMethod$lsfusion_server_base_controller_stack_ExecutionStackAspect$lsfusion_server_base_controller_stack_ExecutionStackAspect$processStackItem(ExecutionStackAspect.java:1)
	at lsfusion.server.base.controller.stack.ExecutionStackAspect.callTwinMethod(ExecutionStackAspect.java:205)
	at lsfusion.server.logics.action.session.change.PropertyChange.materialize(PropertyChange.java:308)
	at lsfusion.server.logics.action.session.change.PropertyChange.materialize(PropertyChange.java:304)
	at lsfusion.server.physics.dev.integration.service.IntegrationService.synchronize_aroundBody0(IntegrationService.java:108)
	at lsfusion.server.physics.dev.integration.service.IntegrationService$AjcClosure1.run(IntegrationService.java:1)
	at org.aspectj.runtime.reflect.JoinPointImpl.proceed(JoinPointImpl.java:149)
	at lsfusion.server.base.controller.stack.ExecutionStackAspect.processStackItem(ExecutionStackAspect.java:312)
	at lsfusion.server.base.controller.stack.ExecutionStackAspect.ajc$inlineAccessMethod$lsfusion_server_base_controller_stack_ExecutionStackAspect$lsfusion_server_base_controller_stack_ExecutionStackAspect$processStackItem(ExecutionStackAspect.java:1)
	at lsfusion.server.base.controller.stack.ExecutionStackAspect.callTwinMethod(ExecutionStackAspect.java:205)
	at lsfusion.server.physics.dev.integration.service.IntegrationService.synchronize(IntegrationService.java:78)
	at lsfusion.server.physics.admin.reflection.controller.manager.ReflectionManager.synchronizeTables(ReflectionManager.java:823)
	at lsfusion.server.physics.admin.reflection.controller.init.SyncTablesTask.runSync(SyncTablesTask.java:14)
	at lsfusion.server.physics.admin.reflection.controller.init.SyncTask.run(SyncTask.java:21)
	at lsfusion.server.base.task.Task.proceed(Task.java:154)
	at lsfusion.server.base.task.Task$1.aspectRun(Task.java:112)
	at lsfusion.server.base.controller.thread.ExecutorFactory$AspectRunnable.run(ExecutorFactory.java:475)
	at java.base/java.util.concurrent.ThreadPoolExecutor.runWorker(ThreadPoolExecutor.java:1136)
	at java.base/java.util.concurrent.ThreadPoolExecutor$Worker.run(ThreadPoolExecutor.java:635)
	at java.base/java.lang.Thread.run(Thread.java:833)
	at lsfusion.server.base.controller.thread.ExecutorFactory$ClosableDaemonThreadFactory$ClosableThread.run(ExecutorFactory.java:554)

04 Jul 2024 13:59:53,841 system - system - system  INFO SQLAdjustLogger - 
1392627823 SELECT t0.k0 AS jkey0,t0.e0 AS jprop0,t1.Reflection_table_TableColumn AS jprop1 FROM w0jdfkjsd0ref t0 JOIN Reflection_tableColumn t1 ON t1.key0=t0.k0 WHERE (t0.e1 IS NOT NULL AND (t1.Reflection_sid_TableColumn IS NULL OR t0.e0 IS NULL OR NOT t1.Reflection_sid_TableColumn=t0.e0))
	step : 1 timeout : 21600000000  -619718166 (SELECT t0.k0 AS k0,(SELECT jprop0 FROM (SELECT w1t1.k0 AS jkey0,w1t1.p10 AS jprop0 FROM qwer0ffd w1t1 JOIN w1jdfkjsd0ref w1t0 ON w1t0.k0=w1t1.p20 WHERE (w1t1.p10 IS NOT NULL AND w1t0.e0=t0.k0) ORDER BY 2 DESC NULLS LAST LIMIT 1) w1w1LEALIAS) AS e0,(SELECT jprop0 FROM (SELECT w1t1.k0 AS jkey0,1 AS jprop0 FROM qwer0ffd w1t1 JOIN w2jdfkjsd0ref w1t0 ON w1t0.k0=w1t1.p20 WHERE w1t0.e0=t0.k0 LIMIT 1) w1w2LEALIAS) AS e1 FROM w0jdfkjsd0ref t0 WHERE t0.e0 IS NOT NULL)
		FAILED TIMEOUT (100) - NEXT FROM : step : 0 timeout : 100 
			 TO : step : 1 timeout : 21600000000 Import data
Materializing property change : Reflection.sid[Reflection.TableColumn] 'Column name' [Reflection(236:39)]
Materializing subquery : (SELECT t0.k0 AS k0,(SELECT jprop0 FROM (SELECT w1t1.k0 AS jkey0,w1t1.p10 AS jprop0 FROM qwer0ffd w1t1 JOIN w1jdfkjsd0ref w1t0 ON w1t0.k0=w1t1.p20 WHERE (w1t1.p10 IS NOT NULL AND w1t0.e0=t0.k0) ORDER BY 2 DESC NULLS LAST LIMIT 1) w1w1LEALIAS) AS e0,(SELECT jprop0 FROM (SELECT w1t1.k0 AS jkey0,1 AS jprop0 FROM qwer0ffd w1t1 JOIN w2jdfkjsd0ref w1t0 ON w1t0.k0=w1t1.p20 WHERE w1t0.e0=t0.k0 LIMIT 1) w1w2LEALIAS) AS e1 FROM w0jdfkjsd0ref t0 WHERE t0.e0 IS NOT NULL)

THREAD :Thread[pool-9-taskRunner-pool-8,5,main]
	at lsfusion.base.ExceptionUtils.getStackTrace(ExceptionUtils.java:26)
	at lsfusion.server.physics.admin.log.ServerLoggers.adjustLog(ServerLoggers.java:112)
	at lsfusion.server.physics.admin.log.ServerLoggers.adjustLog(ServerLoggers.java:124)
	at lsfusion.server.data.query.exec.materialize.AdjustMaterializedExecuteEnvironment.log(AdjustMaterializedExecuteEnvironment.java:208)
	at lsfusion.server.data.query.exec.materialize.AdjustMaterializedExecuteEnvironment.innerFailed(AdjustMaterializedExecuteEnvironment.java:186)
	at lsfusion.server.data.query.exec.materialize.AdjustMaterializedExecuteEnvironment.failed(AdjustMaterializedExecuteEnvironment.java:194)
	at lsfusion.server.data.query.exec.materialize.AdjustMaterializedExecuteEnvironment.failed(AdjustMaterializedExecuteEnvironment.java:1)
	at lsfusion.server.data.sql.SQLSession.executeCommand(SQLSession.java:2038)
	at lsfusion.server.data.sql.SQLSession.executeDML(SQLSession.java:2002)
	at lsfusion.server.data.sql.SQLSession.executeDML(SQLSession.java:1562)
	at lsfusion.server.data.sql.SQLSession.insertSessionSelect(SQLSession.java:2703)
	at lsfusion.server.data.sql.SQLQuery$1.fill(SQLQuery.java:396)
	at lsfusion.server.data.sql.table.SQLTemporaryPool.fillData(SQLTemporaryPool.java:122)
	at lsfusion.server.data.sql.SQLSession.getTemporaryTable(SQLSession.java:1178)
	at lsfusion.server.data.sql.SQLQuery.materialize_aroundBody0(SQLQuery.java:392)
	at lsfusion.server.data.sql.SQLQuery$AjcClosure1.run(SQLQuery.java:1)
	at org.aspectj.runtime.reflect.JoinPointImpl.proceed(JoinPointImpl.java:149)
	at lsfusion.server.base.controller.stack.ExecutionStackAspect.processStackItem(ExecutionStackAspect.java:312)
	at lsfusion.server.base.controller.stack.ExecutionStackAspect.ajc$inlineAccessMethod$lsfusion_server_base_controller_stack_ExecutionStackAspect$lsfusion_server_base_controller_stack_ExecutionStackAspect$processStackItem(ExecutionStackAspect.java:1)
	at lsfusion.server.base.controller.stack.ExecutionStackAspect.callTwinMethod(ExecutionStackAspect.java:205)
	at lsfusion.server.data.sql.SQLQuery.materialize(SQLQuery.java:378)
	at lsfusion.server.data.query.exec.materialize.AdjustMaterializedExecuteEnvironment$Snapshot.beforeOuter(AdjustMaterializedExecuteEnvironment.java:604)
	at lsfusion.server.data.sql.SQLSession.executeCommand(SQLSession.java:2016)
	at lsfusion.server.data.sql.SQLSession.executeCommand(SQLSession.java:2053)
	at lsfusion.server.data.sql.SQLSession.executeDML(SQLSession.java:2002)
	at lsfusion.server.data.sql.SQLSession.executeDML(SQLSession.java:1562)
	at lsfusion.server.data.sql.SQLSession.insertSessionSelect(SQLSession.java:2703)
	at lsfusion.server.data.sql.SQLSession.insertSessionSelect(SQLSession.java:2729)
	at lsfusion.server.data.table.SessionData$2.fill(SessionData.java:179)
	at lsfusion.server.data.sql.table.SQLTemporaryPool.fillData(SQLTemporaryPool.java:122)
	at lsfusion.server.data.sql.SQLSession.getTemporaryTable(SQLSession.java:1178)
	at lsfusion.server.data.sql.SQLSession.createTemporaryTable(SQLSession.java:1088)
	at lsfusion.server.data.table.SessionData.write(SessionData.java:176)
	at lsfusion.server.data.table.SessionData.rewrite(SessionData.java:228)
	at lsfusion.server.logics.action.session.table.SessionTableUsage.writeRows(SessionTableUsage.java:220)
	at lsfusion.server.logics.action.session.table.SessionTableUsage.writeRows(SessionTableUsage.java:211)
	at lsfusion.server.logics.action.session.change.PropertyChange.writeRows(PropertyChange.java:252)
	at lsfusion.server.logics.action.session.change.PropertyChange.materialize_aroundBody4(PropertyChange.java:310)
	at lsfusion.server.logics.action.session.change.PropertyChange$AjcClosure5.run(PropertyChange.java:1)
	at org.aspectj.runtime.reflect.JoinPointImpl.proceed(JoinPointImpl.java:149)
	at lsfusion.server.base.controller.stack.ExecutionStackAspect.processStackItem(ExecutionStackAspect.java:312)
	at lsfusion.server.base.controller.stack.ExecutionStackAspect.ajc$inlineAccessMethod$lsfusion_server_base_controller_stack_ExecutionStackAspect$lsfusion_server_base_controller_stack_ExecutionStackAspect$processStackItem(ExecutionStackAspect.java:1)
	at lsfusion.server.base.controller.stack.ExecutionStackAspect.callTwinMethod(ExecutionStackAspect.java:205)
	at lsfusion.server.logics.action.session.change.PropertyChange.materialize(PropertyChange.java:308)
	at lsfusion.server.logics.action.session.change.PropertyChange.materialize(PropertyChange.java:304)
	at lsfusion.server.physics.dev.integration.service.IntegrationService.synchronize_aroundBody0(IntegrationService.java:108)
	at lsfusion.server.physics.dev.integration.service.IntegrationService$AjcClosure1.run(IntegrationService.java:1)
	at org.aspectj.runtime.reflect.JoinPointImpl.proceed(JoinPointImpl.java:149)
	at lsfusion.server.base.controller.stack.ExecutionStackAspect.processStackItem(ExecutionStackAspect.java:312)
	at lsfusion.server.base.controller.stack.ExecutionStackAspect.ajc$inlineAccessMethod$lsfusion_server_base_controller_stack_ExecutionStackAspect$lsfusion_server_base_controller_stack_ExecutionStackAspect$processStackItem(ExecutionStackAspect.java:1)
	at lsfusion.server.base.controller.stack.ExecutionStackAspect.callTwinMethod(ExecutionStackAspect.java:205)
	at lsfusion.server.physics.dev.integration.service.IntegrationService.synchronize(IntegrationService.java:78)
	at lsfusion.server.physics.admin.reflection.controller.manager.ReflectionManager.synchronizeTables(ReflectionManager.java:823)
	at lsfusion.server.physics.admin.reflection.controller.init.SyncTablesTask.runSync(SyncTablesTask.java:14)
	at lsfusion.server.physics.admin.reflection.controller.init.SyncTask.run(SyncTask.java:21)
	at lsfusion.server.base.task.Task.proceed(Task.java:154)
	at lsfusion.server.base.task.Task$1.aspectRun(Task.java:112)
	at lsfusion.server.base.controller.thread.ExecutorFactory$AspectRunnable.run(ExecutorFactory.java:475)
	at java.base/java.util.concurrent.ThreadPoolExecutor.runWorker(ThreadPoolExecutor.java:1136)
	at java.base/java.util.concurrent.ThreadPoolExecutor$Worker.run(ThreadPoolExecutor.java:635)
	at java.base/java.lang.Thread.run(Thread.java:833)
	at lsfusion.server.base.controller.thread.ExecutorFactory$ClosableDaemonThreadFactory$ClosableThread.run(ExecutorFactory.java:554)

04 Jul 2024 13:59:54,297 system - system - system  INFO SQLAdjustLogger - 
1392627823 SELECT t0.k0 AS jkey0,t0.e0 AS jprop0,t1.Reflection_table_TableColumn AS jprop1 FROM w0jdfkjsd0ref t0 JOIN Reflection_tableColumn t1 ON t1.key0=t0.k0 WHERE (t0.e1 IS NOT NULL AND (t1.Reflection_sid_TableColumn IS NULL OR t0.e0 IS NULL OR NOT t1.Reflection_sid_TableColumn=t0.e0))
	step : 1 timeout : 21600000000  -619718166 (SELECT t0.k0 AS k0,(SELECT jprop0 FROM (SELECT w1t1.k0 AS jkey0,w1t1.p10 AS jprop0 FROM qwer0ffd w1t1 JOIN w1jdfkjsd0ref w1t0 ON w1t0.k0=w1t1.p20 WHERE (w1t1.p10 IS NOT NULL AND w1t0.e0=t0.k0) ORDER BY 2 DESC NULLS LAST LIMIT 1) w1w1LEALIAS) AS e0,(SELECT jprop0 FROM (SELECT w1t1.k0 AS jkey0,1 AS jprop0 FROM qwer0ffd w1t1 JOIN w2jdfkjsd0ref w1t0 ON w1t0.k0=w1t1.p20 WHERE w1t0.e0=t0.k0 LIMIT 1) w1w2LEALIAS) AS e1 FROM w0jdfkjsd0ref t0 WHERE t0.e0 IS NOT NULL)
		SUCCEEDED (AFTER FAILURE) TIME (446 OF 21600000000) : step : 1 timeout : 21600000000 Import data
Materializing property change : Reflection.sid[Reflection.TableColumn] 'Column name' [Reflection(236:39)]
Materializing subquery : (SELECT t0.k0 AS k0,(SELECT jprop0 FROM (SELECT w1t1.k0 AS jkey0,w1t1.p10 AS jprop0 FROM qwer0ffd w1t1 JOIN w1jdfkjsd0ref w1t0 ON w1t0.k0=w1t1.p20 WHERE (w1t1.p10 IS NOT NULL AND w1t0.e0=t0.k0) ORDER BY 2 DESC NULLS LAST LIMIT 1) w1w1LEALIAS) AS e0,(SELECT jprop0 FROM (SELECT w1t1.k0 AS jkey0,1 AS jprop0 FROM qwer0ffd w1t1 JOIN w2jdfkjsd0ref w1t0 ON w1t0.k0=w1t1.p20 WHERE w1t0.e0=t0.k0 LIMIT 1) w1w2LEALIAS) AS e1 FROM w0jdfkjsd0ref t0 WHERE t0.e0 IS NOT NULL)

THREAD :Thread[pool-9-taskRunner-pool-8,5,main]
	at lsfusion.base.ExceptionUtils.getStackTrace(ExceptionUtils.java:26)
	at lsfusion.server.physics.admin.log.ServerLoggers.adjustLog(ServerLoggers.java:112)
	at lsfusion.server.physics.admin.log.ServerLoggers.adjustLog(ServerLoggers.java:124)
	at lsfusion.server.data.query.exec.materialize.AdjustMaterializedExecuteEnvironment.log(AdjustMaterializedExecuteEnvironment.java:208)
	at lsfusion.server.data.query.exec.materialize.AdjustMaterializedExecuteEnvironment.succeeded(AdjustMaterializedExecuteEnvironment.java:177)
	at lsfusion.server.data.query.exec.materialize.AdjustMaterializedExecuteEnvironment.succeeded(AdjustMaterializedExecuteEnvironment.java:1)
	at lsfusion.server.data.sql.SQLSession.executeCommand(SQLSession.java:2026)
	at lsfusion.server.data.sql.SQLSession.executeCommand(SQLSession.java:2053)
	at lsfusion.server.data.sql.SQLSession.executeDML(SQLSession.java:2002)
	at lsfusion.server.data.sql.SQLSession.executeDML(SQLSession.java:1562)
	at lsfusion.server.data.sql.SQLSession.insertSessionSelect(SQLSession.java:2703)
	at lsfusion.server.data.sql.SQLQuery$1.fill(SQLQuery.java:396)
	at lsfusion.server.data.sql.table.SQLTemporaryPool.fillData(SQLTemporaryPool.java:122)
	at lsfusion.server.data.sql.SQLSession.getTemporaryTable(SQLSession.java:1178)
	at lsfusion.server.data.sql.SQLQuery.materialize_aroundBody0(SQLQuery.java:392)
	at lsfusion.server.data.sql.SQLQuery$AjcClosure1.run(SQLQuery.java:1)
	at org.aspectj.runtime.reflect.JoinPointImpl.proceed(JoinPointImpl.java:149)
	at lsfusion.server.base.controller.stack.ExecutionStackAspect.processStackItem(ExecutionStackAspect.java:312)
	at lsfusion.server.base.controller.stack.ExecutionStackAspect.ajc$inlineAccessMethod$lsfusion_server_base_controller_stack_ExecutionStackAspect$lsfusion_server_base_controller_stack_ExecutionStackAspect$processStackItem(ExecutionStackAspect.java:1)
	at lsfusion.server.base.controller.stack.ExecutionStackAspect.callTwinMethod(ExecutionStackAspect.java:205)
	at lsfusion.server.data.sql.SQLQuery.materialize(SQLQuery.java:378)
	at lsfusion.server.data.query.exec.materialize.AdjustMaterializedExecuteEnvironment$Snapshot.beforeOuter(AdjustMaterializedExecuteEnvironment.java:604)
	at lsfusion.server.data.sql.SQLSession.executeCommand(SQLSession.java:2016)
	at lsfusion.server.data.sql.SQLSession.executeCommand(SQLSession.java:2053)
	at lsfusion.server.data.sql.SQLSession.executeDML(SQLSession.java:2002)
	at lsfusion.server.data.sql.SQLSession.executeDML(SQLSession.java:1562)
	at lsfusion.server.data.sql.SQLSession.insertSessionSelect(SQLSession.java:2703)
	at lsfusion.server.data.sql.SQLSession.insertSessionSelect(SQLSession.java:2729)
	at lsfusion.server.data.table.SessionData$2.fill(SessionData.java:179)
	at lsfusion.server.data.sql.table.SQLTemporaryPool.fillData(SQLTemporaryPool.java:122)
	at lsfusion.server.data.sql.SQLSession.getTemporaryTable(SQLSession.java:1178)
	at lsfusion.server.data.sql.SQLSession.createTemporaryTable(SQLSession.java:1088)
	at lsfusion.server.data.table.SessionData.write(SessionData.java:176)
	at lsfusion.server.data.table.SessionData.rewrite(SessionData.java:228)
	at lsfusion.server.logics.action.session.table.SessionTableUsage.writeRows(SessionTableUsage.java:220)
	at lsfusion.server.logics.action.session.table.SessionTableUsage.writeRows(SessionTableUsage.java:211)
	at lsfusion.server.logics.action.session.change.PropertyChange.writeRows(PropertyChange.java:252)
	at lsfusion.server.logics.action.session.change.PropertyChange.materialize_aroundBody4(PropertyChange.java:310)
	at lsfusion.server.logics.action.session.change.PropertyChange$AjcClosure5.run(PropertyChange.java:1)
	at org.aspectj.runtime.reflect.JoinPointImpl.proceed(JoinPointImpl.java:149)
	at lsfusion.server.base.controller.stack.ExecutionStackAspect.processStackItem(ExecutionStackAspect.java:312)
	at lsfusion.server.base.controller.stack.ExecutionStackAspect.ajc$inlineAccessMethod$lsfusion_server_base_controller_stack_ExecutionStackAspect$lsfusion_server_base_controller_stack_ExecutionStackAspect$processStackItem(ExecutionStackAspect.java:1)
	at lsfusion.server.base.controller.stack.ExecutionStackAspect.callTwinMethod(ExecutionStackAspect.java:205)
	at lsfusion.server.logics.action.session.change.PropertyChange.materialize(PropertyChange.java:308)
	at lsfusion.server.logics.action.session.change.PropertyChange.materialize(PropertyChange.java:304)
	at lsfusion.server.physics.dev.integration.service.IntegrationService.synchronize_aroundBody0(IntegrationService.java:108)
	at lsfusion.server.physics.dev.integration.service.IntegrationService$AjcClosure1.run(IntegrationService.java:1)
	at org.aspectj.runtime.reflect.JoinPointImpl.proceed(JoinPointImpl.java:149)
	at lsfusion.server.base.controller.stack.ExecutionStackAspect.processStackItem(ExecutionStackAspect.java:312)
	at lsfusion.server.base.controller.stack.ExecutionStackAspect.ajc$inlineAccessMethod$lsfusion_server_base_controller_stack_ExecutionStackAspect$lsfusion_server_base_controller_stack_ExecutionStackAspect$processStackItem(ExecutionStackAspect.java:1)
	at lsfusion.server.base.controller.stack.ExecutionStackAspect.callTwinMethod(ExecutionStackAspect.java:205)
	at lsfusion.server.physics.dev.integration.service.IntegrationService.synchronize(IntegrationService.java:78)
	at lsfusion.server.physics.admin.reflection.controller.manager.ReflectionManager.synchronizeTables(ReflectionManager.java:823)
	at lsfusion.server.physics.admin.reflection.controller.init.SyncTablesTask.runSync(SyncTablesTask.java:14)
	at lsfusion.server.physics.admin.reflection.controller.init.SyncTask.run(SyncTask.java:21)
	at lsfusion.server.base.task.Task.proceed(Task.java:154)
	at lsfusion.server.base.task.Task$1.aspectRun(Task.java:112)
	at lsfusion.server.base.controller.thread.ExecutorFactory$AspectRunnable.run(ExecutorFactory.java:475)
	at java.base/java.util.concurrent.ThreadPoolExecutor.runWorker(ThreadPoolExecutor.java:1136)
	at java.base/java.util.concurrent.ThreadPoolExecutor$Worker.run(ThreadPoolExecutor.java:635)
	at java.base/java.lang.Thread.run(Thread.java:833)
	at lsfusion.server.base.controller.thread.ExecutorFactory$ClosableDaemonThreadFactory$ClosableThread.run(ExecutorFactory.java:554)

04 Jul 2024 13:59:54,314 system - system - system  INFO SQLAdjustLogger - 
1392627823 SELECT t0.k0 AS jkey0,t0.e0 AS jprop0,t1.Reflection_table_TableColumn AS jprop1 FROM w0jdfkjsd0ref t0 JOIN Reflection_tableColumn t1 ON t1.key0=t0.k0 WHERE (t0.e1 IS NOT NULL AND (t1.Reflection_sid_TableColumn IS NULL OR t0.e0 IS NULL OR NOT t1.Reflection_sid_TableColumn=t0.e0))
	SUCCEEDED (AFTER FAILURE) TIME (3 OF 21600000000) - BACK FROM : step : 1 timeout : 21600000000 
		 TO : step : 0 timeout : 677 Import data
Materializing property change : Reflection.sid[Reflection.TableColumn] 'Column name' [Reflection(236:39)]

THREAD :Thread[pool-9-taskRunner-pool-8,5,main]
	at lsfusion.base.ExceptionUtils.getStackTrace(ExceptionUtils.java:26)
	at lsfusion.server.physics.admin.log.ServerLoggers.adjustLog(ServerLoggers.java:112)
	at lsfusion.server.physics.admin.log.ServerLoggers.adjustLog(ServerLoggers.java:124)
	at lsfusion.server.data.query.exec.materialize.AdjustMaterializedExecuteEnvironment.log(AdjustMaterializedExecuteEnvironment.java:208)
	at lsfusion.server.data.query.exec.materialize.AdjustMaterializedExecuteEnvironment.succeeded(AdjustMaterializedExecuteEnvironment.java:177)
	at lsfusion.server.data.query.exec.materialize.AdjustMaterializedExecuteEnvironment.succeeded(AdjustMaterializedExecuteEnvironment.java:1)
	at lsfusion.server.data.sql.SQLSession.executeCommand(SQLSession.java:2026)
	at lsfusion.server.data.sql.SQLSession.executeCommand(SQLSession.java:2053)
	at lsfusion.server.data.sql.SQLSession.executeDML(SQLSession.java:2002)
	at lsfusion.server.data.sql.SQLSession.executeDML(SQLSession.java:1562)
	at lsfusion.server.data.sql.SQLSession.insertSessionSelect(SQLSession.java:2703)
	at lsfusion.server.data.sql.SQLSession.insertSessionSelect(SQLSession.java:2729)
	at lsfusion.server.data.table.SessionData$2.fill(SessionData.java:179)
	at lsfusion.server.data.sql.table.SQLTemporaryPool.fillData(SQLTemporaryPool.java:122)
	at lsfusion.server.data.sql.SQLSession.getTemporaryTable(SQLSession.java:1178)
	at lsfusion.server.data.sql.SQLSession.createTemporaryTable(SQLSession.java:1088)
	at lsfusion.server.data.table.SessionData.write(SessionData.java:176)
	at lsfusion.server.data.table.SessionData.rewrite(SessionData.java:228)
	at lsfusion.server.logics.action.session.table.SessionTableUsage.writeRows(SessionTableUsage.java:220)
	at lsfusion.server.logics.action.session.table.SessionTableUsage.writeRows(SessionTableUsage.java:211)
	at lsfusion.server.logics.action.session.change.PropertyChange.writeRows(PropertyChange.java:252)
	at lsfusion.server.logics.action.session.change.PropertyChange.materialize_aroundBody4(PropertyChange.java:310)
	at lsfusion.server.logics.action.session.change.PropertyChange$AjcClosure5.run(PropertyChange.java:1)
	at org.aspectj.runtime.reflect.JoinPointImpl.proceed(JoinPointImpl.java:149)
	at lsfusion.server.base.controller.stack.ExecutionStackAspect.processStackItem(ExecutionStackAspect.java:312)
	at lsfusion.server.base.controller.stack.ExecutionStackAspect.ajc$inlineAccessMethod$lsfusion_server_base_controller_stack_ExecutionStackAspect$lsfusion_server_base_controller_stack_ExecutionStackAspect$processStackItem(ExecutionStackAspect.java:1)
	at lsfusion.server.base.controller.stack.ExecutionStackAspect.callTwinMethod(ExecutionStackAspect.java:205)
	at lsfusion.server.logics.action.session.change.PropertyChange.materialize(PropertyChange.java:308)
	at lsfusion.server.logics.action.session.change.PropertyChange.materialize(PropertyChange.java:304)
	at lsfusion.server.physics.dev.integration.service.IntegrationService.synchronize_aroundBody0(IntegrationService.java:108)
	at lsfusion.server.physics.dev.integration.service.IntegrationService$AjcClosure1.run(IntegrationService.java:1)
	at org.aspectj.runtime.reflect.JoinPointImpl.proceed(JoinPointImpl.java:149)
	at lsfusion.server.base.controller.stack.ExecutionStackAspect.processStackItem(ExecutionStackAspect.java:312)
	at lsfusion.server.base.controller.stack.ExecutionStackAspect.ajc$inlineAccessMethod$lsfusion_server_base_controller_stack_ExecutionStackAspect$lsfusion_server_base_controller_stack_ExecutionStackAspect$processStackItem(ExecutionStackAspect.java:1)
	at lsfusion.server.base.controller.stack.ExecutionStackAspect.callTwinMethod(ExecutionStackAspect.java:205)
	at lsfusion.server.physics.dev.integration.service.IntegrationService.synchronize(IntegrationService.java:78)
	at lsfusion.server.physics.admin.reflection.controller.manager.ReflectionManager.synchronizeTables(ReflectionManager.java:823)
	at lsfusion.server.physics.admin.reflection.controller.init.SyncTablesTask.runSync(SyncTablesTask.java:14)
	at lsfusion.server.physics.admin.reflection.controller.init.SyncTask.run(SyncTask.java:21)
	at lsfusion.server.base.task.Task.proceed(Task.java:154)
	at lsfusion.server.base.task.Task$1.aspectRun(Task.java:112)
	at lsfusion.server.base.controller.thread.ExecutorFactory$AspectRunnable.run(ExecutorFactory.java:475)
	at java.base/java.util.concurrent.ThreadPoolExecutor.runWorker(ThreadPoolExecutor.java:1136)
	at java.base/java.util.concurrent.ThreadPoolExecutor$Worker.run(ThreadPoolExecutor.java:635)
	at java.base/java.lang.Thread.run(Thread.java:833)
	at lsfusion.server.base.controller.thread.ExecutorFactory$ClosableDaemonThreadFactory$ClosableThread.run(ExecutorFactory.java:554)

