03 Jul 2024 14:33:50,485 system - system - system  INFO ExInfoLogger - SQL SESSION CLOSE SQL@734749909
THREAD :Thread[pool-4-taskRunner-pool-10,5,main]
	at lsfusion.base.ExceptionUtils.getStackTrace(ExceptionUtils.java:26)
	at lsfusion.server.physics.admin.log.ServerLoggers.exinfoLog(ServerLoggers.java:128)
	at lsfusion.server.data.sql.SQLSession.onClose(SQLSession.java:2787)
	at lsfusion.server.data.sql.SQLSession.onClose(SQLSession.java:1)
	at lsfusion.server.base.MutableClosedObject.explicitClose(MutableClosedObject.java:23)
	at lsfusion.server.data.sql.SQLSession.close(SQLSession.java:3465)
	at lsfusion.server.physics.exec.db.controller.manager.DBManager.closeThreadLocalSql(DBManager.java:887)
	at lsfusion.server.base.controller.thread.ExecutorFactory$ClosableDaemonThreadFactory$ClosableThread.run(ExecutorFactory.java:560)

03 Jul 2024 14:35:13,949 system - system - system  INFO ExInfoLogger - SQL SESSION CLOSE SQL@280804338
THREAD :Thread[pool-4-taskRunner-pool-10,5,main]
	at lsfusion.base.ExceptionUtils.getStackTrace(ExceptionUtils.java:26)
	at lsfusion.server.physics.admin.log.ServerLoggers.exinfoLog(ServerLoggers.java:128)
	at lsfusion.server.data.sql.SQLSession.onClose(SQLSession.java:2787)
	at lsfusion.server.data.sql.SQLSession.onClose(SQLSession.java:1)
	at lsfusion.server.base.MutableClosedObject.explicitClose(MutableClosedObject.java:23)
	at lsfusion.server.data.sql.SQLSession.close(SQLSession.java:3465)
	at lsfusion.server.physics.exec.db.controller.manager.DBManager.closeThreadLocalSql(DBManager.java:887)
	at lsfusion.server.base.controller.thread.ExecutorFactory$ClosableDaemonThreadFactory$ClosableThread.run(ExecutorFactory.java:560)

03 Jul 2024 14:35:34,958 system - system - system  INFO ExInfoLogger - SQL SESSION CLOSE SQL@1228790894
THREAD :Thread[pool-4-taskRunner-pool-11,5,main]
	at lsfusion.base.ExceptionUtils.getStackTrace(ExceptionUtils.java:26)
	at lsfusion.server.physics.admin.log.ServerLoggers.exinfoLog(ServerLoggers.java:128)
	at lsfusion.server.data.sql.SQLSession.onClose(SQLSession.java:2787)
	at lsfusion.server.data.sql.SQLSession.onClose(SQLSession.java:1)
	at lsfusion.server.base.MutableClosedObject.explicitClose(MutableClosedObject.java:23)
	at lsfusion.server.data.sql.SQLSession.close(SQLSession.java:3465)
	at lsfusion.server.physics.exec.db.controller.manager.DBManager.closeThreadLocalSql(DBManager.java:887)
	at lsfusion.server.base.controller.thread.ExecutorFactory$ClosableDaemonThreadFactory$ClosableThread.run(ExecutorFactory.java:560)

03 Jul 2024 14:38:46,275 system - system - system  INFO ExInfoLogger - SQL SESSION CLOSE SQL@156364012
THREAD :Thread[pool-4-taskRunner-pool-12,5,main]
	at lsfusion.base.ExceptionUtils.getStackTrace(ExceptionUtils.java:26)
	at lsfusion.server.physics.admin.log.ServerLoggers.exinfoLog(ServerLoggers.java:128)
	at lsfusion.server.data.sql.SQLSession.onClose(SQLSession.java:2787)
	at lsfusion.server.data.sql.SQLSession.onClose(SQLSession.java:1)
	at lsfusion.server.base.MutableClosedObject.explicitClose(MutableClosedObject.java:23)
	at lsfusion.server.data.sql.SQLSession.close(SQLSession.java:3465)
	at lsfusion.server.physics.exec.db.controller.manager.DBManager.closeThreadLocalSql(DBManager.java:887)
	at lsfusion.server.base.controller.thread.ExecutorFactory$ClosableDaemonThreadFactory$ClosableThread.run(ExecutorFactory.java:560)

03 Jul 2024 14:39:44,080 system - system - system  INFO ExInfoLogger - SQL SESSION CLOSE SQL@778296512
THREAD :Thread[pool-4-taskRunner-pool-9,5,main]
	at lsfusion.base.ExceptionUtils.getStackTrace(ExceptionUtils.java:26)
	at lsfusion.server.physics.admin.log.ServerLoggers.exinfoLog(ServerLoggers.java:128)
	at lsfusion.server.data.sql.SQLSession.onClose(SQLSession.java:2787)
	at lsfusion.server.data.sql.SQLSession.onClose(SQLSession.java:1)
	at lsfusion.server.base.MutableClosedObject.explicitClose(MutableClosedObject.java:23)
	at lsfusion.server.data.sql.SQLSession.close(SQLSession.java:3465)
	at lsfusion.server.physics.exec.db.controller.manager.DBManager.closeThreadLocalSql(DBManager.java:887)
	at lsfusion.server.base.controller.thread.ExecutorFactory$ClosableDaemonThreadFactory$ClosableThread.run(ExecutorFactory.java:560)

03 Jul 2024 14:43:35,097 system - system - system  INFO ExInfoLogger - SQL SESSION CLOSE SQL@1144378871
THREAD :Thread[pool-4-taskRunner-pool-3,5,main]
	at lsfusion.base.ExceptionUtils.getStackTrace(ExceptionUtils.java:26)
	at lsfusion.server.physics.admin.log.ServerLoggers.exinfoLog(ServerLoggers.java:128)
	at lsfusion.server.data.sql.SQLSession.onClose(SQLSession.java:2787)
	at lsfusion.server.data.sql.SQLSession.onClose(SQLSession.java:1)
	at lsfusion.server.base.MutableClosedObject.explicitClose(MutableClosedObject.java:23)
	at lsfusion.server.data.sql.SQLSession.close(SQLSession.java:3465)
	at lsfusion.server.physics.exec.db.controller.manager.DBManager.closeThreadLocalSql(DBManager.java:887)
	at lsfusion.server.base.controller.thread.ExecutorFactory$ClosableDaemonThreadFactory$ClosableThread.run(ExecutorFactory.java:560)

03 Jul 2024 14:45:27,500 system - system - system  INFO ExInfoLogger - SQL SESSION CLOSE SQL@2081287353
THREAD :Thread[pool-4-taskRunner-pool-2,5,main]
	at lsfusion.base.ExceptionUtils.getStackTrace(ExceptionUtils.java:26)
	at lsfusion.server.physics.admin.log.ServerLoggers.exinfoLog(ServerLoggers.java:128)
	at lsfusion.server.data.sql.SQLSession.onClose(SQLSession.java:2787)
	at lsfusion.server.data.sql.SQLSession.onClose(SQLSession.java:1)
	at lsfusion.server.base.MutableClosedObject.explicitClose(MutableClosedObject.java:23)
	at lsfusion.server.data.sql.SQLSession.close(SQLSession.java:3465)
	at lsfusion.server.physics.exec.db.controller.manager.DBManager.closeThreadLocalSql(DBManager.java:887)
	at lsfusion.server.base.controller.thread.ExecutorFactory$ClosableDaemonThreadFactory$ClosableThread.run(ExecutorFactory.java:560)

03 Jul 2024 14:46:17,784 system - system - system  INFO ExInfoLogger - SQL SESSION CLOSE SQL@742883382
THREAD :Thread[pool-4-taskRunner-pool-9,5,main]
	at lsfusion.base.ExceptionUtils.getStackTrace(ExceptionUtils.java:26)
	at lsfusion.server.physics.admin.log.ServerLoggers.exinfoLog(ServerLoggers.java:128)
	at lsfusion.server.data.sql.SQLSession.onClose(SQLSession.java:2787)
	at lsfusion.server.data.sql.SQLSession.onClose(SQLSession.java:1)
	at lsfusion.server.base.MutableClosedObject.explicitClose(MutableClosedObject.java:23)
	at lsfusion.server.data.sql.SQLSession.close(SQLSession.java:3465)
	at lsfusion.server.physics.exec.db.controller.manager.DBManager.closeThreadLocalSql(DBManager.java:887)
	at lsfusion.server.base.controller.thread.ExecutorFactory$ClosableDaemonThreadFactory$ClosableThread.run(ExecutorFactory.java:560)

03 Jul 2024 14:46:29,266 system - system - system  INFO ExInfoLogger - SQL SESSION CLOSE SQL@1131763587
THREAD :Thread[pool-5-taskRunner-pool-1,5,main]
	at lsfusion.base.ExceptionUtils.getStackTrace(ExceptionUtils.java:26)
	at lsfusion.server.physics.admin.log.ServerLoggers.exinfoLog(ServerLoggers.java:128)
	at lsfusion.server.data.sql.SQLSession.onClose(SQLSession.java:2787)
	at lsfusion.server.data.sql.SQLSession.onClose(SQLSession.java:1)
	at lsfusion.server.base.MutableClosedObject.explicitClose(MutableClosedObject.java:23)
	at lsfusion.server.data.sql.SQLSession.close(SQLSession.java:3465)
	at lsfusion.server.physics.exec.db.controller.manager.DBManager.closeThreadLocalSql(DBManager.java:887)
	at lsfusion.server.base.controller.thread.ExecutorFactory$ClosableDaemonThreadFactory$ClosableThread.run(ExecutorFactory.java:560)

03 Jul 2024 14:46:39,361 system - system - system  INFO ExInfoLogger - SQL SESSION CLOSE SQL@1158665004
THREAD :Thread[pool-9-taskRunner-pool-5,5,main]
	at lsfusion.base.ExceptionUtils.getStackTrace(ExceptionUtils.java:26)
	at lsfusion.server.physics.admin.log.ServerLoggers.exinfoLog(ServerLoggers.java:128)
	at lsfusion.server.data.sql.SQLSession.onClose(SQLSession.java:2787)
	at lsfusion.server.data.sql.SQLSession.onClose(SQLSession.java:1)
	at lsfusion.server.base.MutableClosedObject.explicitClose(MutableClosedObject.java:23)
	at lsfusion.server.data.sql.SQLSession.close(SQLSession.java:3465)
	at lsfusion.server.physics.exec.db.controller.manager.DBManager.closeThreadLocalSql(DBManager.java:887)
	at lsfusion.server.base.controller.thread.ExecutorFactory$ClosableDaemonThreadFactory$ClosableThread.run(ExecutorFactory.java:560)

03 Jul 2024 14:46:39,361 system - system - system  INFO ExInfoLogger - SQL SESSION CLOSE SQL@2137802109
THREAD :Thread[pool-9-taskRunner-pool-8,5,main]
	at lsfusion.base.ExceptionUtils.getStackTrace(ExceptionUtils.java:26)
	at lsfusion.server.physics.admin.log.ServerLoggers.exinfoLog(ServerLoggers.java:128)
	at lsfusion.server.data.sql.SQLSession.onClose(SQLSession.java:2787)
	at lsfusion.server.data.sql.SQLSession.onClose(SQLSession.java:1)
	at lsfusion.server.base.MutableClosedObject.explicitClose(MutableClosedObject.java:23)
	at lsfusion.server.data.sql.SQLSession.close(SQLSession.java:3465)
	at lsfusion.server.physics.exec.db.controller.manager.DBManager.closeThreadLocalSql(DBManager.java:887)
	at lsfusion.server.base.controller.thread.ExecutorFactory$ClosableDaemonThreadFactory$ClosableThread.run(ExecutorFactory.java:560)

03 Jul 2024 14:46:39,361 system - system - system  INFO ExInfoLogger - SQL SESSION CLOSE SQL@1950624874
THREAD :Thread[pool-9-taskRunner-pool-3,5,main]
	at lsfusion.base.ExceptionUtils.getStackTrace(ExceptionUtils.java:26)
	at lsfusion.server.physics.admin.log.ServerLoggers.exinfoLog(ServerLoggers.java:128)
	at lsfusion.server.data.sql.SQLSession.onClose(SQLSession.java:2787)
	at lsfusion.server.data.sql.SQLSession.onClose(SQLSession.java:1)
	at lsfusion.server.base.MutableClosedObject.explicitClose(MutableClosedObject.java:23)
	at lsfusion.server.data.sql.SQLSession.close(SQLSession.java:3465)
	at lsfusion.server.physics.exec.db.controller.manager.DBManager.closeThreadLocalSql(DBManager.java:887)
	at lsfusion.server.base.controller.thread.ExecutorFactory$ClosableDaemonThreadFactory$ClosableThread.run(ExecutorFactory.java:560)

03 Jul 2024 14:46:39,371 system - system - system  INFO ExInfoLogger - SQL SESSION CLOSE SQL@1541942595
THREAD :Thread[START, TID - (1),5,main]
	at lsfusion.base.ExceptionUtils.getStackTrace(ExceptionUtils.java:26)
	at lsfusion.server.physics.admin.log.ServerLoggers.exinfoLog(ServerLoggers.java:128)
	at lsfusion.server.data.sql.SQLSession.onClose(SQLSession.java:2787)
	at lsfusion.server.data.sql.SQLSession.onClose(SQLSession.java:1)
	at lsfusion.server.base.MutableClosedObject.explicitClose(MutableClosedObject.java:23)
	at lsfusion.server.data.sql.SQLSession.close(SQLSession.java:3465)
	at lsfusion.server.physics.exec.db.controller.manager.DBManager.closeThreadLocalSql(DBManager.java:887)
	at lsfusion.server.base.controller.thread.ThreadLocalContext.aspectAfter(ThreadLocalContext.java:346)
	at lsfusion.server.base.controller.thread.ThreadLocalContext.aspectAfterEvent(ThreadLocalContext.java:364)
	at lsfusion.server.base.controller.thread.ThreadLocalContext.aspectAfterEvent(ThreadLocalContext.java:376)
	at lsfusion.server.base.controller.thread.ThreadLocalContext.aspectAfterLifecycle(ThreadLocalContext.java:448)
	at lsfusion.server.logics.LogicsInstance.lambda$1(LogicsInstance.java:181)
	at lsfusion.server.logics.LogicsInstance.start(LogicsInstance.java:201)
	at lsfusion.server.logics.BusinessLogicsBootstrap.start(BusinessLogicsBootstrap.java:54)
	at lsfusion.server.logics.BusinessLogicsBootstrap.main(BusinessLogicsBootstrap.java:171)

03 Jul 2024 14:47:40,577 system - system - system  INFO ExInfoLogger - SQL SESSION CLOSE SQL@1480161886
THREAD :Thread[RMI:logics, TID - (70),5,RMI Runtime]
	at lsfusion.base.ExceptionUtils.getStackTrace(ExceptionUtils.java:26)
	at lsfusion.server.physics.admin.log.ServerLoggers.exinfoLog(ServerLoggers.java:128)
	at lsfusion.server.data.sql.SQLSession.onClose(SQLSession.java:2787)
	at lsfusion.server.data.sql.SQLSession.onClose(SQLSession.java:1)
	at lsfusion.server.base.MutableClosedObject.explicitClose(MutableClosedObject.java:23)
	at lsfusion.server.data.sql.SQLSession.close(SQLSession.java:3465)
	at lsfusion.server.physics.admin.authentication.controller.remote.RemoteConnection.onClose(RemoteConnection.java:273)
	at lsfusion.server.logics.action.session.controller.remote.RemoteSession.onClose(RemoteSession.java:308)
	at lsfusion.server.base.controller.remote.context.ContextAwarePendingRemoteObject.localClose(ContextAwarePendingRemoteObject.java:226)
	at lsfusion.server.logics.controller.remote.RemoteLogics.runInNewSession(RemoteLogics.java:151)
	at lsfusion.server.logics.controller.remote.RemoteLogics.exec_aroundBody16(RemoteLogics.java:157)
	at lsfusion.server.logics.controller.remote.RemoteLogics$AjcClosure17.run(RemoteLogics.java:1)
	at org.aspectj.runtime.reflect.JoinPointImpl.proceed(JoinPointImpl.java:149)
	at lsfusion.server.base.controller.stack.ExecutionStackAspect.processStackItem(ExecutionStackAspect.java:312)
	at lsfusion.server.base.controller.stack.ExecutionStackAspect.ajc$inlineAccessMethod$lsfusion_server_base_controller_stack_ExecutionStackAspect$lsfusion_server_base_controller_stack_ExecutionStackAspect$processStackItem(ExecutionStackAspect.java:1)
	at lsfusion.server.base.controller.stack.ExecutionStackAspect.execute(ExecutionStackAspect.java:224)
	at lsfusion.server.logics.controller.remote.RemoteLogics.exec_aroundBody18(RemoteLogics.java:156)
	at lsfusion.server.logics.controller.remote.RemoteLogics.exec_aroundBody19$advice(RemoteLogics.java:46)
	at lsfusion.server.logics.controller.remote.RemoteLogics.exec_aroundBody20(RemoteLogics.java:1)
	at lsfusion.server.logics.controller.remote.RemoteLogics.exec_aroundBody21$advice(RemoteLogics.java:35)
	at lsfusion.server.logics.controller.remote.RemoteLogics.exec_aroundBody22(RemoteLogics.java:1)
	at lsfusion.server.logics.controller.remote.RemoteLogics.exec_aroundBody23$advice(RemoteLogics.java:47)
	at lsfusion.server.logics.controller.remote.RemoteLogics.exec(RemoteLogics.java:1)
	at java.base/jdk.internal.reflect.DirectMethodHandleAccessor.invoke(DirectMethodHandleAccessor.java:104)
	at java.base/java.lang.reflect.Method.invoke(Method.java:577)
	at java.rmi/sun.rmi.server.UnicastServerRef.dispatch(UnicastServerRef.java:360)
	at java.rmi/sun.rmi.transport.Transport$1.run(Transport.java:200)
	at java.rmi/sun.rmi.transport.Transport$1.run(Transport.java:197)
	at java.base/java.security.AccessController.doPrivileged(AccessController.java:712)
	at java.rmi/sun.rmi.transport.Transport.serviceCall(Transport.java:196)
	at java.rmi/sun.rmi.transport.tcp.TCPTransport.handleMessages(TCPTransport.java:598)
	at java.rmi/sun.rmi.transport.tcp.TCPTransport$ConnectionHandler.run0(TCPTransport.java:844)
	at java.rmi/sun.rmi.transport.tcp.TCPTransport$ConnectionHandler.lambda$run$0(TCPTransport.java:721)
	at java.base/java.security.AccessController.doPrivileged(AccessController.java:399)
	at java.rmi/sun.rmi.transport.tcp.TCPTransport$ConnectionHandler.run(TCPTransport.java:720)
	at java.base/java.util.concurrent.ThreadPoolExecutor.runWorker(ThreadPoolExecutor.java:1136)
	at java.base/java.util.concurrent.ThreadPoolExecutor$Worker.run(ThreadPoolExecutor.java:635)
	at java.base/java.lang.Thread.run(Thread.java:833)

03 Jul 2024 14:47:40,823 system - system - system  INFO ExInfoLogger - SQL SESSION CLOSE SQL@1762562513
THREAD :Thread[RMI:logics, TID - (70),5,RMI Runtime]
	at lsfusion.base.ExceptionUtils.getStackTrace(ExceptionUtils.java:26)
	at lsfusion.server.physics.admin.log.ServerLoggers.exinfoLog(ServerLoggers.java:128)
	at lsfusion.server.data.sql.SQLSession.onClose(SQLSession.java:2787)
	at lsfusion.server.data.sql.SQLSession.onClose(SQLSession.java:1)
	at lsfusion.server.base.MutableClosedObject.explicitClose(MutableClosedObject.java:23)
	at lsfusion.server.data.sql.SQLSession.close(SQLSession.java:3465)
	at lsfusion.server.physics.admin.authentication.controller.remote.RemoteConnection.onClose(RemoteConnection.java:273)
	at lsfusion.server.logics.action.session.controller.remote.RemoteSession.onClose(RemoteSession.java:308)
	at lsfusion.server.base.controller.remote.context.ContextAwarePendingRemoteObject.localClose(ContextAwarePendingRemoteObject.java:226)
	at lsfusion.server.logics.controller.remote.RemoteLogics.runInNewSession(RemoteLogics.java:151)
	at lsfusion.server.logics.controller.remote.RemoteLogics.exec_aroundBody16(RemoteLogics.java:157)
	at lsfusion.server.logics.controller.remote.RemoteLogics$AjcClosure17.run(RemoteLogics.java:1)
	at org.aspectj.runtime.reflect.JoinPointImpl.proceed(JoinPointImpl.java:149)
	at lsfusion.server.base.controller.stack.ExecutionStackAspect.processStackItem(ExecutionStackAspect.java:312)
	at lsfusion.server.base.controller.stack.ExecutionStackAspect.ajc$inlineAccessMethod$lsfusion_server_base_controller_stack_ExecutionStackAspect$lsfusion_server_base_controller_stack_ExecutionStackAspect$processStackItem(ExecutionStackAspect.java:1)
	at lsfusion.server.base.controller.stack.ExecutionStackAspect.execute(ExecutionStackAspect.java:224)
	at lsfusion.server.logics.controller.remote.RemoteLogics.exec_aroundBody18(RemoteLogics.java:156)
	at lsfusion.server.logics.controller.remote.RemoteLogics.exec_aroundBody19$advice(RemoteLogics.java:46)
	at lsfusion.server.logics.controller.remote.RemoteLogics.exec_aroundBody20(RemoteLogics.java:1)
	at lsfusion.server.logics.controller.remote.RemoteLogics.exec_aroundBody21$advice(RemoteLogics.java:35)
	at lsfusion.server.logics.controller.remote.RemoteLogics.exec_aroundBody22(RemoteLogics.java:1)
	at lsfusion.server.logics.controller.remote.RemoteLogics.exec_aroundBody23$advice(RemoteLogics.java:47)
	at lsfusion.server.logics.controller.remote.RemoteLogics.exec(RemoteLogics.java:1)
	at java.base/jdk.internal.reflect.DirectMethodHandleAccessor.invoke(DirectMethodHandleAccessor.java:104)
	at java.base/java.lang.reflect.Method.invoke(Method.java:577)
	at java.rmi/sun.rmi.server.UnicastServerRef.dispatch(UnicastServerRef.java:360)
	at java.rmi/sun.rmi.transport.Transport$1.run(Transport.java:200)
	at java.rmi/sun.rmi.transport.Transport$1.run(Transport.java:197)
	at java.base/java.security.AccessController.doPrivileged(AccessController.java:712)
	at java.rmi/sun.rmi.transport.Transport.serviceCall(Transport.java:196)
	at java.rmi/sun.rmi.transport.tcp.TCPTransport.handleMessages(TCPTransport.java:598)
	at java.rmi/sun.rmi.transport.tcp.TCPTransport$ConnectionHandler.run0(TCPTransport.java:844)
	at java.rmi/sun.rmi.transport.tcp.TCPTransport$ConnectionHandler.lambda$run$0(TCPTransport.java:721)
	at java.base/java.security.AccessController.doPrivileged(AccessController.java:399)
	at java.rmi/sun.rmi.transport.tcp.TCPTransport$ConnectionHandler.run(TCPTransport.java:720)
	at java.base/java.util.concurrent.ThreadPoolExecutor.runWorker(ThreadPoolExecutor.java:1136)
	at java.base/java.util.concurrent.ThreadPoolExecutor$Worker.run(ThreadPoolExecutor.java:635)
	at java.base/java.lang.Thread.run(Thread.java:833)

03 Jul 2024 14:47:43,365 system - system - system  INFO ExInfoLogger - SQL SESSION CLOSE SQL@246102262
THREAD :Thread[RMI:logics, TID - (70),5,RMI Runtime]
	at lsfusion.base.ExceptionUtils.getStackTrace(ExceptionUtils.java:26)
	at lsfusion.server.physics.admin.log.ServerLoggers.exinfoLog(ServerLoggers.java:128)
	at lsfusion.server.data.sql.SQLSession.onClose(SQLSession.java:2787)
	at lsfusion.server.data.sql.SQLSession.onClose(SQLSession.java:1)
	at lsfusion.server.base.MutableClosedObject.explicitClose(MutableClosedObject.java:23)
	at lsfusion.server.data.sql.SQLSession.close(SQLSession.java:3465)
	at lsfusion.server.physics.admin.authentication.controller.remote.RemoteConnection.onClose(RemoteConnection.java:273)
	at lsfusion.server.logics.action.session.controller.remote.RemoteSession.onClose(RemoteSession.java:308)
	at lsfusion.server.base.controller.remote.context.ContextAwarePendingRemoteObject.localClose(ContextAwarePendingRemoteObject.java:226)
	at lsfusion.server.logics.controller.remote.RemoteLogics.runInNewSession(RemoteLogics.java:151)
	at lsfusion.server.logics.controller.remote.RemoteLogics.exec_aroundBody16(RemoteLogics.java:157)
	at lsfusion.server.logics.controller.remote.RemoteLogics$AjcClosure17.run(RemoteLogics.java:1)
	at org.aspectj.runtime.reflect.JoinPointImpl.proceed(JoinPointImpl.java:149)
	at lsfusion.server.base.controller.stack.ExecutionStackAspect.processStackItem(ExecutionStackAspect.java:312)
	at lsfusion.server.base.controller.stack.ExecutionStackAspect.ajc$inlineAccessMethod$lsfusion_server_base_controller_stack_ExecutionStackAspect$lsfusion_server_base_controller_stack_ExecutionStackAspect$processStackItem(ExecutionStackAspect.java:1)
	at lsfusion.server.base.controller.stack.ExecutionStackAspect.execute(ExecutionStackAspect.java:224)
	at lsfusion.server.logics.controller.remote.RemoteLogics.exec_aroundBody18(RemoteLogics.java:156)
	at lsfusion.server.logics.controller.remote.RemoteLogics.exec_aroundBody19$advice(RemoteLogics.java:46)
	at lsfusion.server.logics.controller.remote.RemoteLogics.exec_aroundBody20(RemoteLogics.java:1)
	at lsfusion.server.logics.controller.remote.RemoteLogics.exec_aroundBody21$advice(RemoteLogics.java:35)
	at lsfusion.server.logics.controller.remote.RemoteLogics.exec_aroundBody22(RemoteLogics.java:1)
	at lsfusion.server.logics.controller.remote.RemoteLogics.exec_aroundBody23$advice(RemoteLogics.java:47)
	at lsfusion.server.logics.controller.remote.RemoteLogics.exec(RemoteLogics.java:1)
	at java.base/jdk.internal.reflect.DirectMethodHandleAccessor.invoke(DirectMethodHandleAccessor.java:104)
	at java.base/java.lang.reflect.Method.invoke(Method.java:577)
	at java.rmi/sun.rmi.server.UnicastServerRef.dispatch(UnicastServerRef.java:360)
	at java.rmi/sun.rmi.transport.Transport$1.run(Transport.java:200)
	at java.rmi/sun.rmi.transport.Transport$1.run(Transport.java:197)
	at java.base/java.security.AccessController.doPrivileged(AccessController.java:712)
	at java.rmi/sun.rmi.transport.Transport.serviceCall(Transport.java:196)
	at java.rmi/sun.rmi.transport.tcp.TCPTransport.handleMessages(TCPTransport.java:598)
	at java.rmi/sun.rmi.transport.tcp.TCPTransport$ConnectionHandler.run0(TCPTransport.java:844)
	at java.rmi/sun.rmi.transport.tcp.TCPTransport$ConnectionHandler.lambda$run$0(TCPTransport.java:721)
	at java.base/java.security.AccessController.doPrivileged(AccessController.java:399)
	at java.rmi/sun.rmi.transport.tcp.TCPTransport$ConnectionHandler.run(TCPTransport.java:720)
	at java.base/java.util.concurrent.ThreadPoolExecutor.runWorker(ThreadPoolExecutor.java:1136)
	at java.base/java.util.concurrent.ThreadPoolExecutor$Worker.run(ThreadPoolExecutor.java:635)
	at java.base/java.lang.Thread.run(Thread.java:833)

03 Jul 2024 14:47:43,443 system - system - system  INFO ExInfoLogger - SQL SESSION CLOSE SQL@1792712999
THREAD :Thread[RMI:logics, TID - (70),5,RMI Runtime]
	at lsfusion.base.ExceptionUtils.getStackTrace(ExceptionUtils.java:26)
	at lsfusion.server.physics.admin.log.ServerLoggers.exinfoLog(ServerLoggers.java:128)
	at lsfusion.server.data.sql.SQLSession.onClose(SQLSession.java:2787)
	at lsfusion.server.data.sql.SQLSession.onClose(SQLSession.java:1)
	at lsfusion.server.base.MutableClosedObject.explicitClose(MutableClosedObject.java:23)
	at lsfusion.server.data.sql.SQLSession.close(SQLSession.java:3465)
	at lsfusion.server.physics.admin.authentication.controller.remote.RemoteConnection.onClose(RemoteConnection.java:273)
	at lsfusion.server.logics.action.session.controller.remote.RemoteSession.onClose(RemoteSession.java:308)
	at lsfusion.server.base.controller.remote.context.ContextAwarePendingRemoteObject.localClose(ContextAwarePendingRemoteObject.java:226)
	at lsfusion.server.logics.controller.remote.RemoteLogics.runInNewSession(RemoteLogics.java:151)
	at lsfusion.server.logics.controller.remote.RemoteLogics.exec_aroundBody16(RemoteLogics.java:157)
	at lsfusion.server.logics.controller.remote.RemoteLogics$AjcClosure17.run(RemoteLogics.java:1)
	at org.aspectj.runtime.reflect.JoinPointImpl.proceed(JoinPointImpl.java:149)
	at lsfusion.server.base.controller.stack.ExecutionStackAspect.processStackItem(ExecutionStackAspect.java:312)
	at lsfusion.server.base.controller.stack.ExecutionStackAspect.ajc$inlineAccessMethod$lsfusion_server_base_controller_stack_ExecutionStackAspect$lsfusion_server_base_controller_stack_ExecutionStackAspect$processStackItem(ExecutionStackAspect.java:1)
	at lsfusion.server.base.controller.stack.ExecutionStackAspect.execute(ExecutionStackAspect.java:224)
	at lsfusion.server.logics.controller.remote.RemoteLogics.exec_aroundBody18(RemoteLogics.java:156)
	at lsfusion.server.logics.controller.remote.RemoteLogics.exec_aroundBody19$advice(RemoteLogics.java:46)
	at lsfusion.server.logics.controller.remote.RemoteLogics.exec_aroundBody20(RemoteLogics.java:1)
	at lsfusion.server.logics.controller.remote.RemoteLogics.exec_aroundBody21$advice(RemoteLogics.java:35)
	at lsfusion.server.logics.controller.remote.RemoteLogics.exec_aroundBody22(RemoteLogics.java:1)
	at lsfusion.server.logics.controller.remote.RemoteLogics.exec_aroundBody23$advice(RemoteLogics.java:47)
	at lsfusion.server.logics.controller.remote.RemoteLogics.exec(RemoteLogics.java:1)
	at java.base/jdk.internal.reflect.DirectMethodHandleAccessor.invoke(DirectMethodHandleAccessor.java:104)
	at java.base/java.lang.reflect.Method.invoke(Method.java:577)
	at java.rmi/sun.rmi.server.UnicastServerRef.dispatch(UnicastServerRef.java:360)
	at java.rmi/sun.rmi.transport.Transport$1.run(Transport.java:200)
	at java.rmi/sun.rmi.transport.Transport$1.run(Transport.java:197)
	at java.base/java.security.AccessController.doPrivileged(AccessController.java:712)
	at java.rmi/sun.rmi.transport.Transport.serviceCall(Transport.java:196)
	at java.rmi/sun.rmi.transport.tcp.TCPTransport.handleMessages(TCPTransport.java:598)
	at java.rmi/sun.rmi.transport.tcp.TCPTransport$ConnectionHandler.run0(TCPTransport.java:844)
	at java.rmi/sun.rmi.transport.tcp.TCPTransport$ConnectionHandler.lambda$run$0(TCPTransport.java:721)
	at java.base/java.security.AccessController.doPrivileged(AccessController.java:399)
	at java.rmi/sun.rmi.transport.tcp.TCPTransport$ConnectionHandler.run(TCPTransport.java:720)
	at java.base/java.util.concurrent.ThreadPoolExecutor.runWorker(ThreadPoolExecutor.java:1136)
	at java.base/java.util.concurrent.ThreadPoolExecutor$Worker.run(ThreadPoolExecutor.java:635)
	at java.base/java.lang.Thread.run(Thread.java:833)

03 Jul 2024 14:47:49,153 system - system - system  INFO ExInfoLogger - SQL SESSION CLOSE SQL@511104920
THREAD :Thread[RMI:logics, TID - (70),5,RMI Runtime]
	at lsfusion.base.ExceptionUtils.getStackTrace(ExceptionUtils.java:26)
	at lsfusion.server.physics.admin.log.ServerLoggers.exinfoLog(ServerLoggers.java:128)
	at lsfusion.server.data.sql.SQLSession.onClose(SQLSession.java:2787)
	at lsfusion.server.data.sql.SQLSession.onClose(SQLSession.java:1)
	at lsfusion.server.base.MutableClosedObject.explicitClose(MutableClosedObject.java:23)
	at lsfusion.server.data.sql.SQLSession.close(SQLSession.java:3465)
	at lsfusion.server.physics.exec.db.controller.manager.DBManager.closeThreadLocalSql(DBManager.java:887)
	at lsfusion.server.base.controller.thread.ThreadLocalContext.aspectAfter(ThreadLocalContext.java:346)
	at lsfusion.server.base.controller.thread.ThreadLocalContext.aspectAfterEvent(ThreadLocalContext.java:364)
	at lsfusion.server.base.controller.thread.ThreadLocalContext.aspectAfterRmi(ThreadLocalContext.java:396)
	at lsfusion.server.logics.controller.remote.RemoteLogics.createNavigator_aroundBody7$advice(RemoteLogics.java:56)
	at lsfusion.server.logics.controller.remote.RemoteLogics.createNavigator(RemoteLogics.java:1)
	at java.base/jdk.internal.reflect.DirectMethodHandleAccessor.invoke(DirectMethodHandleAccessor.java:104)
	at java.base/java.lang.reflect.Method.invoke(Method.java:577)
	at java.rmi/sun.rmi.server.UnicastServerRef.dispatch(UnicastServerRef.java:360)
	at java.rmi/sun.rmi.transport.Transport$1.run(Transport.java:200)
	at java.rmi/sun.rmi.transport.Transport$1.run(Transport.java:197)
	at java.base/java.security.AccessController.doPrivileged(AccessController.java:712)
	at java.rmi/sun.rmi.transport.Transport.serviceCall(Transport.java:196)
	at java.rmi/sun.rmi.transport.tcp.TCPTransport.handleMessages(TCPTransport.java:598)
	at java.rmi/sun.rmi.transport.tcp.TCPTransport$ConnectionHandler.run0(TCPTransport.java:844)
	at java.rmi/sun.rmi.transport.tcp.TCPTransport$ConnectionHandler.lambda$run$0(TCPTransport.java:721)
	at java.base/java.security.AccessController.doPrivileged(AccessController.java:399)
	at java.rmi/sun.rmi.transport.tcp.TCPTransport$ConnectionHandler.run(TCPTransport.java:720)
	at java.base/java.util.concurrent.ThreadPoolExecutor.runWorker(ThreadPoolExecutor.java:1136)
	at java.base/java.util.concurrent.ThreadPoolExecutor$Worker.run(ThreadPoolExecutor.java:635)
	at java.base/java.lang.Thread.run(Thread.java:833)

03 Jul 2024 14:47:49,238 system - system - system  INFO ExInfoLogger - SQL SESSION CLOSE SQL@485238126
THREAD :Thread[RMI:logics, TID - (70),5,RMI Runtime]
	at lsfusion.base.ExceptionUtils.getStackTrace(ExceptionUtils.java:26)
	at lsfusion.server.physics.admin.log.ServerLoggers.exinfoLog(ServerLoggers.java:128)
	at lsfusion.server.data.sql.SQLSession.onClose(SQLSession.java:2787)
	at lsfusion.server.data.sql.SQLSession.onClose(SQLSession.java:1)
	at lsfusion.server.base.MutableClosedObject.explicitClose(MutableClosedObject.java:23)
	at lsfusion.server.data.sql.SQLSession.close(SQLSession.java:3465)
	at lsfusion.server.physics.admin.authentication.controller.remote.RemoteConnection.onClose(RemoteConnection.java:273)
	at lsfusion.server.logics.action.session.controller.remote.RemoteSession.onClose(RemoteSession.java:308)
	at lsfusion.server.base.controller.remote.context.ContextAwarePendingRemoteObject.localClose(ContextAwarePendingRemoteObject.java:226)
	at lsfusion.server.logics.controller.remote.RemoteLogics.runInNewSession(RemoteLogics.java:151)
	at lsfusion.server.logics.controller.remote.RemoteLogics.exec_aroundBody16(RemoteLogics.java:157)
	at lsfusion.server.logics.controller.remote.RemoteLogics$AjcClosure17.run(RemoteLogics.java:1)
	at org.aspectj.runtime.reflect.JoinPointImpl.proceed(JoinPointImpl.java:149)
	at lsfusion.server.base.controller.stack.ExecutionStackAspect.processStackItem(ExecutionStackAspect.java:312)
	at lsfusion.server.base.controller.stack.ExecutionStackAspect.ajc$inlineAccessMethod$lsfusion_server_base_controller_stack_ExecutionStackAspect$lsfusion_server_base_controller_stack_ExecutionStackAspect$processStackItem(ExecutionStackAspect.java:1)
	at lsfusion.server.base.controller.stack.ExecutionStackAspect.execute(ExecutionStackAspect.java:224)
	at lsfusion.server.logics.controller.remote.RemoteLogics.exec_aroundBody18(RemoteLogics.java:156)
	at lsfusion.server.logics.controller.remote.RemoteLogics.exec_aroundBody19$advice(RemoteLogics.java:46)
	at lsfusion.server.logics.controller.remote.RemoteLogics.exec_aroundBody20(RemoteLogics.java:1)
	at lsfusion.server.logics.controller.remote.RemoteLogics.exec_aroundBody21$advice(RemoteLogics.java:35)
	at lsfusion.server.logics.controller.remote.RemoteLogics.exec_aroundBody22(RemoteLogics.java:1)
	at lsfusion.server.logics.controller.remote.RemoteLogics.exec_aroundBody23$advice(RemoteLogics.java:47)
	at lsfusion.server.logics.controller.remote.RemoteLogics.exec(RemoteLogics.java:1)
	at java.base/jdk.internal.reflect.DirectMethodHandleAccessor.invoke(DirectMethodHandleAccessor.java:104)
	at java.base/java.lang.reflect.Method.invoke(Method.java:577)
	at java.rmi/sun.rmi.server.UnicastServerRef.dispatch(UnicastServerRef.java:360)
	at java.rmi/sun.rmi.transport.Transport$1.run(Transport.java:200)
	at java.rmi/sun.rmi.transport.Transport$1.run(Transport.java:197)
	at java.base/java.security.AccessController.doPrivileged(AccessController.java:712)
	at java.rmi/sun.rmi.transport.Transport.serviceCall(Transport.java:196)
	at java.rmi/sun.rmi.transport.tcp.TCPTransport.handleMessages(TCPTransport.java:598)
	at java.rmi/sun.rmi.transport.tcp.TCPTransport$ConnectionHandler.run0(TCPTransport.java:844)
	at java.rmi/sun.rmi.transport.tcp.TCPTransport$ConnectionHandler.lambda$run$0(TCPTransport.java:721)
	at java.base/java.security.AccessController.doPrivileged(AccessController.java:399)
	at java.rmi/sun.rmi.transport.tcp.TCPTransport$ConnectionHandler.run(TCPTransport.java:720)
	at java.base/java.util.concurrent.ThreadPoolExecutor.runWorker(ThreadPoolExecutor.java:1136)
	at java.base/java.util.concurrent.ThreadPoolExecutor$Worker.run(ThreadPoolExecutor.java:635)
	at java.base/java.lang.Thread.run(Thread.java:833)

04 Jul 2024 13:56:45,888 system - system - system  INFO ExInfoLogger - SQL SESSION CLOSE SQL@1479340306
THREAD :Thread[pool-4-taskRunner-pool-3,5,main]
	at lsfusion.base.ExceptionUtils.getStackTrace(ExceptionUtils.java:26)
	at lsfusion.server.physics.admin.log.ServerLoggers.exinfoLog(ServerLoggers.java:128)
	at lsfusion.server.data.sql.SQLSession.onClose(SQLSession.java:2787)
	at lsfusion.server.data.sql.SQLSession.onClose(SQLSession.java:1)
	at lsfusion.server.base.MutableClosedObject.explicitClose(MutableClosedObject.java:23)
	at lsfusion.server.data.sql.SQLSession.close(SQLSession.java:3465)
	at lsfusion.server.physics.exec.db.controller.manager.DBManager.closeThreadLocalSql(DBManager.java:887)
	at lsfusion.server.base.controller.thread.ExecutorFactory$ClosableDaemonThreadFactory$ClosableThread.run(ExecutorFactory.java:560)

04 Jul 2024 13:59:43,270 system - system - system  INFO ExInfoLogger - SQL SESSION CLOSE SQL@1057772864
THREAD :Thread[pool-4-taskRunner-pool-6,5,main]
	at lsfusion.base.ExceptionUtils.getStackTrace(ExceptionUtils.java:26)
	at lsfusion.server.physics.admin.log.ServerLoggers.exinfoLog(ServerLoggers.java:128)
	at lsfusion.server.data.sql.SQLSession.onClose(SQLSession.java:2787)
	at lsfusion.server.data.sql.SQLSession.onClose(SQLSession.java:1)
	at lsfusion.server.base.MutableClosedObject.explicitClose(MutableClosedObject.java:23)
	at lsfusion.server.data.sql.SQLSession.close(SQLSession.java:3465)
	at lsfusion.server.physics.exec.db.controller.manager.DBManager.closeThreadLocalSql(DBManager.java:887)
	at lsfusion.server.base.controller.thread.ExecutorFactory$ClosableDaemonThreadFactory$ClosableThread.run(ExecutorFactory.java:560)

04 Jul 2024 13:59:44,749 system - system - system  INFO ExInfoLogger - SQL SESSION CLOSE SQL@1348980775
THREAD :Thread[pool-5-taskRunner-pool-1,5,main]
	at lsfusion.base.ExceptionUtils.getStackTrace(ExceptionUtils.java:26)
	at lsfusion.server.physics.admin.log.ServerLoggers.exinfoLog(ServerLoggers.java:128)
	at lsfusion.server.data.sql.SQLSession.onClose(SQLSession.java:2787)
	at lsfusion.server.data.sql.SQLSession.onClose(SQLSession.java:1)
	at lsfusion.server.base.MutableClosedObject.explicitClose(MutableClosedObject.java:23)
	at lsfusion.server.data.sql.SQLSession.close(SQLSession.java:3465)
	at lsfusion.server.physics.exec.db.controller.manager.DBManager.closeThreadLocalSql(DBManager.java:887)
	at lsfusion.server.base.controller.thread.ExecutorFactory$ClosableDaemonThreadFactory$ClosableThread.run(ExecutorFactory.java:560)

04 Jul 2024 13:59:54,388 system - system - system  INFO ExInfoLogger - SQL SESSION CLOSE SQL@1897065703
THREAD :Thread[pool-9-taskRunner-pool-5,5,main]
	at lsfusion.base.ExceptionUtils.getStackTrace(ExceptionUtils.java:26)
	at lsfusion.server.physics.admin.log.ServerLoggers.exinfoLog(ServerLoggers.java:128)
	at lsfusion.server.data.sql.SQLSession.onClose(SQLSession.java:2787)
	at lsfusion.server.data.sql.SQLSession.onClose(SQLSession.java:1)
	at lsfusion.server.base.MutableClosedObject.explicitClose(MutableClosedObject.java:23)
	at lsfusion.server.data.sql.SQLSession.close(SQLSession.java:3465)
	at lsfusion.server.physics.exec.db.controller.manager.DBManager.closeThreadLocalSql(DBManager.java:887)
	at lsfusion.server.base.controller.thread.ExecutorFactory$ClosableDaemonThreadFactory$ClosableThread.run(ExecutorFactory.java:560)

04 Jul 2024 13:59:54,388 system - system - system  INFO ExInfoLogger - SQL SESSION CLOSE SQL@1036980927
THREAD :Thread[pool-9-taskRunner-pool-8,5,main]
	at lsfusion.base.ExceptionUtils.getStackTrace(ExceptionUtils.java:26)
	at lsfusion.server.physics.admin.log.ServerLoggers.exinfoLog(ServerLoggers.java:128)
	at lsfusion.server.data.sql.SQLSession.onClose(SQLSession.java:2787)
	at lsfusion.server.data.sql.SQLSession.onClose(SQLSession.java:1)
	at lsfusion.server.base.MutableClosedObject.explicitClose(MutableClosedObject.java:23)
	at lsfusion.server.data.sql.SQLSession.close(SQLSession.java:3465)
	at lsfusion.server.physics.exec.db.controller.manager.DBManager.closeThreadLocalSql(DBManager.java:887)
	at lsfusion.server.base.controller.thread.ExecutorFactory$ClosableDaemonThreadFactory$ClosableThread.run(ExecutorFactory.java:560)

04 Jul 2024 13:59:54,388 system - system - system  INFO ExInfoLogger - SQL SESSION CLOSE SQL@1117458139
THREAD :Thread[pool-9-taskRunner-pool-2,5,main]
	at lsfusion.base.ExceptionUtils.getStackTrace(ExceptionUtils.java:26)
	at lsfusion.server.physics.admin.log.ServerLoggers.exinfoLog(ServerLoggers.java:128)
	at lsfusion.server.data.sql.SQLSession.onClose(SQLSession.java:2787)
	at lsfusion.server.data.sql.SQLSession.onClose(SQLSession.java:1)
	at lsfusion.server.base.MutableClosedObject.explicitClose(MutableClosedObject.java:23)
	at lsfusion.server.data.sql.SQLSession.close(SQLSession.java:3465)
	at lsfusion.server.physics.exec.db.controller.manager.DBManager.closeThreadLocalSql(DBManager.java:887)
	at lsfusion.server.base.controller.thread.ExecutorFactory$ClosableDaemonThreadFactory$ClosableThread.run(ExecutorFactory.java:560)

04 Jul 2024 13:59:54,397 system - system - system  INFO ExInfoLogger - SQL SESSION CLOSE SQL@1541942595
THREAD :Thread[START, TID - (1),5,main]
	at lsfusion.base.ExceptionUtils.getStackTrace(ExceptionUtils.java:26)
	at lsfusion.server.physics.admin.log.ServerLoggers.exinfoLog(ServerLoggers.java:128)
	at lsfusion.server.data.sql.SQLSession.onClose(SQLSession.java:2787)
	at lsfusion.server.data.sql.SQLSession.onClose(SQLSession.java:1)
	at lsfusion.server.base.MutableClosedObject.explicitClose(MutableClosedObject.java:23)
	at lsfusion.server.data.sql.SQLSession.close(SQLSession.java:3465)
	at lsfusion.server.physics.exec.db.controller.manager.DBManager.closeThreadLocalSql(DBManager.java:887)
	at lsfusion.server.base.controller.thread.ThreadLocalContext.aspectAfter(ThreadLocalContext.java:346)
	at lsfusion.server.base.controller.thread.ThreadLocalContext.aspectAfterEvent(ThreadLocalContext.java:364)
	at lsfusion.server.base.controller.thread.ThreadLocalContext.aspectAfterEvent(ThreadLocalContext.java:376)
	at lsfusion.server.base.controller.thread.ThreadLocalContext.aspectAfterLifecycle(ThreadLocalContext.java:448)
	at lsfusion.server.logics.LogicsInstance.lambda$1(LogicsInstance.java:181)
	at lsfusion.server.logics.LogicsInstance.start(LogicsInstance.java:201)
	at lsfusion.server.logics.BusinessLogicsBootstrap.start(BusinessLogicsBootstrap.java:54)
	at lsfusion.server.logics.BusinessLogicsBootstrap.main(BusinessLogicsBootstrap.java:171)

04 Jul 2024 14:00:37,890 system - system - system  INFO ExInfoLogger - SQL SESSION CLOSE SQL@2083891747
THREAD :Thread[RMI:logics, TID - (70),5,RMI Runtime]
	at lsfusion.base.ExceptionUtils.getStackTrace(ExceptionUtils.java:26)
	at lsfusion.server.physics.admin.log.ServerLoggers.exinfoLog(ServerLoggers.java:128)
	at lsfusion.server.data.sql.SQLSession.onClose(SQLSession.java:2787)
	at lsfusion.server.data.sql.SQLSession.onClose(SQLSession.java:1)
	at lsfusion.server.base.MutableClosedObject.explicitClose(MutableClosedObject.java:23)
	at lsfusion.server.data.sql.SQLSession.close(SQLSession.java:3465)
	at lsfusion.server.physics.admin.authentication.controller.remote.RemoteConnection.onClose(RemoteConnection.java:273)
	at lsfusion.server.logics.action.session.controller.remote.RemoteSession.onClose(RemoteSession.java:308)
	at lsfusion.server.base.controller.remote.context.ContextAwarePendingRemoteObject.localClose(ContextAwarePendingRemoteObject.java:226)
	at lsfusion.server.logics.controller.remote.RemoteLogics.runInNewSession(RemoteLogics.java:151)
	at lsfusion.server.logics.controller.remote.RemoteLogics.exec_aroundBody16(RemoteLogics.java:157)
	at lsfusion.server.logics.controller.remote.RemoteLogics$AjcClosure17.run(RemoteLogics.java:1)
	at org.aspectj.runtime.reflect.JoinPointImpl.proceed(JoinPointImpl.java:149)
	at lsfusion.server.base.controller.stack.ExecutionStackAspect.processStackItem(ExecutionStackAspect.java:312)
	at lsfusion.server.base.controller.stack.ExecutionStackAspect.ajc$inlineAccessMethod$lsfusion_server_base_controller_stack_ExecutionStackAspect$lsfusion_server_base_controller_stack_ExecutionStackAspect$processStackItem(ExecutionStackAspect.java:1)
	at lsfusion.server.base.controller.stack.ExecutionStackAspect.execute(ExecutionStackAspect.java:224)
	at lsfusion.server.logics.controller.remote.RemoteLogics.exec_aroundBody18(RemoteLogics.java:156)
	at lsfusion.server.logics.controller.remote.RemoteLogics.exec_aroundBody19$advice(RemoteLogics.java:46)
	at lsfusion.server.logics.controller.remote.RemoteLogics.exec_aroundBody20(RemoteLogics.java:1)
	at lsfusion.server.logics.controller.remote.RemoteLogics.exec_aroundBody21$advice(RemoteLogics.java:35)
	at lsfusion.server.logics.controller.remote.RemoteLogics.exec_aroundBody22(RemoteLogics.java:1)
	at lsfusion.server.logics.controller.remote.RemoteLogics.exec_aroundBody23$advice(RemoteLogics.java:47)
	at lsfusion.server.logics.controller.remote.RemoteLogics.exec(RemoteLogics.java:1)
	at java.base/jdk.internal.reflect.DirectMethodHandleAccessor.invoke(DirectMethodHandleAccessor.java:104)
	at java.base/java.lang.reflect.Method.invoke(Method.java:577)
	at java.rmi/sun.rmi.server.UnicastServerRef.dispatch(UnicastServerRef.java:360)
	at java.rmi/sun.rmi.transport.Transport$1.run(Transport.java:200)
	at java.rmi/sun.rmi.transport.Transport$1.run(Transport.java:197)
	at java.base/java.security.AccessController.doPrivileged(AccessController.java:712)
	at java.rmi/sun.rmi.transport.Transport.serviceCall(Transport.java:196)
	at java.rmi/sun.rmi.transport.tcp.TCPTransport.handleMessages(TCPTransport.java:598)
	at java.rmi/sun.rmi.transport.tcp.TCPTransport$ConnectionHandler.run0(TCPTransport.java:844)
	at java.rmi/sun.rmi.transport.tcp.TCPTransport$ConnectionHandler.lambda$run$0(TCPTransport.java:721)
	at java.base/java.security.AccessController.doPrivileged(AccessController.java:399)
	at java.rmi/sun.rmi.transport.tcp.TCPTransport$ConnectionHandler.run(TCPTransport.java:720)
	at java.base/java.util.concurrent.ThreadPoolExecutor.runWorker(ThreadPoolExecutor.java:1136)
	at java.base/java.util.concurrent.ThreadPoolExecutor$Worker.run(ThreadPoolExecutor.java:635)
	at java.base/java.lang.Thread.run(Thread.java:833)

04 Jul 2024 14:00:38,228 system - system - system  INFO ExInfoLogger - SQL SESSION CLOSE SQL@1150337929
THREAD :Thread[RMI:logics, TID - (70),5,RMI Runtime]
	at lsfusion.base.ExceptionUtils.getStackTrace(ExceptionUtils.java:26)
	at lsfusion.server.physics.admin.log.ServerLoggers.exinfoLog(ServerLoggers.java:128)
	at lsfusion.server.data.sql.SQLSession.onClose(SQLSession.java:2787)
	at lsfusion.server.data.sql.SQLSession.onClose(SQLSession.java:1)
	at lsfusion.server.base.MutableClosedObject.explicitClose(MutableClosedObject.java:23)
	at lsfusion.server.data.sql.SQLSession.close(SQLSession.java:3465)
	at lsfusion.server.physics.admin.authentication.controller.remote.RemoteConnection.onClose(RemoteConnection.java:273)
	at lsfusion.server.logics.action.session.controller.remote.RemoteSession.onClose(RemoteSession.java:308)
	at lsfusion.server.base.controller.remote.context.ContextAwarePendingRemoteObject.localClose(ContextAwarePendingRemoteObject.java:226)
	at lsfusion.server.logics.controller.remote.RemoteLogics.runInNewSession(RemoteLogics.java:151)
	at lsfusion.server.logics.controller.remote.RemoteLogics.exec_aroundBody16(RemoteLogics.java:157)
	at lsfusion.server.logics.controller.remote.RemoteLogics$AjcClosure17.run(RemoteLogics.java:1)
	at org.aspectj.runtime.reflect.JoinPointImpl.proceed(JoinPointImpl.java:149)
	at lsfusion.server.base.controller.stack.ExecutionStackAspect.processStackItem(ExecutionStackAspect.java:312)
	at lsfusion.server.base.controller.stack.ExecutionStackAspect.ajc$inlineAccessMethod$lsfusion_server_base_controller_stack_ExecutionStackAspect$lsfusion_server_base_controller_stack_ExecutionStackAspect$processStackItem(ExecutionStackAspect.java:1)
	at lsfusion.server.base.controller.stack.ExecutionStackAspect.execute(ExecutionStackAspect.java:224)
	at lsfusion.server.logics.controller.remote.RemoteLogics.exec_aroundBody18(RemoteLogics.java:156)
	at lsfusion.server.logics.controller.remote.RemoteLogics.exec_aroundBody19$advice(RemoteLogics.java:46)
	at lsfusion.server.logics.controller.remote.RemoteLogics.exec_aroundBody20(RemoteLogics.java:1)
	at lsfusion.server.logics.controller.remote.RemoteLogics.exec_aroundBody21$advice(RemoteLogics.java:35)
	at lsfusion.server.logics.controller.remote.RemoteLogics.exec_aroundBody22(RemoteLogics.java:1)
	at lsfusion.server.logics.controller.remote.RemoteLogics.exec_aroundBody23$advice(RemoteLogics.java:47)
	at lsfusion.server.logics.controller.remote.RemoteLogics.exec(RemoteLogics.java:1)
	at java.base/jdk.internal.reflect.DirectMethodHandleAccessor.invoke(DirectMethodHandleAccessor.java:104)
	at java.base/java.lang.reflect.Method.invoke(Method.java:577)
	at java.rmi/sun.rmi.server.UnicastServerRef.dispatch(UnicastServerRef.java:360)
	at java.rmi/sun.rmi.transport.Transport$1.run(Transport.java:200)
	at java.rmi/sun.rmi.transport.Transport$1.run(Transport.java:197)
	at java.base/java.security.AccessController.doPrivileged(AccessController.java:712)
	at java.rmi/sun.rmi.transport.Transport.serviceCall(Transport.java:196)
	at java.rmi/sun.rmi.transport.tcp.TCPTransport.handleMessages(TCPTransport.java:598)
	at java.rmi/sun.rmi.transport.tcp.TCPTransport$ConnectionHandler.run0(TCPTransport.java:844)
	at java.rmi/sun.rmi.transport.tcp.TCPTransport$ConnectionHandler.lambda$run$0(TCPTransport.java:721)
	at java.base/java.security.AccessController.doPrivileged(AccessController.java:399)
	at java.rmi/sun.rmi.transport.tcp.TCPTransport$ConnectionHandler.run(TCPTransport.java:720)
	at java.base/java.util.concurrent.ThreadPoolExecutor.runWorker(ThreadPoolExecutor.java:1136)
	at java.base/java.util.concurrent.ThreadPoolExecutor$Worker.run(ThreadPoolExecutor.java:635)
	at java.base/java.lang.Thread.run(Thread.java:833)

04 Jul 2024 14:00:46,452 system - system - system  INFO ExInfoLogger - SQL SESSION CLOSE SQL@1463359715
THREAD :Thread[RMI:logics, TID - (70),5,RMI Runtime]
	at lsfusion.base.ExceptionUtils.getStackTrace(ExceptionUtils.java:26)
	at lsfusion.server.physics.admin.log.ServerLoggers.exinfoLog(ServerLoggers.java:128)
	at lsfusion.server.data.sql.SQLSession.onClose(SQLSession.java:2787)
	at lsfusion.server.data.sql.SQLSession.onClose(SQLSession.java:1)
	at lsfusion.server.base.MutableClosedObject.explicitClose(MutableClosedObject.java:23)
	at lsfusion.server.data.sql.SQLSession.close(SQLSession.java:3465)
	at lsfusion.server.physics.exec.db.controller.manager.DBManager.closeThreadLocalSql(DBManager.java:887)
	at lsfusion.server.base.controller.thread.ThreadLocalContext.aspectAfter(ThreadLocalContext.java:346)
	at lsfusion.server.base.controller.thread.ThreadLocalContext.aspectAfterEvent(ThreadLocalContext.java:364)
	at lsfusion.server.base.controller.thread.ThreadLocalContext.aspectAfterRmi(ThreadLocalContext.java:396)
	at lsfusion.server.logics.controller.remote.RemoteLogics.createNavigator_aroundBody7$advice(RemoteLogics.java:56)
	at lsfusion.server.logics.controller.remote.RemoteLogics.createNavigator(RemoteLogics.java:1)
	at java.base/jdk.internal.reflect.DirectMethodHandleAccessor.invoke(DirectMethodHandleAccessor.java:104)
	at java.base/java.lang.reflect.Method.invoke(Method.java:577)
	at java.rmi/sun.rmi.server.UnicastServerRef.dispatch(UnicastServerRef.java:360)
	at java.rmi/sun.rmi.transport.Transport$1.run(Transport.java:200)
	at java.rmi/sun.rmi.transport.Transport$1.run(Transport.java:197)
	at java.base/java.security.AccessController.doPrivileged(AccessController.java:712)
	at java.rmi/sun.rmi.transport.Transport.serviceCall(Transport.java:196)
	at java.rmi/sun.rmi.transport.tcp.TCPTransport.handleMessages(TCPTransport.java:598)
	at java.rmi/sun.rmi.transport.tcp.TCPTransport$ConnectionHandler.run0(TCPTransport.java:844)
	at java.rmi/sun.rmi.transport.tcp.TCPTransport$ConnectionHandler.lambda$run$0(TCPTransport.java:721)
	at java.base/java.security.AccessController.doPrivileged(AccessController.java:399)
	at java.rmi/sun.rmi.transport.tcp.TCPTransport$ConnectionHandler.run(TCPTransport.java:720)
	at java.base/java.util.concurrent.ThreadPoolExecutor.runWorker(ThreadPoolExecutor.java:1136)
	at java.base/java.util.concurrent.ThreadPoolExecutor$Worker.run(ThreadPoolExecutor.java:635)
	at java.base/java.lang.Thread.run(Thread.java:833)

04 Jul 2024 14:00:46,565 system - system - system  INFO ExInfoLogger - SQL SESSION CLOSE SQL@1292594936
THREAD :Thread[RMI:logics, TID - (70),5,RMI Runtime]
	at lsfusion.base.ExceptionUtils.getStackTrace(ExceptionUtils.java:26)
	at lsfusion.server.physics.admin.log.ServerLoggers.exinfoLog(ServerLoggers.java:128)
	at lsfusion.server.data.sql.SQLSession.onClose(SQLSession.java:2787)
	at lsfusion.server.data.sql.SQLSession.onClose(SQLSession.java:1)
	at lsfusion.server.base.MutableClosedObject.explicitClose(MutableClosedObject.java:23)
	at lsfusion.server.data.sql.SQLSession.close(SQLSession.java:3465)
	at lsfusion.server.physics.admin.authentication.controller.remote.RemoteConnection.onClose(RemoteConnection.java:273)
	at lsfusion.server.logics.action.session.controller.remote.RemoteSession.onClose(RemoteSession.java:308)
	at lsfusion.server.base.controller.remote.context.ContextAwarePendingRemoteObject.localClose(ContextAwarePendingRemoteObject.java:226)
	at lsfusion.server.logics.controller.remote.RemoteLogics.runInNewSession(RemoteLogics.java:151)
	at lsfusion.server.logics.controller.remote.RemoteLogics.exec_aroundBody16(RemoteLogics.java:157)
	at lsfusion.server.logics.controller.remote.RemoteLogics$AjcClosure17.run(RemoteLogics.java:1)
	at org.aspectj.runtime.reflect.JoinPointImpl.proceed(JoinPointImpl.java:149)
	at lsfusion.server.base.controller.stack.ExecutionStackAspect.processStackItem(ExecutionStackAspect.java:312)
	at lsfusion.server.base.controller.stack.ExecutionStackAspect.ajc$inlineAccessMethod$lsfusion_server_base_controller_stack_ExecutionStackAspect$lsfusion_server_base_controller_stack_ExecutionStackAspect$processStackItem(ExecutionStackAspect.java:1)
	at lsfusion.server.base.controller.stack.ExecutionStackAspect.execute(ExecutionStackAspect.java:224)
	at lsfusion.server.logics.controller.remote.RemoteLogics.exec_aroundBody18(RemoteLogics.java:156)
	at lsfusion.server.logics.controller.remote.RemoteLogics.exec_aroundBody19$advice(RemoteLogics.java:46)
	at lsfusion.server.logics.controller.remote.RemoteLogics.exec_aroundBody20(RemoteLogics.java:1)
	at lsfusion.server.logics.controller.remote.RemoteLogics.exec_aroundBody21$advice(RemoteLogics.java:35)
	at lsfusion.server.logics.controller.remote.RemoteLogics.exec_aroundBody22(RemoteLogics.java:1)
	at lsfusion.server.logics.controller.remote.RemoteLogics.exec_aroundBody23$advice(RemoteLogics.java:47)
	at lsfusion.server.logics.controller.remote.RemoteLogics.exec(RemoteLogics.java:1)
	at java.base/jdk.internal.reflect.DirectMethodHandleAccessor.invoke(DirectMethodHandleAccessor.java:104)
	at java.base/java.lang.reflect.Method.invoke(Method.java:577)
	at java.rmi/sun.rmi.server.UnicastServerRef.dispatch(UnicastServerRef.java:360)
	at java.rmi/sun.rmi.transport.Transport$1.run(Transport.java:200)
	at java.rmi/sun.rmi.transport.Transport$1.run(Transport.java:197)
	at java.base/java.security.AccessController.doPrivileged(AccessController.java:712)
	at java.rmi/sun.rmi.transport.Transport.serviceCall(Transport.java:196)
	at java.rmi/sun.rmi.transport.tcp.TCPTransport.handleMessages(TCPTransport.java:598)
	at java.rmi/sun.rmi.transport.tcp.TCPTransport$ConnectionHandler.run0(TCPTransport.java:844)
	at java.rmi/sun.rmi.transport.tcp.TCPTransport$ConnectionHandler.lambda$run$0(TCPTransport.java:721)
	at java.base/java.security.AccessController.doPrivileged(AccessController.java:399)
	at java.rmi/sun.rmi.transport.tcp.TCPTransport$ConnectionHandler.run(TCPTransport.java:720)
	at java.base/java.util.concurrent.ThreadPoolExecutor.runWorker(ThreadPoolExecutor.java:1136)
	at java.base/java.util.concurrent.ThreadPoolExecutor$Worker.run(ThreadPoolExecutor.java:635)
	at java.base/java.lang.Thread.run(Thread.java:833)

