03 Jul 2024 14:33:50,469 ERROR StartLogger - FATAL: password authentication failed for user "postgres" (host: localhost:5432, user: postgres)
03 Jul 2024 14:33:50,484 ERROR StartLogger - Exception while starting logics instance: 
java.lang.RuntimeException: org.postgresql.util.PSQLException: FATAL: password authentication failed for user "postgres"
	at lsfusion.server.physics.exec.db.controller.manager.DBManager.initReflectionEvents(DBManager.java:234)
	at lsfusion.server.physics.admin.reflection.controller.init.InitReflectionEventsTask.run(InitReflectionEventsTask.java:13)
	at lsfusion.server.base.task.Task.proceed(Task.java:154)
	at lsfusion.server.base.task.Task$1.aspectRun(Task.java:112)
	at lsfusion.server.base.controller.thread.ExecutorFactory$AspectRunnable.run(ExecutorFactory.java:475)
	at java.base/java.util.concurrent.ThreadPoolExecutor.runWorker(ThreadPoolExecutor.java:1136)
	at java.base/java.util.concurrent.ThreadPoolExecutor$Worker.run(ThreadPoolExecutor.java:635)
	at java.base/java.lang.Thread.run(Thread.java:833)
	at lsfusion.server.base.controller.thread.ExecutorFactory$ClosableDaemonThreadFactory$ClosableThread.run(ExecutorFactory.java:554)
Caused by: org.postgresql.util.PSQLException: FATAL: password authentication failed for user "postgres"
	at org.postgresql.core.v3.ConnectionFactoryImpl.doAuthentication(ConnectionFactoryImpl.java:520)
	at org.postgresql.core.v3.ConnectionFactoryImpl.tryConnect(ConnectionFactoryImpl.java:141)
	at org.postgresql.core.v3.ConnectionFactoryImpl.openConnectionImpl(ConnectionFactoryImpl.java:192)
	at org.postgresql.core.ConnectionFactory.openConnection(ConnectionFactory.java:49)
	at org.postgresql.jdbc.PgConnection.<init>(PgConnection.java:195)
	at org.postgresql.Driver.makeConnection(Driver.java:458)
	at org.postgresql.Driver.connect(Driver.java:260)
	at java.sql/java.sql.DriverManager.getConnection(DriverManager.java:683)
	at java.sql/java.sql.DriverManager.getConnection(DriverManager.java:253)
	at lsfusion.server.data.sql.adapter.PostgreDataAdapter.getConnection(PostgreDataAdapter.java:75)
	at lsfusion.server.data.sql.adapter.PostgreDataAdapter.ensureDB(PostgreDataAdapter.java:92)
	at lsfusion.server.data.sql.adapter.DataAdapter.ensure(DataAdapter.java:68)
	at lsfusion.server.physics.exec.db.controller.manager.DBManager.lambda$4(DBManager.java:215)
	at lsfusion.server.physics.exec.db.table.ImplementTable.reflectionStatProps(ImplementTable.java:509)
	at lsfusion.server.physics.exec.db.controller.manager.DBManager.initReflectionEvents(DBManager.java:212)
	... 8 more
03 Jul 2024 14:35:13,929 ERROR StartLogger - FATAL: password authentication failed for user "postgres" (host: localhost:5432, user: postgres)
03 Jul 2024 14:35:13,948 ERROR StartLogger - Exception while starting logics instance: 
java.lang.RuntimeException: org.postgresql.util.PSQLException: FATAL: password authentication failed for user "postgres"
	at lsfusion.server.physics.exec.db.controller.manager.DBManager.initReflectionEvents(DBManager.java:234)
	at lsfusion.server.physics.admin.reflection.controller.init.InitReflectionEventsTask.run(InitReflectionEventsTask.java:13)
	at lsfusion.server.base.task.Task.proceed(Task.java:154)
	at lsfusion.server.base.task.Task$1.aspectRun(Task.java:112)
	at lsfusion.server.base.controller.thread.ExecutorFactory$AspectRunnable.run(ExecutorFactory.java:475)
	at java.base/java.util.concurrent.ThreadPoolExecutor.runWorker(ThreadPoolExecutor.java:1136)
	at java.base/java.util.concurrent.ThreadPoolExecutor$Worker.run(ThreadPoolExecutor.java:635)
	at java.base/java.lang.Thread.run(Thread.java:833)
	at lsfusion.server.base.controller.thread.ExecutorFactory$ClosableDaemonThreadFactory$ClosableThread.run(ExecutorFactory.java:554)
Caused by: org.postgresql.util.PSQLException: FATAL: password authentication failed for user "postgres"
	at org.postgresql.core.v3.ConnectionFactoryImpl.doAuthentication(ConnectionFactoryImpl.java:520)
	at org.postgresql.core.v3.ConnectionFactoryImpl.tryConnect(ConnectionFactoryImpl.java:141)
	at org.postgresql.core.v3.ConnectionFactoryImpl.openConnectionImpl(ConnectionFactoryImpl.java:192)
	at org.postgresql.core.ConnectionFactory.openConnection(ConnectionFactory.java:49)
	at org.postgresql.jdbc.PgConnection.<init>(PgConnection.java:195)
	at org.postgresql.Driver.makeConnection(Driver.java:458)
	at org.postgresql.Driver.connect(Driver.java:260)
	at java.sql/java.sql.DriverManager.getConnection(DriverManager.java:683)
	at java.sql/java.sql.DriverManager.getConnection(DriverManager.java:253)
	at lsfusion.server.data.sql.adapter.PostgreDataAdapter.getConnection(PostgreDataAdapter.java:75)
	at lsfusion.server.data.sql.adapter.PostgreDataAdapter.ensureDB(PostgreDataAdapter.java:92)
	at lsfusion.server.data.sql.adapter.DataAdapter.ensure(DataAdapter.java:68)
	at lsfusion.server.physics.exec.db.controller.manager.DBManager.lambda$4(DBManager.java:215)
	at lsfusion.server.physics.exec.db.table.ImplementTable.reflectionStatProps(ImplementTable.java:509)
	at lsfusion.server.physics.exec.db.controller.manager.DBManager.initReflectionEvents(DBManager.java:212)
	... 8 more
03 Jul 2024 14:35:34,944 ERROR StartLogger - FATAL: password authentication failed for user "postgres" (host: localhost:5432, user: postgres)
03 Jul 2024 14:35:34,958 ERROR StartLogger - Exception while starting logics instance: 
java.lang.RuntimeException: org.postgresql.util.PSQLException: FATAL: password authentication failed for user "postgres"
	at lsfusion.server.physics.exec.db.controller.manager.DBManager.initReflectionEvents(DBManager.java:234)
	at lsfusion.server.physics.admin.reflection.controller.init.InitReflectionEventsTask.run(InitReflectionEventsTask.java:13)
	at lsfusion.server.base.task.Task.proceed(Task.java:154)
	at lsfusion.server.base.task.Task$1.aspectRun(Task.java:112)
	at lsfusion.server.base.controller.thread.ExecutorFactory$AspectRunnable.run(ExecutorFactory.java:475)
	at java.base/java.util.concurrent.ThreadPoolExecutor.runWorker(ThreadPoolExecutor.java:1136)
	at java.base/java.util.concurrent.ThreadPoolExecutor$Worker.run(ThreadPoolExecutor.java:635)
	at java.base/java.lang.Thread.run(Thread.java:833)
	at lsfusion.server.base.controller.thread.ExecutorFactory$ClosableDaemonThreadFactory$ClosableThread.run(ExecutorFactory.java:554)
Caused by: org.postgresql.util.PSQLException: FATAL: password authentication failed for user "postgres"
	at org.postgresql.core.v3.ConnectionFactoryImpl.doAuthentication(ConnectionFactoryImpl.java:520)
	at org.postgresql.core.v3.ConnectionFactoryImpl.tryConnect(ConnectionFactoryImpl.java:141)
	at org.postgresql.core.v3.ConnectionFactoryImpl.openConnectionImpl(ConnectionFactoryImpl.java:192)
	at org.postgresql.core.ConnectionFactory.openConnection(ConnectionFactory.java:49)
	at org.postgresql.jdbc.PgConnection.<init>(PgConnection.java:195)
	at org.postgresql.Driver.makeConnection(Driver.java:458)
	at org.postgresql.Driver.connect(Driver.java:260)
	at java.sql/java.sql.DriverManager.getConnection(DriverManager.java:683)
	at java.sql/java.sql.DriverManager.getConnection(DriverManager.java:253)
	at lsfusion.server.data.sql.adapter.PostgreDataAdapter.getConnection(PostgreDataAdapter.java:75)
	at lsfusion.server.data.sql.adapter.PostgreDataAdapter.ensureDB(PostgreDataAdapter.java:92)
	at lsfusion.server.data.sql.adapter.DataAdapter.ensure(DataAdapter.java:68)
	at lsfusion.server.physics.exec.db.controller.manager.DBManager.lambda$4(DBManager.java:215)
	at lsfusion.server.physics.exec.db.table.ImplementTable.reflectionStatProps(ImplementTable.java:509)
	at lsfusion.server.physics.exec.db.controller.manager.DBManager.initReflectionEvents(DBManager.java:212)
	... 8 more
03 Jul 2024 14:38:46,263 ERROR StartLogger - FATAL: password authentication failed for user "postgres" (host: localhost:5432, user: postgres)
03 Jul 2024 14:38:46,275 ERROR StartLogger - Exception while starting logics instance: 
java.lang.RuntimeException: org.postgresql.util.PSQLException: FATAL: password authentication failed for user "postgres"
	at lsfusion.server.physics.exec.db.controller.manager.DBManager.initReflectionEvents(DBManager.java:234)
	at lsfusion.server.physics.admin.reflection.controller.init.InitReflectionEventsTask.run(InitReflectionEventsTask.java:13)
	at lsfusion.server.base.task.Task.proceed(Task.java:154)
	at lsfusion.server.base.task.Task$1.aspectRun(Task.java:112)
	at lsfusion.server.base.controller.thread.ExecutorFactory$AspectRunnable.run(ExecutorFactory.java:475)
	at java.base/java.util.concurrent.ThreadPoolExecutor.runWorker(ThreadPoolExecutor.java:1136)
	at java.base/java.util.concurrent.ThreadPoolExecutor$Worker.run(ThreadPoolExecutor.java:635)
	at java.base/java.lang.Thread.run(Thread.java:833)
	at lsfusion.server.base.controller.thread.ExecutorFactory$ClosableDaemonThreadFactory$ClosableThread.run(ExecutorFactory.java:554)
Caused by: org.postgresql.util.PSQLException: FATAL: password authentication failed for user "postgres"
	at org.postgresql.core.v3.ConnectionFactoryImpl.doAuthentication(ConnectionFactoryImpl.java:520)
	at org.postgresql.core.v3.ConnectionFactoryImpl.tryConnect(ConnectionFactoryImpl.java:141)
	at org.postgresql.core.v3.ConnectionFactoryImpl.openConnectionImpl(ConnectionFactoryImpl.java:192)
	at org.postgresql.core.ConnectionFactory.openConnection(ConnectionFactory.java:49)
	at org.postgresql.jdbc.PgConnection.<init>(PgConnection.java:195)
	at org.postgresql.Driver.makeConnection(Driver.java:458)
	at org.postgresql.Driver.connect(Driver.java:260)
	at java.sql/java.sql.DriverManager.getConnection(DriverManager.java:683)
	at java.sql/java.sql.DriverManager.getConnection(DriverManager.java:253)
	at lsfusion.server.data.sql.adapter.PostgreDataAdapter.getConnection(PostgreDataAdapter.java:75)
	at lsfusion.server.data.sql.adapter.PostgreDataAdapter.ensureDB(PostgreDataAdapter.java:92)
	at lsfusion.server.data.sql.adapter.DataAdapter.ensure(DataAdapter.java:68)
	at lsfusion.server.physics.exec.db.controller.manager.DBManager.lambda$4(DBManager.java:215)
	at lsfusion.server.physics.exec.db.table.ImplementTable.reflectionStatProps(ImplementTable.java:509)
	at lsfusion.server.physics.exec.db.controller.manager.DBManager.initReflectionEvents(DBManager.java:212)
	... 8 more
03 Jul 2024 14:39:44,068 ERROR StartLogger - FATAL: password authentication failed for user "postgres" (host: localhost:5432, user: postgres)
03 Jul 2024 14:39:44,080 ERROR StartLogger - Exception while starting logics instance: 
java.lang.RuntimeException: org.postgresql.util.PSQLException: FATAL: password authentication failed for user "postgres"
	at lsfusion.server.physics.exec.db.controller.manager.DBManager.initReflectionEvents(DBManager.java:234)
	at lsfusion.server.physics.admin.reflection.controller.init.InitReflectionEventsTask.run(InitReflectionEventsTask.java:13)
	at lsfusion.server.base.task.Task.proceed(Task.java:154)
	at lsfusion.server.base.task.Task$1.aspectRun(Task.java:112)
	at lsfusion.server.base.controller.thread.ExecutorFactory$AspectRunnable.run(ExecutorFactory.java:475)
	at java.base/java.util.concurrent.ThreadPoolExecutor.runWorker(ThreadPoolExecutor.java:1136)
	at java.base/java.util.concurrent.ThreadPoolExecutor$Worker.run(ThreadPoolExecutor.java:635)
	at java.base/java.lang.Thread.run(Thread.java:833)
	at lsfusion.server.base.controller.thread.ExecutorFactory$ClosableDaemonThreadFactory$ClosableThread.run(ExecutorFactory.java:554)
Caused by: org.postgresql.util.PSQLException: FATAL: password authentication failed for user "postgres"
	at org.postgresql.core.v3.ConnectionFactoryImpl.doAuthentication(ConnectionFactoryImpl.java:520)
	at org.postgresql.core.v3.ConnectionFactoryImpl.tryConnect(ConnectionFactoryImpl.java:141)
	at org.postgresql.core.v3.ConnectionFactoryImpl.openConnectionImpl(ConnectionFactoryImpl.java:192)
	at org.postgresql.core.ConnectionFactory.openConnection(ConnectionFactory.java:49)
	at org.postgresql.jdbc.PgConnection.<init>(PgConnection.java:195)
	at org.postgresql.Driver.makeConnection(Driver.java:458)
	at org.postgresql.Driver.connect(Driver.java:260)
	at java.sql/java.sql.DriverManager.getConnection(DriverManager.java:683)
	at java.sql/java.sql.DriverManager.getConnection(DriverManager.java:253)
	at lsfusion.server.data.sql.adapter.PostgreDataAdapter.getConnection(PostgreDataAdapter.java:75)
	at lsfusion.server.data.sql.adapter.PostgreDataAdapter.ensureDB(PostgreDataAdapter.java:92)
	at lsfusion.server.data.sql.adapter.DataAdapter.ensure(DataAdapter.java:68)
	at lsfusion.server.physics.exec.db.controller.manager.DBManager.lambda$4(DBManager.java:215)
	at lsfusion.server.physics.exec.db.table.ImplementTable.reflectionStatProps(ImplementTable.java:509)
	at lsfusion.server.physics.exec.db.controller.manager.DBManager.initReflectionEvents(DBManager.java:212)
	... 8 more
03 Jul 2024 14:43:35,075 ERROR StartLogger - FATAL: password authentication failed for user "postgres" (host: localhost:5432, user: postgres)
03 Jul 2024 14:43:35,095 ERROR StartLogger - Exception while starting logics instance: 
java.lang.RuntimeException: org.postgresql.util.PSQLException: FATAL: password authentication failed for user "postgres"
	at lsfusion.server.physics.exec.db.controller.manager.DBManager.initReflectionEvents(DBManager.java:234)
	at lsfusion.server.physics.admin.reflection.controller.init.InitReflectionEventsTask.run(InitReflectionEventsTask.java:13)
	at lsfusion.server.base.task.Task.proceed(Task.java:154)
	at lsfusion.server.base.task.Task$1.aspectRun(Task.java:112)
	at lsfusion.server.base.controller.thread.ExecutorFactory$AspectRunnable.run(ExecutorFactory.java:475)
	at java.base/java.util.concurrent.ThreadPoolExecutor.runWorker(ThreadPoolExecutor.java:1136)
	at java.base/java.util.concurrent.ThreadPoolExecutor$Worker.run(ThreadPoolExecutor.java:635)
	at java.base/java.lang.Thread.run(Thread.java:833)
	at lsfusion.server.base.controller.thread.ExecutorFactory$ClosableDaemonThreadFactory$ClosableThread.run(ExecutorFactory.java:554)
Caused by: org.postgresql.util.PSQLException: FATAL: password authentication failed for user "postgres"
	at org.postgresql.core.v3.ConnectionFactoryImpl.doAuthentication(ConnectionFactoryImpl.java:520)
	at org.postgresql.core.v3.ConnectionFactoryImpl.tryConnect(ConnectionFactoryImpl.java:141)
	at org.postgresql.core.v3.ConnectionFactoryImpl.openConnectionImpl(ConnectionFactoryImpl.java:192)
	at org.postgresql.core.ConnectionFactory.openConnection(ConnectionFactory.java:49)
	at org.postgresql.jdbc.PgConnection.<init>(PgConnection.java:195)
	at org.postgresql.Driver.makeConnection(Driver.java:458)
	at org.postgresql.Driver.connect(Driver.java:260)
	at java.sql/java.sql.DriverManager.getConnection(DriverManager.java:683)
	at java.sql/java.sql.DriverManager.getConnection(DriverManager.java:253)
	at lsfusion.server.data.sql.adapter.PostgreDataAdapter.getConnection(PostgreDataAdapter.java:75)
	at lsfusion.server.data.sql.adapter.PostgreDataAdapter.ensureDB(PostgreDataAdapter.java:92)
	at lsfusion.server.data.sql.adapter.DataAdapter.ensure(DataAdapter.java:68)
	at lsfusion.server.physics.exec.db.controller.manager.DBManager.lambda$4(DBManager.java:215)
	at lsfusion.server.physics.exec.db.table.ImplementTable.reflectionStatProps(ImplementTable.java:509)
	at lsfusion.server.physics.exec.db.controller.manager.DBManager.initReflectionEvents(DBManager.java:212)
	... 8 more
03 Jul 2024 14:45:27,488 ERROR StartLogger - FATAL: password authentication failed for user "postgres" (host: localhost:5432, user: postgres)
03 Jul 2024 14:45:27,499 ERROR StartLogger - Exception while starting logics instance: 
java.lang.RuntimeException: org.postgresql.util.PSQLException: FATAL: password authentication failed for user "postgres"
	at lsfusion.server.physics.exec.db.controller.manager.DBManager.initReflectionEvents(DBManager.java:234)
	at lsfusion.server.physics.admin.reflection.controller.init.InitReflectionEventsTask.run(InitReflectionEventsTask.java:13)
	at lsfusion.server.base.task.Task.proceed(Task.java:154)
	at lsfusion.server.base.task.Task$1.aspectRun(Task.java:112)
	at lsfusion.server.base.controller.thread.ExecutorFactory$AspectRunnable.run(ExecutorFactory.java:475)
	at java.base/java.util.concurrent.ThreadPoolExecutor.runWorker(ThreadPoolExecutor.java:1136)
	at java.base/java.util.concurrent.ThreadPoolExecutor$Worker.run(ThreadPoolExecutor.java:635)
	at java.base/java.lang.Thread.run(Thread.java:833)
	at lsfusion.server.base.controller.thread.ExecutorFactory$ClosableDaemonThreadFactory$ClosableThread.run(ExecutorFactory.java:554)
Caused by: org.postgresql.util.PSQLException: FATAL: password authentication failed for user "postgres"
	at org.postgresql.core.v3.ConnectionFactoryImpl.doAuthentication(ConnectionFactoryImpl.java:520)
	at org.postgresql.core.v3.ConnectionFactoryImpl.tryConnect(ConnectionFactoryImpl.java:141)
	at org.postgresql.core.v3.ConnectionFactoryImpl.openConnectionImpl(ConnectionFactoryImpl.java:192)
	at org.postgresql.core.ConnectionFactory.openConnection(ConnectionFactory.java:49)
	at org.postgresql.jdbc.PgConnection.<init>(PgConnection.java:195)
	at org.postgresql.Driver.makeConnection(Driver.java:458)
	at org.postgresql.Driver.connect(Driver.java:260)
	at java.sql/java.sql.DriverManager.getConnection(DriverManager.java:683)
	at java.sql/java.sql.DriverManager.getConnection(DriverManager.java:253)
	at lsfusion.server.data.sql.adapter.PostgreDataAdapter.getConnection(PostgreDataAdapter.java:75)
	at lsfusion.server.data.sql.adapter.PostgreDataAdapter.ensureDB(PostgreDataAdapter.java:92)
	at lsfusion.server.data.sql.adapter.DataAdapter.ensure(DataAdapter.java:68)
	at lsfusion.server.physics.exec.db.controller.manager.DBManager.lambda$4(DBManager.java:215)
	at lsfusion.server.physics.exec.db.table.ImplementTable.reflectionStatProps(ImplementTable.java:509)
	at lsfusion.server.physics.exec.db.controller.manager.DBManager.initReflectionEvents(DBManager.java:212)
	... 8 more
